#
# A fatal error has been detected by the Java Runtime Environment:
#
#  SIGSEGV (0xb) at pc=0x00007f3a35e24f4e, pid=18996, tid=139887995852544
#
# JRE version: 7.0_15-b03
# Java VM: Java HotSpot(TM) 64-Bit Server VM (23.7-b01 mixed mode linux-amd64 compressed oops)
# Problematic frame:
# C  [libaetpkss.so+0x1a6f4e]  RegFile::SetValue(void*, char const*, unsigned int, unsigned char*, unsigned int)+0x760
#
# Failed to write core dump. Core dumps have been disabled. To enable core dumping, try "ulimit -c unlimited" before starting Java again
#
# If you would like to submit a bug report, please visit:
#   http://bugreport.sun.com/bugreport/crash.jsp
# The crash happened outside the Java Virtual Machine in native code.
# See problematic frame for where to report the bug.
#

---------------  T H R E A D  ---------------

Current thread (0x00007f3a3c5ca000):  JavaThread "pool-1-thread-1" [_thread_in_native, id=19026, stack(0x00007f3a363d1000,0x00007f3a364d2000)]

siginfo:si_signo=SIGSEGV: si_errno=0, si_code=1 (SEGV_MAPERR), si_addr=0x0000000000032b23

Registers:
RAX=0x0000000000032b23, RBX=0x00007f3a0c00d5b0, RCX=0xffffffffffffffff, RDX=0x0000000000000000
RSP=0x00007f3a364cfe50, RBP=0x0000000000000044, RSI=0x00007f3a0c00f5e0, RDI=0x0000000000000000
R8 =0x0000000000000003, R9 =0x0000000000021000, R10=0x00007f3a364cfbf0, R11=0x0000000000000000
R12=0x0000000000032b23, R13=0x0000000080000002, R14=0x0000000000000001, R15=0x00007f3a3c5ca000
RIP=0x00007f3a35e24f4e, EFLAGS=0x0000000000010217, CSGSFS=0x0000000000000033, ERR=0x0000000000000006
  TRAPNO=0x000000000000000e

Top of Stack: (sp=0x00007f3a364cfe50)
0x00007f3a364cfe50:   0000000000000801 0000000000300af3
0x00007f3a364cfe60:   0000000000000001 00000000000081a4
0x00007f3a364cfe70:   0000000000000000 0000000000000000
0x00007f3a364cfe80:   0000000000032b23 0000000000001000
0x00007f3a364cfe90:   0000000000000198 000000005127e8d3
0x00007f3a364cfea0:   0000000000000000 000000004c592f5e
0x00007f3a364cfeb0:   0000000000000000 000000005127e8d3
0x00007f3a364cfec0:   0000000015b3f700 0000000000000000
0x00007f3a364cfed0:   0000000000000000 0000000000000000
0x00007f3a364cfee0:   6661732f6374652f 65722f6e67697365
0x00007f3a364cfef0:   7200797274736967 0079727473696765
0x00007f3a364cff00:   0000000000000000 0000000000000000
0x00007f3a364cff10:   0000000000000000 0000000000000000
0x00007f3a364cff20:   0000000000000000 0000000000000000
0x00007f3a364cff30:   0000000000000000 0000000000000000
0x00007f3a364cff40:   0000000000000000 0000000000000000
0x00007f3a364cff50:   0000000000000000 0000000000000000
0x00007f3a364cff60:   0000000000000000 0000000000000000
0x00007f3a364cff70:   0000000000000000 0000000000000000
0x00007f3a364cff80:   0000000000000000 0000000000000000
0x00007f3a364cff90:   0000000000000000 0000000000000000
0x00007f3a364cffa0:   0000000000000000 0000000000000000
0x00007f3a364cffb0:   0000000000000000 0000000000000000
0x00007f3a364cffc0:   0000000000000000 0000000000000000
0x00007f3a364cffd0:   0000000000000000 0000000000000000
0x00007f3a364cffe0:   0000000000000000 05685762a6b70f00
0x00007f3a364cfff0:   00007f3a364d0210 00007f3a364d03e0
0x00007f3a364d0000:   0000000000020019 00007f3a35e253c0
0x00007f3a364d0010:   00007f3a364d0150 00007f3a35c96cd8
0x00007f3a364d0020:   0000000000000000 00007f3a35e255e2
0x00007f3a364d0030:   0000000000000000 00007f3a0c00cf68
0x00007f3a364d0040:   00007f3a364d0080 00007f3a35e33c85 

Instructions: (pc=0x00007f3a35e24f4e)
0x00007f3a35e24f2e:   ff 48 c7 43 08 00 00 00 00 b8 f8 03 00 00 eb 16
0x00007f3a35e24f3e:   89 ef e8 63 48 f2 ff 48 8b 44 24 30 48 8b 53 08
0x00007f3a35e24f4e:   c6 04 02 00 31 c0 48 8b 94 24 98 01 00 00 64 48
0x00007f3a35e24f5e:   33 14 25 28 00 00 00 74 1d eb 16 e8 34 fd ff ff 

Register to memory mapping:

RAX=0x0000000000032b23 is an unknown value
RBX=0x00007f3a0c00d5b0 is an unknown value
RCX=0xffffffffffffffff is an unknown value
RDX=0x0000000000000000 is an unknown value
RSP=0x00007f3a364cfe50 is pointing into the stack for thread: 0x00007f3a3c5ca000
RBP=0x0000000000000044 is an unknown value
RSI=0x00007f3a0c00f5e0 is an unknown value
RDI=0x0000000000000000 is an unknown value
R8 =0x0000000000000003 is an unknown value
R9 =0x0000000000021000 is an unknown value
R10=0x00007f3a364cfbf0 is pointing into the stack for thread: 0x00007f3a3c5ca000
R11=0x0000000000000000 is an unknown value
R12=0x0000000000032b23 is an unknown value
R13=0x0000000080000002 is an unknown value
R14=0x0000000000000001 is an unknown value
R15=0x00007f3a3c5ca000 is a thread


Stack: [0x00007f3a363d1000,0x00007f3a364d2000],  sp=0x00007f3a364cfe50,  free space=1019k
Native frames: (J=compiled Java code, j=interpreted, Vv=VM code, C=native code)
C  [libaetpkss.so+0x1a6f4e]  RegFile::SetValue(void*, char const*, unsigned int, unsigned char*, unsigned int)+0x760

Java frames: (J=compiled Java code, j=interpreted, Vv=VM code)
j  iaik.pkcs.pkcs11.wrapper.PKCS11Implementation.C_Initialize(Ljava/lang/Object;)V+0
j  iaik.pkcs.pkcs11.Module.initialize(Liaik/pkcs/pkcs11/InitializeArgs;)V+163
j  tc.fab.mechanisms.TokenInfo.getAliases(Ljava/lang/String;)Ljava/util/ArrayList;+58
j  tc.fab.firma.app.dialogs.SignDocumentDialog$FillAliasesTask.doInBackground()Ljava/lang/Void;+25
j  tc.fab.firma.app.dialogs.SignDocumentDialog$FillAliasesTask.doInBackground()Ljava/lang/Object;+1
j  javax.swing.SwingWorker$1.call()Ljava/lang/Object;+14
j  java.util.concurrent.FutureTask$Sync.innerRun()V+29
j  java.util.concurrent.FutureTask.run()V+4
j  javax.swing.SwingWorker.run()V+4
j  java.util.concurrent.ThreadPoolExecutor.runWorker(Ljava/util/concurrent/ThreadPoolExecutor$Worker;)V+95
j  java.util.concurrent.ThreadPoolExecutor$Worker.run()V+5
j  java.lang.Thread.run()V+11
v  ~StubRoutines::call_stub

---------------  P R O C E S S  ---------------

Java Threads: ( => current thread )
  0x00007f3a3c5d3800 JavaThread "pool-1-thread-2" [_thread_in_vm, id=19027, stack(0x00007f3a362d0000,0x00007f3a363d1000)]
=>0x00007f3a3c5ca000 JavaThread "pool-1-thread-1" [_thread_in_native, id=19026, stack(0x00007f3a363d1000,0x00007f3a364d2000)]
  0x00007f3a3c630000 JavaThread "Trident pulse source thread" daemon [_thread_blocked, id=19025, stack(0x00007f3a36719000,0x00007f3a3681a000)]
  0x00007f3a3c62f000 JavaThread "Trident callback thread" daemon [_thread_blocked, id=19024, stack(0x00007f3a3681a000,0x00007f3a3691b000)]
  0x00007f3a1c002000 JavaThread "TimerQueue" daemon [_thread_blocked, id=19023, stack(0x00007f3a3691b000,0x00007f3a36a1c000)]
  0x00007f3a3c57b800 JavaThread "SwingWorker-pool-2-thread-1" daemon [_thread_blocked, id=19022, stack(0x00007f3a36a1c000,0x00007f3a36b1d000)]
  0x00007f3a3c4a6800 JavaThread "Image Fetcher 0" daemon [_thread_blocked, id=19021, stack(0x00007f3a36fc9000,0x00007f3a370ca000)]
  0x00007f3a3c2eb800 JavaThread "com.google.inject.internal.util.$Finalizer" daemon [_thread_blocked, id=19020, stack(0x00007f3a370ca000,0x00007f3a371cb000)]
  0x00007f3a8c00a800 JavaThread "DestroyJavaVM" [_thread_blocked, id=19001, stack(0x00007f3a92cd7000,0x00007f3a92dd8000)]
  0x00007f3a8c3b5800 JavaThread "AWT-EventQueue-0" [_thread_in_native, id=19017, stack(0x00007f3a7b8ec000,0x00007f3a7b9ed000)]
  0x00007f3a8c3b4000 JavaThread "AWT-Shutdown" [_thread_blocked, id=19016, stack(0x00007f3a7b9ed000,0x00007f3a7baee000)]
  0x00007f3a8c3af000 JavaThread "AWT-XAWT" daemon [_thread_blocked, id=19015, stack(0x00007f3a7baee000,0x00007f3a7bbef000)]
  0x00007f3a8c383800 JavaThread "Java2D Disposer" daemon [_thread_blocked, id=19014, stack(0x00007f3a80034000,0x00007f3a80135000)]
  0x00007f3a8c0f2800 JavaThread "Service Thread" daemon [_thread_blocked, id=19012, stack(0x00007f3a81a12000,0x00007f3a81b13000)]
  0x00007f3a8c0f0800 JavaThread "C2 CompilerThread1" daemon [_thread_in_native, id=19011, stack(0x00007f3a81b13000,0x00007f3a81c14000)]
  0x00007f3a8c0ed800 JavaThread "C2 CompilerThread0" daemon [_thread_blocked, id=19010, stack(0x00007f3a81c14000,0x00007f3a81d15000)]
  0x00007f3a8c0eb000 JavaThread "Signal Dispatcher" daemon [_thread_blocked, id=19009, stack(0x00007f3a81d15000,0x00007f3a81e16000)]
  0x00007f3a8c09d800 JavaThread "Finalizer" daemon [_thread_blocked, id=19008, stack(0x00007f3a820e1000,0x00007f3a821e2000)]
  0x00007f3a8c09b000 JavaThread "Reference Handler" daemon [_thread_blocked, id=19007, stack(0x00007f3a821e2000,0x00007f3a822e3000)]

Other Threads:
  0x00007f3a8c093800 VMThread [stack: 0x00007f3a822e3000,0x00007f3a823e4000] [id=19006]
  0x00007f3a8c105800 WatcherThread [stack: 0x00007f3a81911000,0x00007f3a81a12000] [id=19013]

VM state:at safepoint (normal execution)

VM Mutex/Monitor currently owned by a thread:  ([mutex/lock_event])
[0x00007f3a8c0069d0] Safepoint_lock - owner thread: 0x00007f3a8c093800
[0x00007f3a8c006a50] Threads_lock - owner thread: 0x00007f3a8c093800
[0x00007f3a8c006f50] Heap_lock - owner thread: 0x00007f3a3c5d3800

Heap
 PSYoungGen      total 36800K, used 35914K [0x00000007d6e00000, 0x00000007d9710000, 0x0000000800000000)
  eden space 31552K, 100% used [0x00000007d6e00000,0x00000007d8cd0000,0x00000007d8cd0000)
  from space 5248K, 83% used [0x00000007d8cd0000,0x00000007d9112910,0x00000007d91f0000)
  to   space 5248K, 0% used [0x00000007d91f0000,0x00000007d91f0000,0x00000007d9710000)
 ParOldGen       total 84224K, used 8K [0x0000000784a00000, 0x0000000789c40000, 0x00000007d6e00000)
  object space 84224K, 0% used [0x0000000784a00000,0x0000000784a02000,0x0000000789c40000)
 PSPermGen       total 22976K, used 22972K [0x000000077f800000, 0x0000000780e70000, 0x0000000784a00000)
  object space 22976K, 99% used [0x000000077f800000,0x0000000780e6f190,0x0000000780e70000)

Card table byte_map: [0x00007f3a88bfb000,0x00007f3a89000000] byte_map_base: 0x00007f3a84fff000

Polling page: 0x00007f3a92df5000

Code Cache  [0x00007f3a89000000, 0x00007f3a89270000, 0x00007f3a8c000000)
 total_blobs=793 nmethods=212 adapters=533 free_code_cache=48077Kb largest_free_block=49208064

Compilation events (10 events):
Event: 3,430 Thread 0x00007f3a8c0ed800 nmethod 211 0x00007f3a89104750 code [0x00007f3a891048a0, 0x00007f3a891049e8]
Event: 3,439 Thread 0x00007f3a8c0f0800    4 % !         java.util.jar.Attributes::read @ 177 (410 bytes)
Event: 3,444 Thread 0x00007f3a8c0ed800  213             java.util.zip.ZipCoder::getBytes (192 bytes)
Event: 3,456 Thread 0x00007f3a8c0ed800 nmethod 213 0x00007f3a89105250 code [0x00007f3a89105460, 0x00007f3a89105bc0]
Event: 3,456 Thread 0x00007f3a8c0ed800  214             java.util.zip.ZipCoder::encoder (35 bytes)
Event: 3,458 Thread 0x00007f3a8c0ed800 nmethod 214 0x00007f3a89110810 code [0x00007f3a89110980, 0x00007f3a89110ae8]
Event: 3,458 Thread 0x00007f3a8c0ed800  215             java.util.logging.Level::intValue (5 bytes)
Event: 3,459 Thread 0x00007f3a8c0ed800 nmethod 215 0x00007f3a89105050 code [0x00007f3a89105180, 0x00007f3a891051d8]
Event: 3,459 Thread 0x00007f3a8c0ed800  216             sun.util.logging.LoggingSupport::ensureAvailable (17 bytes)
Event: 3,459 Thread 0x00007f3a8c0ed800 nmethod 216 0x00007f3a89098b90 code [0x00007f3a89098cc0, 0x00007f3a89098cf8]

GC Heap History (2 events):
Event: 1,075 GC heap before
{Heap before GC invocations=1 (full 0):
 PSYoungGen      total 36800K, used 31552K [0x00000007d6e00000, 0x00000007d9710000, 0x0000000800000000)
  eden space 31552K, 100% used [0x00000007d6e00000,0x00000007d8cd0000,0x00000007d8cd0000)
  from space 5248K, 0% used [0x00000007d91f0000,0x00000007d91f0000,0x00000007d9710000)
  to   space 5248K, 0% used [0x00000007d8cd0000,0x00000007d8cd0000,0x00000007d91f0000)
 ParOldGen       total 84224K, used 0K [0x0000000784a00000, 0x0000000789c40000, 0x00000007d6e00000)
  object space 84224K, 0% used [0x0000000784a00000,0x0000000784a00000,0x0000000789c40000)
 PSPermGen       total 21248K, used 12401K [0x000000077f800000, 0x0000000780cc0000, 0x0000000784a00000)
  object space 21248K, 58% used [0x000000077f800000,0x000000078041c4e8,0x0000000780cc0000)
Event: 1,083 GC heap after
Heap after GC invocations=1 (full 0):
 PSYoungGen      total 36800K, used 4362K [0x00000007d6e00000, 0x00000007d9710000, 0x0000000800000000)
  eden space 31552K, 0% used [0x00000007d6e00000,0x00000007d6e00000,0x00000007d8cd0000)
  from space 5248K, 83% used [0x00000007d8cd0000,0x00000007d9112910,0x00000007d91f0000)
  to   space 5248K, 0% used [0x00000007d91f0000,0x00000007d91f0000,0x00000007d9710000)
 ParOldGen       total 84224K, used 8K [0x0000000784a00000, 0x0000000789c40000, 0x00000007d6e00000)
  object space 84224K, 0% used [0x0000000784a00000,0x0000000784a02000,0x0000000789c40000)
 PSPermGen       total 21248K, used 12401K [0x000000077f800000, 0x0000000780cc0000, 0x0000000784a00000)
  object space 21248K, 58% used [0x000000077f800000,0x000000078041c4e8,0x0000000780cc0000)
}

Deoptimization events (10 events):
Event: 1,400 Thread 0x00007f3a8c3b5800 Uncommon trap -12 fr.pc 0x00007f3a890e2bc0
Event: 1,599 Thread 0x00007f3a8c3b5800 Uncommon trap -34 fr.pc 0x00007f3a89084058
Event: 1,599 Thread 0x00007f3a8c3b5800 Uncommon trap -34 fr.pc 0x00007f3a89084058
Event: 1,600 Thread 0x00007f3a8c3b5800 Uncommon trap -34 fr.pc 0x00007f3a89084058
Event: 1,600 Thread 0x00007f3a8c3b5800 Uncommon trap -34 fr.pc 0x00007f3a89084058
Event: 3,184 Thread 0x00007f3a8c3b5800 Uncommon trap -58 fr.pc 0x00007f3a89085e64
Event: 3,186 Thread 0x00007f3a8c3b5800 Uncommon trap -58 fr.pc 0x00007f3a89085e64
Event: 3,190 Thread 0x00007f3a8c3b5800 Uncommon trap -58 fr.pc 0x00007f3a89085e64
Event: 3,190 Thread 0x00007f3a8c3b5800 Uncommon trap -58 fr.pc 0x00007f3a89085e64
Event: 3,439 Thread 0x00007f3a3c5d3800 Uncommon trap -12 fr.pc 0x00007f3a8910aaa8

Internal exceptions (10 events):
Event: 3,443 Thread 0x00007f3a3c5d3800 Threw 0x00000007d8c528d8 at /HUDSON/workspace/jdk7u15-2-build-linux-amd64-product/jdk7u15/hotspot/src/share/vm/prims/jvm.cpp:1166
Event: 3,444 Thread 0x00007f3a3c5d3800 Threw 0x00000007d8c59f00 at /HUDSON/workspace/jdk7u15-2-build-linux-amd64-product/jdk7u15/hotspot/src/share/vm/prims/jvm.cpp:1166
Event: 3,446 Thread 0x00007f3a3c5ca000 Threw 0x00000007d8bee160 at /HUDSON/workspace/jdk7u15-2-build-linux-amd64-product/jdk7u15/hotspot/src/share/vm/prims/jvm.cpp:1166
Event: 3,447 Thread 0x00007f3a3c5ca000 Threw 0x00000007d8bf38e8 at /HUDSON/workspace/jdk7u15-2-build-linux-amd64-product/jdk7u15/hotspot/src/share/vm/prims/jvm.cpp:1166
Event: 3,448 Thread 0x00007f3a3c5ca000 Threw 0x00000007d8bf62a8 at /HUDSON/workspace/jdk7u15-2-build-linux-amd64-product/jdk7u15/hotspot/src/share/vm/prims/jvm.cpp:1166
Event: 3,448 Thread 0x00007f3a3c5ca000 Threw 0x00000007d8bf8ac0 at /HUDSON/workspace/jdk7u15-2-build-linux-amd64-product/jdk7u15/hotspot/src/share/vm/prims/jvm.cpp:1166
Event: 3,449 Thread 0x00007f3a3c5ca000 Threw 0x00000007d8bfb0b8 at /HUDSON/workspace/jdk7u15-2-build-linux-amd64-product/jdk7u15/hotspot/src/share/vm/prims/jvm.cpp:1166
Event: 3,449 Thread 0x00007f3a3c5ca000 Threw 0x00000007d8bfd890 at /HUDSON/workspace/jdk7u15-2-build-linux-amd64-product/jdk7u15/hotspot/src/share/vm/prims/jvm.cpp:1166
Event: 3,450 Thread 0x00007f3a3c5ca000 Threw 0x00000007d8c00528 at /HUDSON/workspace/jdk7u15-2-build-linux-amd64-product/jdk7u15/hotspot/src/share/vm/prims/jvm.cpp:1166
Event: 3,450 Thread 0x00007f3a3c5ca000 Threw 0x00000007d8c05bf8 at /HUDSON/workspace/jdk7u15-2-build-linux-amd64-product/jdk7u15/hotspot/src/share/vm/prims/jvm.cpp:1166

Events (10 events):
Event: 3,461 loading class 0x00007f3a3c251be0
Event: 3,461 loading class 0x00007f3a3c251be0 done
Event: 3,461 loading class 0x00007f3a3c5e2400
Event: 3,461 loading class 0x00007f3a3c5e2400 done
Event: 3,461 loading class 0x00007f3a3c2519f0
Event: 3,462 loading class 0x00007f3a3c2519f0 done
Event: 3,462 loading class 0x00007f3a3c5e2440
Event: 3,462 loading class 0x00007f3a3c5e2440 done
Event: 3,462 loading class 0x00007f3a3c55dfb0
Event: 3,462 loading class 0x00007f3a3c55dfb0 done


Dynamic libraries:
00400000-00401000 r-xp 00000000 08:01 1188113                            /usr/lib/jvm/java-7-oracle/bin/java
00600000-00601000 rw-p 00000000 08:01 1188113                            /usr/lib/jvm/java-7-oracle/bin/java
01ae2000-01b03000 rw-p 00000000 00:00 0                                  [heap]
77f800000-780e70000 rw-p 00000000 00:00 0 
780e70000-784a00000 rw-p 00000000 00:00 0 
784a00000-789c40000 rw-p 00000000 00:00 0 
789c40000-7d6e00000 rw-p 00000000 00:00 0 
7d6e00000-7d9710000 rw-p 00000000 00:00 0 
7d9710000-800000000 rw-p 00000000 00:00 0 
7f3a04000000-7f3a04021000 rw-p 00000000 00:00 0 
7f3a04021000-7f3a08000000 ---p 00000000 00:00 0 
7f3a0c000000-7f3a0c07a000 rw-p 00000000 00:00 0 
7f3a0c07a000-7f3a10000000 ---p 00000000 00:00 0 
7f3a10000000-7f3a10061000 rw-p 00000000 00:00 0 
7f3a10061000-7f3a14000000 ---p 00000000 00:00 0 
7f3a14000000-7f3a14021000 rw-p 00000000 00:00 0 
7f3a14021000-7f3a18000000 ---p 00000000 00:00 0 
7f3a18000000-7f3a18021000 rw-p 00000000 00:00 0 
7f3a18021000-7f3a1c000000 ---p 00000000 00:00 0 
7f3a1c000000-7f3a1c021000 rw-p 00000000 00:00 0 
7f3a1c021000-7f3a20000000 ---p 00000000 00:00 0 
7f3a20000000-7f3a20021000 rw-p 00000000 00:00 0 
7f3a20021000-7f3a24000000 ---p 00000000 00:00 0 
7f3a24000000-7f3a24021000 rw-p 00000000 00:00 0 
7f3a24021000-7f3a28000000 ---p 00000000 00:00 0 
7f3a28000000-7f3a280a0000 rw-p 00000000 00:00 0 
7f3a280a0000-7f3a2c000000 ---p 00000000 00:00 0 
7f3a2c000000-7f3a2c022000 rw-p 00000000 00:00 0 
7f3a2c022000-7f3a30000000 ---p 00000000 00:00 0 
7f3a30000000-7f3a30021000 rw-p 00000000 00:00 0 
7f3a30021000-7f3a34000000 ---p 00000000 00:00 0 
7f3a3498f000-7f3a34990000 ---p 00000000 00:00 0 
7f3a34990000-7f3a35190000 rw-p 00000000 00:00 0                          [stack:19029]
7f3a35190000-7f3a35275000 r-xp 00000000 08:01 656096                     /usr/lib/x86_64-linux-gnu/libstdc++.so.6.0.17
7f3a35275000-7f3a35474000 ---p 000e5000 08:01 656096                     /usr/lib/x86_64-linux-gnu/libstdc++.so.6.0.17
7f3a35474000-7f3a3547c000 r--p 000e4000 08:01 656096                     /usr/lib/x86_64-linux-gnu/libstdc++.so.6.0.17
7f3a3547c000-7f3a3547e000 rw-p 000ec000 08:01 656096                     /usr/lib/x86_64-linux-gnu/libstdc++.so.6.0.17
7f3a3547e000-7f3a35493000 rw-p 00000000 00:00 0 
7f3a35493000-7f3a355f8000 r-xp 00000000 08:01 2362000                    /lib/x86_64-linux-gnu/libcrypto.so.0.9.8
7f3a355f8000-7f3a357f7000 ---p 00165000 08:01 2362000                    /lib/x86_64-linux-gnu/libcrypto.so.0.9.8
7f3a357f7000-7f3a35804000 r--p 00164000 08:01 2362000                    /lib/x86_64-linux-gnu/libcrypto.so.0.9.8
7f3a35804000-7f3a3581d000 rw-p 00171000 08:01 2362000                    /lib/x86_64-linux-gnu/libcrypto.so.0.9.8
7f3a3581d000-7f3a35820000 rw-p 00000000 00:00 0 
7f3a35820000-7f3a3586c000 r-xp 00000000 08:01 2361998                    /lib/x86_64-linux-gnu/libssl.so.0.9.8
7f3a3586c000-7f3a35a6c000 ---p 0004c000 08:01 2361998                    /lib/x86_64-linux-gnu/libssl.so.0.9.8
7f3a35a6c000-7f3a35a6d000 r--p 0004c000 08:01 2361998                    /lib/x86_64-linux-gnu/libssl.so.0.9.8
7f3a35a6d000-7f3a35a73000 rw-p 0004d000 08:01 2361998                    /lib/x86_64-linux-gnu/libssl.so.0.9.8
7f3a35a73000-7f3a35a7d000 r-xp 00000000 08:01 2363138                    /lib/x86_64-linux-gnu/libpcsclite.so.1.0.0
7f3a35a7d000-7f3a35c7c000 ---p 0000a000 08:01 2363138                    /lib/x86_64-linux-gnu/libpcsclite.so.1.0.0
7f3a35c7c000-7f3a35c7d000 r--p 00009000 08:01 2363138                    /lib/x86_64-linux-gnu/libpcsclite.so.1.0.0
7f3a35c7d000-7f3a35c7e000 rw-p 0000a000 08:01 2363138                    /lib/x86_64-linux-gnu/libpcsclite.so.1.0.0
7f3a35c7e000-7f3a35e94000 r-xp 00000000 08:01 662826                     /usr/lib/libaetpkss.so.3.0.2166
7f3a35e94000-7f3a36094000 ---p 00216000 08:01 662826                     /usr/lib/libaetpkss.so.3.0.2166
7f3a36094000-7f3a360a6000 r--p 00216000 08:01 662826                     /usr/lib/libaetpkss.so.3.0.2166
7f3a360a6000-7f3a360ac000 rw-p 00228000 08:01 662826                     /usr/lib/libaetpkss.so.3.0.2166
7f3a360ac000-7f3a360b0000 rw-p 00000000 00:00 0 
7f3a360b0000-7f3a360d0000 r-xp 00000000 08:01 792106                     /tmp/lib6060883288297535781wrapper
7f3a360d0000-7f3a362cf000 ---p 00020000 08:01 792106                     /tmp/lib6060883288297535781wrapper
7f3a362cf000-7f3a362d0000 rw-p 0001f000 08:01 792106                     /tmp/lib6060883288297535781wrapper
7f3a362d0000-7f3a362d3000 ---p 00000000 00:00 0 
7f3a362d3000-7f3a363d1000 rw-p 00000000 00:00 0                          [stack:19027]
7f3a363d1000-7f3a363d4000 ---p 00000000 00:00 0 
7f3a363d4000-7f3a364d2000 rw-p 00000000 00:00 0                          [stack:19026]
7f3a364d2000-7f3a36504000 r-xp 00000000 08:01 1188882                    /usr/lib/jvm/java-7-oracle/jre/lib/amd64/libsunec.so
7f3a36504000-7f3a36703000 ---p 00032000 08:01 1188882                    /usr/lib/jvm/java-7-oracle/jre/lib/amd64/libsunec.so
7f3a36703000-7f3a36709000 rw-p 00031000 08:01 1188882                    /usr/lib/jvm/java-7-oracle/jre/lib/amd64/libsunec.so
7f3a36709000-7f3a36719000 rw-p 00000000 00:00 0 
7f3a36719000-7f3a3671c000 ---p 00000000 00:00 0 
7f3a3671c000-7f3a3681a000 rw-p 00000000 00:00 0                          [stack:19025]
7f3a3681a000-7f3a3681d000 ---p 00000000 00:00 0 
7f3a3681d000-7f3a3691b000 rw-p 00000000 00:00 0                          [stack:19024]
7f3a3691b000-7f3a3691e000 ---p 00000000 00:00 0 
7f3a3691e000-7f3a36a1c000 rw-p 00000000 00:00 0                          [stack:19023]
7f3a36a1c000-7f3a36a1f000 ---p 00000000 00:00 0 
7f3a36a1f000-7f3a36b1d000 rw-p 00000000 00:00 0                          [stack:19022]
7f3a36b1d000-7f3a36b85000 r-xp 00000000 08:01 1188908                    /usr/lib/jvm/java-7-oracle/jre/lib/amd64/libt2k.so
7f3a36b85000-7f3a36d85000 ---p 00068000 08:01 1188908                    /usr/lib/jvm/java-7-oracle/jre/lib/amd64/libt2k.so
7f3a36d85000-7f3a36d8c000 rw-p 00068000 08:01 1188908                    /usr/lib/jvm/java-7-oracle/jre/lib/amd64/libt2k.so
7f3a36d8c000-7f3a36d9c000 rw-p 00000000 00:00 0 
7f3a36d9c000-7f3a36dc6000 r-xp 00000000 08:01 1188879                    /usr/lib/jvm/java-7-oracle/jre/lib/amd64/libdcpr.so
7f3a36dc6000-7f3a36fc6000 ---p 0002a000 08:01 1188879                    /usr/lib/jvm/java-7-oracle/jre/lib/amd64/libdcpr.so
7f3a36fc6000-7f3a36fc9000 rw-p 0002a000 08:01 1188879                    /usr/lib/jvm/java-7-oracle/jre/lib/amd64/libdcpr.so
7f3a36fc9000-7f3a36fcc000 ---p 00000000 00:00 0 
7f3a36fcc000-7f3a370ca000 rw-p 00000000 00:00 0                          [stack:19021]
7f3a370ca000-7f3a370cd000 ---p 00000000 00:00 0 
7f3a370cd000-7f3a371cb000 rw-p 00000000 00:00 0                          [stack:19020]
7f3a371cb000-7f3a371cc000 ---p 00000000 00:00 0 
7f3a371cc000-7f3a379cc000 rw-p 00000000 00:00 0                          [stack:19019]
7f3a379cc000-7f3a379e6000 r-xp 00000000 08:01 657015                     /usr/lib/x86_64-linux-gnu/libdbusmenu-glib.so.4.0.12
7f3a379e6000-7f3a37be5000 ---p 0001a000 08:01 657015                     /usr/lib/x86_64-linux-gnu/libdbusmenu-glib.so.4.0.12
7f3a37be5000-7f3a37be6000 r--p 00019000 08:01 657015                     /usr/lib/x86_64-linux-gnu/libdbusmenu-glib.so.4.0.12
7f3a37be6000-7f3a37be7000 rw-p 0001a000 08:01 657015                     /usr/lib/x86_64-linux-gnu/libdbusmenu-glib.so.4.0.12
7f3a37be7000-7f3a37bf9000 r-xp 00000000 08:01 656649                     /usr/lib/x86_64-linux-gnu/libdbusmenu-gtk.so.4.0.12
7f3a37bf9000-7f3a37df8000 ---p 00012000 08:01 656649                     /usr/lib/x86_64-linux-gnu/libdbusmenu-gtk.so.4.0.12
7f3a37df8000-7f3a37df9000 r--p 00011000 08:01 656649                     /usr/lib/x86_64-linux-gnu/libdbusmenu-gtk.so.4.0.12
7f3a37df9000-7f3a37dfa000 rw-p 00012000 08:01 656649                     /usr/lib/x86_64-linux-gnu/libdbusmenu-gtk.so.4.0.12
7f3a37dfa000-7f3a37dff000 r-xp 00000000 08:01 1059256                    /usr/lib/x86_64-linux-gnu/gtk-2.0/2.10.0/menuproxies/libappmenu.so
7f3a37dff000-7f3a37ffe000 ---p 00005000 08:01 1059256                    /usr/lib/x86_64-linux-gnu/gtk-2.0/2.10.0/menuproxies/libappmenu.so
7f3a37ffe000-7f3a37fff000 r--p 00004000 08:01 1059256                    /usr/lib/x86_64-linux-gnu/gtk-2.0/2.10.0/menuproxies/libappmenu.so
7f3a37fff000-7f3a38000000 rw-p 00005000 08:01 1059256                    /usr/lib/x86_64-linux-gnu/gtk-2.0/2.10.0/menuproxies/libappmenu.so
7f3a38000000-7f3a38021000 rw-p 00000000 00:00 0 
7f3a38021000-7f3a3c000000 ---p 00000000 00:00 0 
7f3a3c000000-7f3a3c700000 rw-p 00000000 00:00 0 
7f3a3c700000-7f3a40000000 ---p 00000000 00:00 0 
7f3a40000000-7f3a40021000 rw-p 00000000 00:00 0 
7f3a40021000-7f3a44000000 ---p 00000000 00:00 0 
7f3a44000000-7f3a44021000 rw-p 00000000 00:00 0 
7f3a44021000-7f3a48000000 ---p 00000000 00:00 0 
7f3a48000000-7f3a48021000 rw-p 00000000 00:00 0 
7f3a48021000-7f3a4c000000 ---p 00000000 00:00 0 
7f3a4c000000-7f3a4c021000 rw-p 00000000 00:00 0 
7f3a4c021000-7f3a50000000 ---p 00000000 00:00 0 
7f3a50000000-7f3a505dc000 rw-p 00000000 00:00 0 
7f3a505dc000-7f3a54000000 ---p 00000000 00:00 0 
7f3a54000000-7f3a5452f000 rw-p 00000000 00:00 0 
7f3a5452f000-7f3a58000000 ---p 00000000 00:00 0 
7f3a58000000-7f3a58021000 rw-p 00000000 00:00 0 
7f3a58021000-7f3a5c000000 ---p 00000000 00:00 0 
7f3a5c000000-7f3a5c021000 rw-p 00000000 00:00 0 
7f3a5c021000-7f3a60000000 ---p 00000000 00:00 0 
7f3a60000000-7f3a60021000 rw-p 00000000 00:00 0 
7f3a60021000-7f3a64000000 ---p 00000000 00:00 0 
7f3a640b9000-7f3a640ba000 ---p 00000000 00:00 0 
7f3a640ba000-7f3a648ba000 rw-p 00000000 00:00 0                          [stack:19018]
7f3a648ba000-7f3a648c6000 r-xp 00000000 08:01 2363177                    /lib/x86_64-linux-gnu/libudev.so.0.13.0
7f3a648c6000-7f3a64ac5000 ---p 0000c000 08:01 2363177                    /lib/x86_64-linux-gnu/libudev.so.0.13.0
7f3a64ac5000-7f3a64ac6000 r--p 0000b000 08:01 2363177                    /lib/x86_64-linux-gnu/libudev.so.0.13.0
7f3a64ac6000-7f3a64ac7000 rw-p 0000c000 08:01 2363177                    /lib/x86_64-linux-gnu/libudev.so.0.13.0
7f3a64ac7000-7f3a64afc000 r-xp 00000000 08:01 1049687                    /usr/lib/x86_64-linux-gnu/gvfs/libgvfscommon.so
7f3a64afc000-7f3a64cfc000 ---p 00035000 08:01 1049687                    /usr/lib/x86_64-linux-gnu/gvfs/libgvfscommon.so
7f3a64cfc000-7f3a64d01000 r--p 00035000 08:01 1049687                    /usr/lib/x86_64-linux-gnu/gvfs/libgvfscommon.so
7f3a64d01000-7f3a64d02000 rw-p 0003a000 08:01 1049687                    /usr/lib/x86_64-linux-gnu/gvfs/libgvfscommon.so
7f3a64d02000-7f3a64d31000 r-xp 00000000 08:01 1049732                    /usr/lib/x86_64-linux-gnu/gio/modules/libgvfsdbus.so
7f3a64d31000-7f3a64f30000 ---p 0002f000 08:01 1049732                    /usr/lib/x86_64-linux-gnu/gio/modules/libgvfsdbus.so
7f3a64f30000-7f3a64f31000 r--p 0002e000 08:01 1049732                    /usr/lib/x86_64-linux-gnu/gio/modules/libgvfsdbus.so
7f3a64f31000-7f3a64f33000 rw-p 0002f000 08:01 1049732                    /usr/lib/x86_64-linux-gnu/gio/modules/libgvfsdbus.so
7f3a64f33000-7f3a64f76000 r-xp 00000000 08:01 663659                     /usr/lib/x86_64-linux-gnu/libibus-1.0.so.0.402.0
7f3a64f76000-7f3a65175000 ---p 00043000 08:01 663659                     /usr/lib/x86_64-linux-gnu/libibus-1.0.so.0.402.0
7f3a65175000-7f3a65177000 r--p 00042000 08:01 663659                     /usr/lib/x86_64-linux-gnu/libibus-1.0.so.0.402.0
7f3a65177000-7f3a65178000 rw-p 00044000 08:01 663659                     /usr/lib/x86_64-linux-gnu/libibus-1.0.so.0.402.0
7f3a65178000-7f3a65179000 rw-p 00000000 00:00 0 
7f3a6518f000-7f3a65193000 r--s 00037000 08:01 1188251                    /usr/lib/jvm/java-7-oracle/jre/lib/ext/sunpkcs11.jar
7f3a65193000-7f3a65199000 r-xp 00000000 08:01 1049924                    /usr/lib/x86_64-linux-gnu/gtk-2.0/2.10.0/immodules/im-ibus.so
7f3a65199000-7f3a65398000 ---p 00006000 08:01 1049924                    /usr/lib/x86_64-linux-gnu/gtk-2.0/2.10.0/immodules/im-ibus.so
7f3a65398000-7f3a65399000 r--p 00005000 08:01 1049924                    /usr/lib/x86_64-linux-gnu/gtk-2.0/2.10.0/immodules/im-ibus.so
7f3a65399000-7f3a6539a000 rw-p 00006000 08:01 1049924                    /usr/lib/x86_64-linux-gnu/gtk-2.0/2.10.0/immodules/im-ibus.so
7f3a6539a000-7f3a653cd000 r--p 00000000 08:01 1442509                    /usr/share/fonts/truetype/Tahoma.ttf
7f3a653cd000-7f3a653cf000 r-xp 00000000 08:01 1050170                    /usr/lib/x86_64-linux-gnu/pango/1.6.0/modules/pango-basic-fc.so
7f3a653cf000-7f3a655ce000 ---p 00002000 08:01 1050170                    /usr/lib/x86_64-linux-gnu/pango/1.6.0/modules/pango-basic-fc.so
7f3a655ce000-7f3a655cf000 r--p 00001000 08:01 1050170                    /usr/lib/x86_64-linux-gnu/pango/1.6.0/modules/pango-basic-fc.so
7f3a655cf000-7f3a655d0000 rw-p 00002000 08:01 1050170                    /usr/lib/x86_64-linux-gnu/pango/1.6.0/modules/pango-basic-fc.so
7f3a655d0000-7f3a655d9000 r--s 00000000 08:01 262247                     /var/cache/fontconfig/945677eb7aeaf62f1d50efc3fb3ec7d8-le64.cache-3
7f3a655d9000-7f3a655e9000 r-xp 00000000 08:01 1188880                    /usr/lib/jvm/java-7-oracle/jre/lib/amd64/libnio.so
7f3a655e9000-7f3a657e9000 ---p 00010000 08:01 1188880                    /usr/lib/jvm/java-7-oracle/jre/lib/amd64/libnio.so
7f3a657e9000-7f3a657ea000 rw-p 00010000 08:01 1188880                    /usr/lib/jvm/java-7-oracle/jre/lib/amd64/libnio.so
7f3a657ea000-7f3a657ff000 r-xp 00000000 08:01 1188887                    /usr/lib/jvm/java-7-oracle/jre/lib/amd64/libnet.so
7f3a657ff000-7f3a659ff000 ---p 00015000 08:01 1188887                    /usr/lib/jvm/java-7-oracle/jre/lib/amd64/libnet.so
7f3a659ff000-7f3a65a00000 rw-p 00015000 08:01 1188887                    /usr/lib/jvm/java-7-oracle/jre/lib/amd64/libnet.so
7f3a65a00000-7f3a65a15000 r-xp 00000000 08:01 2359465                    /lib/x86_64-linux-gnu/libgcc_s.so.1
7f3a65a15000-7f3a65c14000 ---p 00015000 08:01 2359465                    /lib/x86_64-linux-gnu/libgcc_s.so.1
7f3a65c14000-7f3a65c15000 r--p 00014000 08:01 2359465                    /lib/x86_64-linux-gnu/libgcc_s.so.1
7f3a65c15000-7f3a65c16000 rw-p 00015000 08:01 2359465                    /lib/x86_64-linux-gnu/libgcc_s.so.1
7f3a65c16000-7f3a65c5a000 r-xp 00000000 08:01 1188848                    /usr/lib/jvm/java-7-oracle/jre/lib/amd64/libfontmanager.so
7f3a65c5a000-7f3a65e5a000 ---p 00044000 08:01 1188848                    /usr/lib/jvm/java-7-oracle/jre/lib/amd64/libfontmanager.so
7f3a65e5a000-7f3a65e5e000 rw-p 00044000 08:01 1188848                    /usr/lib/jvm/java-7-oracle/jre/lib/amd64/libfontmanager.so
7f3a65e5e000-7f3a65e6e000 rw-p 00000000 00:00 0 
7f3a65e6e000-7f3a65e74000 r-xp 00000000 08:01 663779                     /usr/lib/x86_64-linux-gnu/libogg.so.0.8.0
7f3a65e74000-7f3a66073000 ---p 00006000 08:01 663779                     /usr/lib/x86_64-linux-gnu/libogg.so.0.8.0
7f3a66073000-7f3a66074000 r--p 00005000 08:01 663779                     /usr/lib/x86_64-linux-gnu/libogg.so.0.8.0
7f3a66074000-7f3a66075000 rw-p 00006000 08:01 663779                     /usr/lib/x86_64-linux-gnu/libogg.so.0.8.0
7f3a66075000-7f3a660a0000 r-xp 00000000 08:01 663995                     /usr/lib/x86_64-linux-gnu/libvorbis.so.0.4.5
7f3a660a0000-7f3a662a0000 ---p 0002b000 08:01 663995                     /usr/lib/x86_64-linux-gnu/libvorbis.so.0.4.5
7f3a662a0000-7f3a662a1000 r--p 0002b000 08:01 663995                     /usr/lib/x86_64-linux-gnu/libvorbis.so.0.4.5
7f3a662a1000-7f3a662a2000 rw-p 0002c000 08:01 663995                     /usr/lib/x86_64-linux-gnu/libvorbis.so.0.4.5
7f3a662a2000-7f3a662ab000 r-xp 00000000 08:01 663721                     /usr/lib/x86_64-linux-gnu/libltdl.so.7.3.0
7f3a662ab000-7f3a664aa000 ---p 00009000 08:01 663721                     /usr/lib/x86_64-linux-gnu/libltdl.so.7.3.0
7f3a664aa000-7f3a664ab000 r--p 00008000 08:01 663721                     /usr/lib/x86_64-linux-gnu/libltdl.so.7.3.0
7f3a664ab000-7f3a664ac000 rw-p 00009000 08:01 663721                     /usr/lib/x86_64-linux-gnu/libltdl.so.7.3.0
7f3a664ac000-7f3a664bc000 r-xp 00000000 08:01 656821                     /usr/lib/x86_64-linux-gnu/libtdb.so.1.2.10
7f3a664bc000-7f3a666bc000 ---p 00010000 08:01 656821                     /usr/lib/x86_64-linux-gnu/libtdb.so.1.2.10
7f3a666bc000-7f3a666bd000 r--p 00010000 08:01 656821                     /usr/lib/x86_64-linux-gnu/libtdb.so.1.2.10
7f3a666bd000-7f3a666be000 rw-p 00011000 08:01 656821                     /usr/lib/x86_64-linux-gnu/libtdb.so.1.2.10
7f3a666be000-7f3a666c5000 r-xp 00000000 08:01 663999                     /usr/lib/x86_64-linux-gnu/libvorbisfile.so.3.3.4
7f3a666c5000-7f3a668c4000 ---p 00007000 08:01 663999                     /usr/lib/x86_64-linux-gnu/libvorbisfile.so.3.3.4
7f3a668c4000-7f3a668c5000 r--p 00006000 08:01 663999                     /usr/lib/x86_64-linux-gnu/libvorbisfile.so.3.3.4
7f3a668c5000-7f3a668c6000 rw-p 00007000 08:01 663999                     /usr/lib/x86_64-linux-gnu/libvorbisfile.so.3.3.4
7f3a668c6000-7f3a668d5000 r-xp 00000000 08:01 663337                     /usr/lib/x86_64-linux-gnu/libcanberra.so.0.2.5
7f3a668d5000-7f3a66ad4000 ---p 0000f000 08:01 663337                     /usr/lib/x86_64-linux-gnu/libcanberra.so.0.2.5
7f3a66ad4000-7f3a66ad5000 r--p 0000e000 08:01 663337                     /usr/lib/x86_64-linux-gnu/libcanberra.so.0.2.5
7f3a66ad5000-7f3a66ad6000 rw-p 0000f000 08:01 663337                     /usr/lib/x86_64-linux-gnu/libcanberra.so.0.2.5
7f3a66ad6000-7f3a66ada000 r-xp 00000000 08:01 663333                     /usr/lib/x86_64-linux-gnu/libcanberra-gtk.so.0.1.9
7f3a66ada000-7f3a66cd9000 ---p 00004000 08:01 663333                     /usr/lib/x86_64-linux-gnu/libcanberra-gtk.so.0.1.9
7f3a66cd9000-7f3a66cda000 r--p 00003000 08:01 663333                     /usr/lib/x86_64-linux-gnu/libcanberra-gtk.so.0.1.9
7f3a66cda000-7f3a66cdb000 rw-p 00004000 08:01 663333                     /usr/lib/x86_64-linux-gnu/libcanberra-gtk.so.0.1.9
7f3a66cdb000-7f3a66ce0000 r-xp 00000000 08:01 1049939                    /usr/lib/x86_64-linux-gnu/gtk-2.0/modules/libcanberra-gtk-module.so
7f3a66ce0000-7f3a66edf000 ---p 00005000 08:01 1049939                    /usr/lib/x86_64-linux-gnu/gtk-2.0/modules/libcanberra-gtk-module.so
7f3a66edf000-7f3a66ee0000 r--p 00004000 08:01 1049939                    /usr/lib/x86_64-linux-gnu/gtk-2.0/modules/libcanberra-gtk-module.so
7f3a66ee0000-7f3a66ee1000 rw-p 00005000 08:01 1049939                    /usr/lib/x86_64-linux-gnu/gtk-2.0/modules/libcanberra-gtk-module.so
7f3a66ee1000-7f3a66f10000 r-xp 00000000 08:01 1049920                    /usr/lib/x86_64-linux-gnu/gtk-2.0/2.10.0/engines/libmurrine.so
7f3a66f10000-7f3a67110000 ---p 0002f000 08:01 1049920                    /usr/lib/x86_64-linux-gnu/gtk-2.0/2.10.0/engines/libmurrine.so
7f3a67110000-7f3a67111000 r--p 0002f000 08:01 1049920                    /usr/lib/x86_64-linux-gnu/gtk-2.0/2.10.0/engines/libmurrine.so
7f3a67111000-7f3a67112000 rw-p 00030000 08:01 1049920                    /usr/lib/x86_64-linux-gnu/gtk-2.0/2.10.0/engines/libmurrine.so
7f3a67112000-7f3a67113000 r-xp 00000000 08:01 656067                     /usr/lib/x86_64-linux-gnu/libgthread-2.0.so.0.3508.0
7f3a67113000-7f3a67312000 ---p 00001000 08:01 656067                     /usr/lib/x86_64-linux-gnu/libgthread-2.0.so.0.3508.0
7f3a67312000-7f3a67313000 r--p 00000000 08:01 656067                     /usr/lib/x86_64-linux-gnu/libgthread-2.0.so.0.3508.0
7f3a67313000-7f3a67314000 rw-p 00001000 08:01 656067                     /usr/lib/x86_64-linux-gnu/libgthread-2.0.so.0.3508.0
7f3a67314000-7f3a67351000 r-xp 00000000 08:01 2363136                    /lib/x86_64-linux-gnu/libpcre.so.3.13.1
7f3a67351000-7f3a67550000 ---p 0003d000 08:01 2363136                    /lib/x86_64-linux-gnu/libpcre.so.3.13.1
7f3a67550000-7f3a67551000 r--p 0003c000 08:01 2363136                    /lib/x86_64-linux-gnu/libpcre.so.3.13.1
7f3a67551000-7f3a67552000 rw-p 0003d000 08:01 2363136                    /lib/x86_64-linux-gnu/libpcre.so.3.13.1
7f3a67552000-7f3a67559000 r-xp 00000000 08:01 663023                     /usr/lib/x86_64-linux-gnu/libffi.so.6.0.1
7f3a67559000-7f3a67758000 ---p 00007000 08:01 663023                     /usr/lib/x86_64-linux-gnu/libffi.so.6.0.1
7f3a67758000-7f3a67759000 r--p 00006000 08:01 663023                     /usr/lib/x86_64-linux-gnu/libffi.so.6.0.1
7f3a67759000-7f3a6775a000 rw-p 00007000 08:01 663023                     /usr/lib/x86_64-linux-gnu/libffi.so.6.0.1
7f3a6775a000-7f3a67780000 r-xp 00000000 08:01 2363063                    /lib/x86_64-linux-gnu/libexpat.so.1.6.0
7f3a67780000-7f3a67980000 ---p 00026000 08:01 2363063                    /lib/x86_64-linux-gnu/libexpat.so.1.6.0
7f3a67980000-7f3a67982000 r--p 00026000 08:01 2363063                    /lib/x86_64-linux-gnu/libexpat.so.1.6.0
7f3a67982000-7f3a67983000 rw-p 00028000 08:01 2363063                    /lib/x86_64-linux-gnu/libexpat.so.1.6.0
7f3a67983000-7f3a67999000 r-xp 00000000 08:01 2359567                    /lib/x86_64-linux-gnu/libresolv-2.17.so
7f3a67999000-7f3a67b99000 ---p 00016000 08:01 2359567                    /lib/x86_64-linux-gnu/libresolv-2.17.so
7f3a67b99000-7f3a67b9a000 r--p 00016000 08:01 2359567                    /lib/x86_64-linux-gnu/libresolv-2.17.so
7f3a67b9a000-7f3a67b9b000 rw-p 00017000 08:01 2359567                    /lib/x86_64-linux-gnu/libresolv-2.17.so
7f3a67b9b000-7f3a67b9d000 rw-p 00000000 00:00 0 
7f3a67b9d000-7f3a67bba000 r-xp 00000000 08:01 2363163                    /lib/x86_64-linux-gnu/libselinux.so.1
7f3a67bba000-7f3a67db9000 ---p 0001d000 08:01 2363163                    /lib/x86_64-linux-gnu/libselinux.so.1
7f3a67db9000-7f3a67dba000 r--p 0001c000 08:01 2363163                    /lib/x86_64-linux-gnu/libselinux.so.1
7f3a67dba000-7f3a67dbb000 rw-p 0001d000 08:01 2363163                    /lib/x86_64-linux-gnu/libselinux.so.1
7f3a67dbb000-7f3a67dbc000 rw-p 00000000 00:00 0 
7f3a67dbc000-7f3a67dbf000 r-xp 00000000 08:01 656006                     /usr/lib/x86_64-linux-gnu/libgmodule-2.0.so.0.3508.0
7f3a67dbf000-7f3a67fbe000 ---p 00003000 08:01 656006                     /usr/lib/x86_64-linux-gnu/libgmodule-2.0.so.0.3508.0
7f3a67fbe000-7f3a67fbf000 r--p 00002000 08:01 656006                     /usr/lib/x86_64-linux-gnu/libgmodule-2.0.so.0.3508.0
7f3a67fbf000-7f3a67fc0000 rw-p 00003000 08:01 656006                     /usr/lib/x86_64-linux-gnu/libgmodule-2.0.so.0.3508.0
7f3a67fc0000-7f3a6c000000 rw-p 00000000 00:00 0 
7f3a6c000000-7f3a6c021000 rw-p 00000000 00:00 0 
7f3a6c021000-7f3a70000000 ---p 00000000 00:00 0 
7f3a70000000-7f3a70021000 rw-p 00000000 00:00 0 
7f3a70021000-7f3a74000000 ---p 00000000 00:00 0 
7f3a74000000-7f3a74021000 rw-p 00000000 00:00 0 
7f3a74021000-7f3a78000000 ---p 00000000 00:00 0 
7f3a78001000-7f3a78003000 r--s 00019000 08:01 1188354                    /usr/lib/jvm/java-7-oracle/jre/lib/jce.jar
7f3a78003000-7f3a78007000 r--s 0008a000 08:01 1188922                    /usr/lib/jvm/java-7-oracle/jre/lib/jsse.jar
7f3a78007000-7f3a78008000 r--s 00000000 08:01 267388                     /var/cache/fontconfig/c05880de57d1f5e948fdfacc138775d9-le64.cache-3
7f3a78008000-7f3a7800a000 r--s 00000000 08:01 266642                     /var/cache/fontconfig/99e8ed0e538f840c565b6ed5dad60d56-le64.cache-3
7f3a7800a000-7f3a78012000 r--s 00000000 08:01 271086                     /var/cache/fontconfig/a6d8cf8e4ec09cdbc8633c31745a07dd-le64.cache-3
7f3a78012000-7f3a78017000 r--s 00000000 08:01 267383                     /var/cache/fontconfig/2cd17615ca594fa2959ae173292e504c-le64.cache-3
7f3a78017000-7f3a78018000 r--s 00000000 08:01 267251                     /var/cache/fontconfig/e7071f4a29fa870f4323321c154eba04-le64.cache-3
7f3a78018000-7f3a7801d000 r--s 00000000 08:01 271080                     /var/cache/fontconfig/6eb3985aa4124903f6ff08ba781cd364-le64.cache-3
7f3a7801d000-7f3a7801e000 r--s 00000000 08:01 267250                     /var/cache/fontconfig/0d8c3b2ac0904cb8a57a757ad11a4a08-le64.cache-3
7f3a7801e000-7f3a78024000 r--s 00000000 08:01 267249                     /var/cache/fontconfig/a755afe4a08bf5b97852ceb7400b47bc-le64.cache-3
7f3a78024000-7f3a78028000 r--s 00000000 08:01 266623                     /var/cache/fontconfig/6d41288fd70b0be22e8c3a91e032eec0-le64.cache-3
7f3a78028000-7f3a78038000 r--s 00000000 08:01 267247                     /var/cache/fontconfig/04aabc0a78ac019cf9454389977116d2-le64.cache-3
7f3a78038000-7f3a78039000 r--s 00000000 08:01 267246                     /var/cache/fontconfig/1ac9eb803944fde146138c791f5cc56a-le64.cache-3
7f3a78039000-7f3a7803c000 r--s 00000000 08:01 266207                     /var/cache/fontconfig/385c0604a188198f04d133e54aba7fe7-le64.cache-3
7f3a7803c000-7f3a7803d000 r--s 00000000 08:01 267048                     /var/cache/fontconfig/dc05db6664285cc2f12bf69c139ae4c3-le64.cache-3
7f3a7803d000-7f3a7803f000 r--s 00000000 08:01 266786                     /var/cache/fontconfig/767a8244fc0220cfb567a839d0392e0b-le64.cache-3
7f3a7803f000-7f3a7806d000 r--s 00000000 08:01 263508                     /var/cache/fontconfig/365b55f210c0a22e9a19e35191240f32-le64.cache-3
7f3a7806d000-7f3a78072000 r--s 00000000 08:01 266783                     /var/cache/fontconfig/3047814df9a2f067bd2d96a2b9c36e5a-le64.cache-3
7f3a78072000-7f3a78077000 r--s 00000000 08:01 266780                     /var/cache/fontconfig/b47c4e1ecd0709278f4910c18777a504-le64.cache-3
7f3a78077000-7f3a7807f000 r--s 00000000 08:01 270175                     /var/cache/fontconfig/52f7bdb7ce746bfd7eaa1985bd9cfa93-le64.cache-3
7f3a7807f000-7f3a78090000 r--s 00000000 08:01 262222                     /var/cache/fontconfig/d52a8644073d54c13679302ca1180695-le64.cache-3
7f3a78090000-7f3a78097000 r--s 00000000 08:01 270444                     /var/cache/fontconfig/3f7329c5293ffd510edef78f73874cfd-le64.cache-3
7f3a78097000-7f3a780a2000 r--s 00000000 08:01 271055                     /var/cache/fontconfig/e13b20fdb08344e0e664864cc2ede53d-le64.cache-3
7f3a780a2000-7f3a780c0000 r--s 00000000 08:01 262229                     /var/cache/fontconfig/7ef2298fde41cc6eeb7af42e48b7d293-le64.cache-3
7f3a780c0000-7f3a780c8000 r--s 00000000 08:01 527386                     /home/fabiano/.cache/fontconfig/6d50cb71f8ec6e792ca07b492e860f9b-le64.cache-3
7f3a781bf000-7f3a781d5000 r-xp 00000000 08:01 2359513                    /lib/x86_64-linux-gnu/libz.so.1.2.7
7f3a781d5000-7f3a783d4000 ---p 00016000 08:01 2359513                    /lib/x86_64-linux-gnu/libz.so.1.2.7
7f3a783d4000-7f3a783d5000 r--p 00015000 08:01 2359513                    /lib/x86_64-linux-gnu/libz.so.1.2.7
7f3a783d5000-7f3a783d6000 rw-p 00016000 08:01 2359513                    /lib/x86_64-linux-gnu/libz.so.1.2.7
7f3a783d6000-7f3a783de000 r-xp 00000000 08:01 663364                     /usr/lib/x86_64-linux-gnu/libxcb-render.so.0.0.0
7f3a783de000-7f3a785de000 ---p 00008000 08:01 663364                     /usr/lib/x86_64-linux-gnu/libxcb-render.so.0.0.0
7f3a785de000-7f3a785df000 r--p 00008000 08:01 663364                     /usr/lib/x86_64-linux-gnu/libxcb-render.so.0.0.0
7f3a785df000-7f3a785e0000 rw-p 00009000 08:01 663364                     /usr/lib/x86_64-linux-gnu/libxcb-render.so.0.0.0
7f3a785e0000-7f3a785e2000 r-xp 00000000 08:01 663366                     /usr/lib/x86_64-linux-gnu/libxcb-shm.so.0.0.0
7f3a785e2000-7f3a787e1000 ---p 00002000 08:01 663366                     /usr/lib/x86_64-linux-gnu/libxcb-shm.so.0.0.0
7f3a787e1000-7f3a787e2000 r--p 00001000 08:01 663366                     /usr/lib/x86_64-linux-gnu/libxcb-shm.so.0.0.0
7f3a787e2000-7f3a787e3000 rw-p 00002000 08:01 663366                     /usr/lib/x86_64-linux-gnu/libxcb-shm.so.0.0.0
7f3a787e3000-7f3a78808000 r-xp 00000000 08:01 2363148                    /lib/x86_64-linux-gnu/libpng12.so.0.49.0
7f3a78808000-7f3a78a07000 ---p 00025000 08:01 2363148                    /lib/x86_64-linux-gnu/libpng12.so.0.49.0
7f3a78a07000-7f3a78a08000 r--p 00024000 08:01 2363148                    /lib/x86_64-linux-gnu/libpng12.so.0.49.0
7f3a78a08000-7f3a78a09000 rw-p 00025000 08:01 2363148                    /lib/x86_64-linux-gnu/libpng12.so.0.49.0
7f3a78a09000-7f3a78a99000 r-xp 00000000 08:01 663817                     /usr/lib/x86_64-linux-gnu/libpixman-1.so.0.28.2
7f3a78a99000-7f3a78c98000 ---p 00090000 08:01 663817                     /usr/lib/x86_64-linux-gnu/libpixman-1.so.0.28.2
7f3a78c98000-7f3a78c9f000 r--p 0008f000 08:01 663817                     /usr/lib/x86_64-linux-gnu/libpixman-1.so.0.28.2
7f3a78c9f000-7f3a78ca0000 rw-p 00096000 08:01 663817                     /usr/lib/x86_64-linux-gnu/libpixman-1.so.0.28.2
7f3a78ca0000-7f3a78d37000 r-xp 00000000 08:01 657240                     /usr/lib/x86_64-linux-gnu/libfreetype.so.6.10.0
7f3a78d37000-7f3a78f36000 ---p 00097000 08:01 657240                     /usr/lib/x86_64-linux-gnu/libfreetype.so.6.10.0
7f3a78f36000-7f3a78f3c000 r--p 00096000 08:01 657240                     /usr/lib/x86_64-linux-gnu/libfreetype.so.6.10.0
7f3a78f3c000-7f3a78f3d000 rw-p 0009c000 08:01 657240                     /usr/lib/x86_64-linux-gnu/libfreetype.so.6.10.0
7f3a78f3d000-7f3a78f3f000 r-xp 00000000 08:01 663230                     /usr/lib/x86_64-linux-gnu/libXdamage.so.1.1.0
7f3a78f3f000-7f3a7913e000 ---p 00002000 08:01 663230                     /usr/lib/x86_64-linux-gnu/libXdamage.so.1.1.0
7f3a7913e000-7f3a7913f000 r--p 00001000 08:01 663230                     /usr/lib/x86_64-linux-gnu/libXdamage.so.1.1.0
7f3a7913f000-7f3a79140000 rw-p 00002000 08:01 663230                     /usr/lib/x86_64-linux-gnu/libXdamage.so.1.1.0
7f3a79140000-7f3a79142000 r-xp 00000000 08:01 663226                     /usr/lib/x86_64-linux-gnu/libXcomposite.so.1.0.0
7f3a79142000-7f3a79341000 ---p 00002000 08:01 663226                     /usr/lib/x86_64-linux-gnu/libXcomposite.so.1.0.0
7f3a79341000-7f3a79342000 r--p 00001000 08:01 663226                     /usr/lib/x86_64-linux-gnu/libXcomposite.so.1.0.0
7f3a79342000-7f3a79343000 rw-p 00002000 08:01 663226                     /usr/lib/x86_64-linux-gnu/libXcomposite.so.1.0.0
7f3a79343000-7f3a7934c000 r-xp 00000000 08:01 657330                     /usr/lib/x86_64-linux-gnu/libXrandr.so.2.2.0
7f3a7934c000-7f3a7954b000 ---p 00009000 08:01 657330                     /usr/lib/x86_64-linux-gnu/libXrandr.so.2.2.0
7f3a7954b000-7f3a7954c000 r--p 00008000 08:01 657330                     /usr/lib/x86_64-linux-gnu/libXrandr.so.2.2.0
7f3a7954c000-7f3a7954d000 rw-p 00009000 08:01 657330                     /usr/lib/x86_64-linux-gnu/libXrandr.so.2.2.0
7f3a7954d000-7f3a7954f000 r-xp 00000000 08:01 663242                     /usr/lib/x86_64-linux-gnu/libXinerama.so.1.0.0
7f3a7954f000-7f3a7974e000 ---p 00002000 08:01 663242                     /usr/lib/x86_64-linux-gnu/libXinerama.so.1.0.0
7f3a7974e000-7f3a7974f000 r--p 00001000 08:01 663242                     /usr/lib/x86_64-linux-gnu/libXinerama.so.1.0.0
7f3a7974f000-7f3a79750000 rw-p 00002000 08:01 663242                     /usr/lib/x86_64-linux-gnu/libXinerama.so.1.0.0
7f3a79750000-7f3a7984a000 r-xp 00000000 08:01 2359471                    /lib/x86_64-linux-gnu/libglib-2.0.so.0.3508.0
7f3a7984a000-7f3a79a49000 ---p 000fa000 08:01 2359471                    /lib/x86_64-linux-gnu/libglib-2.0.so.0.3508.0
7f3a79a49000-7f3a79a4a000 r--p 000f9000 08:01 2359471                    /lib/x86_64-linux-gnu/libglib-2.0.so.0.3508.0
7f3a79a4a000-7f3a79a4b000 rw-p 000fa000 08:01 2359471                    /lib/x86_64-linux-gnu/libglib-2.0.so.0.3508.0
7f3a79a4b000-7f3a79a4c000 rw-p 00000000 00:00 0 
7f3a79a4c000-7f3a79a9a000 r-xp 00000000 08:01 656005                     /usr/lib/x86_64-linux-gnu/libgobject-2.0.so.0.3508.0
7f3a79a9a000-7f3a79c9a000 ---p 0004e000 08:01 656005                     /usr/lib/x86_64-linux-gnu/libgobject-2.0.so.0.3508.0
7f3a79c9a000-7f3a79c9b000 r--p 0004e000 08:01 656005                     /usr/lib/x86_64-linux-gnu/libgobject-2.0.so.0.3508.0
7f3a79c9b000-7f3a79c9c000 rw-p 0004f000 08:01 656005                     /usr/lib/x86_64-linux-gnu/libgobject-2.0.so.0.3508.0
7f3a79c9c000-7f3a79cd3000 r-xp 00000000 08:01 663442                     /usr/lib/x86_64-linux-gnu/libfontconfig.so.1.6.2
7f3a79cd3000-7f3a79ed3000 ---p 00037000 08:01 663442                     /usr/lib/x86_64-linux-gnu/libfontconfig.so.1.6.2
7f3a79ed3000-7f3a79ed4000 r--p 00037000 08:01 663442                     /usr/lib/x86_64-linux-gnu/libfontconfig.so.1.6.2
7f3a79ed4000-7f3a79ed5000 rw-p 00038000 08:01 663442                     /usr/lib/x86_64-linux-gnu/libfontconfig.so.1.6.2
7f3a79ed5000-7f3a79ed6000 rw-p 00000000 00:00 0 
7f3a79ed6000-7f3a79f1d000 r-xp 00000000 08:01 663795                     /usr/lib/x86_64-linux-gnu/libpango-1.0.so.0.3000.1
7f3a79f1d000-7f3a7a11c000 ---p 00047000 08:01 663795                     /usr/lib/x86_64-linux-gnu/libpango-1.0.so.0.3000.1
7f3a7a11c000-7f3a7a11e000 r--p 00046000 08:01 663795                     /usr/lib/x86_64-linux-gnu/libpango-1.0.so.0.3000.1
7f3a7a11e000-7f3a7a11f000 rw-p 00048000 08:01 663795                     /usr/lib/x86_64-linux-gnu/libpango-1.0.so.0.3000.1
7f3a7a11f000-7f3a7a149000 r-xp 00000000 08:01 663799                     /usr/lib/x86_64-linux-gnu/libpangoft2-1.0.so.0.3000.1
7f3a7a149000-7f3a7a348000 ---p 0002a000 08:01 663799                     /usr/lib/x86_64-linux-gnu/libpangoft2-1.0.so.0.3000.1
7f3a7a348000-7f3a7a349000 r--p 00029000 08:01 663799                     /usr/lib/x86_64-linux-gnu/libpangoft2-1.0.so.0.3000.1
7f3a7a349000-7f3a7a34a000 rw-p 0002a000 08:01 663799                     /usr/lib/x86_64-linux-gnu/libpangoft2-1.0.so.0.3000.1
7f3a7a34a000-7f3a7a4a9000 r-xp 00000000 08:01 655972                     /usr/lib/x86_64-linux-gnu/libgio-2.0.so.0.3508.0
7f3a7a4a9000-7f3a7a6a8000 ---p 0015f000 08:01 655972                     /usr/lib/x86_64-linux-gnu/libgio-2.0.so.0.3508.0
7f3a7a6a8000-7f3a7a6ac000 r--p 0015e000 08:01 655972                     /usr/lib/x86_64-linux-gnu/libgio-2.0.so.0.3508.0
7f3a7a6ac000-7f3a7a6ae000 rw-p 00162000 08:01 655972                     /usr/lib/x86_64-linux-gnu/libgio-2.0.so.0.3508.0
7f3a7a6ae000-7f3a7a6b0000 rw-p 00000000 00:00 0 
7f3a7a6b0000-7f3a7a6ce000 r-xp 00000000 08:01 663496                     /usr/lib/x86_64-linux-gnu/libgdk_pixbuf-2.0.so.0.2600.5
7f3a7a6ce000-7f3a7a8cd000 ---p 0001e000 08:01 663496                     /usr/lib/x86_64-linux-gnu/libgdk_pixbuf-2.0.so.0.2600.5
7f3a7a8cd000-7f3a7a8ce000 r--p 0001d000 08:01 663496                     /usr/lib/x86_64-linux-gnu/libgdk_pixbuf-2.0.so.0.2600.5
7f3a7a8ce000-7f3a7a8cf000 rw-p 0001e000 08:01 663496                     /usr/lib/x86_64-linux-gnu/libgdk_pixbuf-2.0.so.0.2600.5
7f3a7a8cf000-7f3a7a9cd000 r-xp 00000000 08:01 655764                     /usr/lib/x86_64-linux-gnu/libcairo.so.2.11200.14
7f3a7a9cd000-7f3a7abcd000 ---p 000fe000 08:01 655764                     /usr/lib/x86_64-linux-gnu/libcairo.so.2.11200.14
7f3a7abcd000-7f3a7abd0000 r--p 000fe000 08:01 655764                     /usr/lib/x86_64-linux-gnu/libcairo.so.2.11200.14
7f3a7abd0000-7f3a7abd1000 rw-p 00101000 08:01 655764                     /usr/lib/x86_64-linux-gnu/libcairo.so.2.11200.14
7f3a7abd1000-7f3a7abd3000 rw-p 00000000 00:00 0 
7f3a7abd3000-7f3a7abf3000 r-xp 00000000 08:01 655904                     /usr/lib/x86_64-linux-gnu/libatk-1.0.so.0.20800.1
7f3a7abf3000-7f3a7adf2000 ---p 00020000 08:01 655904                     /usr/lib/x86_64-linux-gnu/libatk-1.0.so.0.20800.1
7f3a7adf2000-7f3a7adf4000 r--p 0001f000 08:01 655904                     /usr/lib/x86_64-linux-gnu/libatk-1.0.so.0.20800.1
7f3a7adf4000-7f3a7adf5000 rw-p 00021000 08:01 655904                     /usr/lib/x86_64-linux-gnu/libatk-1.0.so.0.20800.1
7f3a7adf5000-7f3a7ae00000 r-xp 00000000 08:01 663797                     /usr/lib/x86_64-linux-gnu/libpangocairo-1.0.so.0.3000.1
7f3a7ae00000-7f3a7afff000 ---p 0000b000 08:01 663797                     /usr/lib/x86_64-linux-gnu/libpangocairo-1.0.so.0.3000.1
7f3a7afff000-7f3a7b000000 r--p 0000a000 08:01 663797                     /usr/lib/x86_64-linux-gnu/libpangocairo-1.0.so.0.3000.1
7f3a7b000000-7f3a7b001000 rw-p 0000b000 08:01 663797                     /usr/lib/x86_64-linux-gnu/libpangocairo-1.0.so.0.3000.1
7f3a7b001000-7f3a7b0ae000 r-xp 00000000 08:01 663494                     /usr/lib/x86_64-linux-gnu/libgdk-x11-2.0.so.0.2400.14
7f3a7b0ae000-7f3a7b2ad000 ---p 000ad000 08:01 663494                     /usr/lib/x86_64-linux-gnu/libgdk-x11-2.0.so.0.2400.14
7f3a7b2ad000-7f3a7b2b1000 r--p 000ac000 08:01 663494                     /usr/lib/x86_64-linux-gnu/libgdk-x11-2.0.so.0.2400.14
7f3a7b2b1000-7f3a7b2b3000 rw-p 000b0000 08:01 663494                     /usr/lib/x86_64-linux-gnu/libgdk-x11-2.0.so.0.2400.14
7f3a7b2b3000-7f3a7b6e0000 r-xp 00000000 08:01 663633                     /usr/lib/x86_64-linux-gnu/libgtk-x11-2.0.so.0.2400.14
7f3a7b6e0000-7f3a7b8df000 ---p 0042d000 08:01 663633                     /usr/lib/x86_64-linux-gnu/libgtk-x11-2.0.so.0.2400.14
7f3a7b8df000-7f3a7b8e6000 r--p 0042c000 08:01 663633                     /usr/lib/x86_64-linux-gnu/libgtk-x11-2.0.so.0.2400.14
7f3a7b8e6000-7f3a7b8ea000 rw-p 00433000 08:01 663633                     /usr/lib/x86_64-linux-gnu/libgtk-x11-2.0.so.0.2400.14
7f3a7b8ea000-7f3a7b8ec000 rw-p 00000000 00:00 0 
7f3a7b8ec000-7f3a7b8ef000 ---p 00000000 00:00 0 
7f3a7b8ef000-7f3a7b9ed000 rw-p 00000000 00:00 0                          [stack:19017]
7f3a7b9ed000-7f3a7b9f0000 ---p 00000000 00:00 0 
7f3a7b9f0000-7f3a7baee000 rw-p 00000000 00:00 0                          [stack:19016]
7f3a7baee000-7f3a7baf1000 ---p 00000000 00:00 0 
7f3a7baf1000-7f3a7bbef000 rw-p 00000000 00:00 0                          [stack:19015]
7f3a7bbef000-7f3a7bbf4000 r-xp 00000000 08:01 663236                     /usr/lib/x86_64-linux-gnu/libXfixes.so.3.1.0
7f3a7bbf4000-7f3a7bdf3000 ---p 00005000 08:01 663236                     /usr/lib/x86_64-linux-gnu/libXfixes.so.3.1.0
7f3a7bdf3000-7f3a7bdf4000 r--p 00004000 08:01 663236                     /usr/lib/x86_64-linux-gnu/libXfixes.so.3.1.0
7f3a7bdf4000-7f3a7bdf5000 rw-p 00005000 08:01 663236                     /usr/lib/x86_64-linux-gnu/libXfixes.so.3.1.0
7f3a7bdf5000-7f3a7bdfe000 r-xp 00000000 08:01 663228                     /usr/lib/x86_64-linux-gnu/libXcursor.so.1.0.2
7f3a7bdfe000-7f3a7bffe000 ---p 00009000 08:01 663228                     /usr/lib/x86_64-linux-gnu/libXcursor.so.1.0.2
7f3a7bffe000-7f3a7bfff000 r--p 00009000 08:01 663228                     /usr/lib/x86_64-linux-gnu/libXcursor.so.1.0.2
7f3a7bfff000-7f3a7c000000 rw-p 0000a000 08:01 663228                     /usr/lib/x86_64-linux-gnu/libXcursor.so.1.0.2
7f3a7c000000-7f3a7c021000 rw-p 00000000 00:00 0 
7f3a7c021000-7f3a80000000 ---p 00000000 00:00 0 
7f3a80000000-7f3a80003000 r--s 00000000 08:01 266784                     /var/cache/fontconfig/8801497958630a81b71ace7c5f9b32a8-le64.cache-3
7f3a80003000-7f3a80034000 rw-p 00000000 00:00 0 
7f3a80034000-7f3a80037000 ---p 00000000 00:00 0 
7f3a80037000-7f3a80135000 rw-p 00000000 00:00 0                          [stack:19014]
7f3a80135000-7f3a8013a000 r-xp 00000000 08:01 663232                     /usr/lib/x86_64-linux-gnu/libXdmcp.so.6.0.0
7f3a8013a000-7f3a80339000 ---p 00005000 08:01 663232                     /usr/lib/x86_64-linux-gnu/libXdmcp.so.6.0.0
7f3a80339000-7f3a8033a000 r--p 00004000 08:01 663232                     /usr/lib/x86_64-linux-gnu/libXdmcp.so.6.0.0
7f3a8033a000-7f3a8033b000 rw-p 00005000 08:01 663232                     /usr/lib/x86_64-linux-gnu/libXdmcp.so.6.0.0
7f3a8033b000-7f3a8033d000 r-xp 00000000 08:01 663221                     /usr/lib/x86_64-linux-gnu/libXau.so.6.0.0
7f3a8033d000-7f3a8053d000 ---p 00002000 08:01 663221                     /usr/lib/x86_64-linux-gnu/libXau.so.6.0.0
7f3a8053d000-7f3a8053e000 r--p 00002000 08:01 663221                     /usr/lib/x86_64-linux-gnu/libXau.so.6.0.0
7f3a8053e000-7f3a8053f000 rw-p 00003000 08:01 663221                     /usr/lib/x86_64-linux-gnu/libXau.so.6.0.0
7f3a8053f000-7f3a8055c000 r-xp 00000000 08:01 655715                     /usr/lib/x86_64-linux-gnu/libxcb.so.1.1.0
7f3a8055c000-7f3a8075b000 ---p 0001d000 08:01 655715                     /usr/lib/x86_64-linux-gnu/libxcb.so.1.1.0
7f3a8075b000-7f3a8075c000 r--p 0001c000 08:01 655715                     /usr/lib/x86_64-linux-gnu/libxcb.so.1.1.0
7f3a8075c000-7f3a8075d000 rw-p 0001d000 08:01 655715                     /usr/lib/x86_64-linux-gnu/libxcb.so.1.1.0
7f3a8075d000-7f3a8076b000 r-xp 00000000 08:01 657311                     /usr/lib/x86_64-linux-gnu/libXi.so.6.1.0
7f3a8076b000-7f3a8096a000 ---p 0000e000 08:01 657311                     /usr/lib/x86_64-linux-gnu/libXi.so.6.1.0
7f3a8096a000-7f3a8096b000 r--p 0000d000 08:01 657311                     /usr/lib/x86_64-linux-gnu/libXi.so.6.1.0
7f3a8096b000-7f3a8096c000 rw-p 0000e000 08:01 657311                     /usr/lib/x86_64-linux-gnu/libXi.so.6.1.0
7f3a8096c000-7f3a80971000 r-xp 00000000 08:01 663258                     /usr/lib/x86_64-linux-gnu/libXtst.so.6.1.0
7f3a80971000-7f3a80b70000 ---p 00005000 08:01 663258                     /usr/lib/x86_64-linux-gnu/libXtst.so.6.1.0
7f3a80b70000-7f3a80b71000 r--p 00004000 08:01 663258                     /usr/lib/x86_64-linux-gnu/libXtst.so.6.1.0
7f3a80b71000-7f3a80b72000 rw-p 00005000 08:01 663258                     /usr/lib/x86_64-linux-gnu/libXtst.so.6.1.0
7f3a80b72000-7f3a80b7b000 r-xp 00000000 08:01 663254                     /usr/lib/x86_64-linux-gnu/libXrender.so.1.3.0
7f3a80b7b000-7f3a80d7a000 ---p 00009000 08:01 663254                     /usr/lib/x86_64-linux-gnu/libXrender.so.1.3.0
7f3a80d7a000-7f3a80d7b000 r--p 00008000 08:01 663254                     /usr/lib/x86_64-linux-gnu/libXrender.so.1.3.0
7f3a80d7b000-7f3a80d7c000 rw-p 00009000 08:01 663254                     /usr/lib/x86_64-linux-gnu/libXrender.so.1.3.0
7f3a80d7c000-7f3a80eb0000 r-xp 00000000 08:01 663217                     /usr/lib/x86_64-linux-gnu/libX11.so.6.3.0
7f3a80eb0000-7f3a810b0000 ---p 00134000 08:01 663217                     /usr/lib/x86_64-linux-gnu/libX11.so.6.3.0
7f3a810b0000-7f3a810b1000 r--p 00134000 08:01 663217                     /usr/lib/x86_64-linux-gnu/libX11.so.6.3.0
7f3a810b1000-7f3a810b6000 rw-p 00135000 08:01 663217                     /usr/lib/x86_64-linux-gnu/libX11.so.6.3.0
7f3a810b6000-7f3a810c6000 r-xp 00000000 08:01 663234                     /usr/lib/x86_64-linux-gnu/libXext.so.6.4.0
7f3a810c6000-7f3a812c6000 ---p 00010000 08:01 663234                     /usr/lib/x86_64-linux-gnu/libXext.so.6.4.0
7f3a812c6000-7f3a812c7000 r--p 00010000 08:01 663234                     /usr/lib/x86_64-linux-gnu/libXext.so.6.4.0
7f3a812c7000-7f3a812c8000 rw-p 00011000 08:01 663234                     /usr/lib/x86_64-linux-gnu/libXext.so.6.4.0
7f3a812c8000-7f3a812c9000 r--s 00000000 08:01 266762                     /var/cache/fontconfig/4794a0821666d79190d59a36cb4f44b5-le64.cache-3
7f3a812c9000-7f3a812ca000 r--s 00000000 08:01 266782                     /var/cache/fontconfig/56cf4f4769d0f4abc89a4895d7bd3ae1-le64.cache-3
7f3a812ca000-7f3a812cb000 r--s 00000000 08:01 266781                     /var/cache/fontconfig/b9d506c9ac06c20b433354fa67a72993-le64.cache-3
7f3a812cb000-7f3a812cc000 r--s 00000000 08:01 266778                     /var/cache/fontconfig/0c9eb80ebd1c36541ebe2852d3bb0c49-le64.cache-3
7f3a812ce000-7f3a812cf000 rw-p 00000000 00:00 0 
7f3a812cf000-7f3a812d3000 r--s 0002d000 08:01 1188249                    /usr/lib/jvm/java-7-oracle/jre/lib/ext/sunjce_provider.jar
7f3a812d3000-7f3a812d4000 r--s 00003000 08:01 1188255                    /usr/lib/jvm/java-7-oracle/jre/lib/ext/sunec.jar
7f3a812d4000-7f3a812d8000 rw-s 00000000 00:04 210829331                  /SYSV00000000 (deleted)
7f3a812d8000-7f3a812e2000 r--s 00254000 08:01 1188929                    /usr/lib/jvm/java-7-oracle/jre/lib/resources.jar
7f3a812e2000-7f3a81332000 r-xp 00000000 08:01 1188858                    /usr/lib/jvm/java-7-oracle/jre/lib/amd64/xawt/libmawt.so
7f3a81332000-7f3a81532000 ---p 00050000 08:01 1188858                    /usr/lib/jvm/java-7-oracle/jre/lib/amd64/xawt/libmawt.so
7f3a81532000-7f3a81536000 rw-p 00050000 08:01 1188858                    /usr/lib/jvm/java-7-oracle/jre/lib/amd64/xawt/libmawt.so
7f3a81536000-7f3a81537000 rw-p 00000000 00:00 0 
7f3a81537000-7f3a815d9000 r-xp 00000000 08:01 1188894                    /usr/lib/jvm/java-7-oracle/jre/lib/amd64/libawt.so
7f3a815d9000-7f3a817d9000 ---p 000a2000 08:01 1188894                    /usr/lib/jvm/java-7-oracle/jre/lib/amd64/libawt.so
7f3a817d9000-7f3a817e5000 rw-p 000a2000 08:01 1188894                    /usr/lib/jvm/java-7-oracle/jre/lib/amd64/libawt.so
7f3a817e5000-7f3a81809000 rw-p 00000000 00:00 0 
7f3a81809000-7f3a8180b000 r--s 00000000 08:01 2757635                    /home/fabiano/.m2/repository/aopalliance/aopalliance/1.0/aopalliance-1.0.jar
7f3a8180b000-7f3a8180c000 r--s 00000000 08:01 2626766                    /home/fabiano/.m2/repository/javax/inject/javax.inject/1/javax.inject-1.jar
7f3a8180c000-7f3a8181b000 r--s 0009f000 08:01 2367992                    /home/fabiano/.m2/repository/com/google/inject/guice/3.0/guice-3.0.jar
7f3a8181b000-7f3a81825000 r--s 00067000 08:01 1188353                    /usr/lib/jvm/java-7-oracle/jre/lib/javaws.jar
7f3a81825000-7f3a81828000 r--s 000f7000 08:01 1188252                    /usr/lib/jvm/java-7-oracle/jre/lib/ext/localedata.jar
7f3a81828000-7f3a8182d000 r--s 0002b000 08:01 2757630                    /home/fabiano/.m2/repository/org/jdesktop/bsaf/bsaf/1.9.2/bsaf-1.9.2.jar
7f3a8182d000-7f3a8185a000 r--s 001bb000 08:01 2360301                    /home/fabiano/.m2/repository/org/bouncycastle/bcprov-jdk15on/1.47/bcprov-jdk15on-1.47.jar
7f3a8185a000-7f3a81866000 r--s 00072000 08:01 2360300                    /home/fabiano/.m2/repository/org/bouncycastle/bcpkix-jdk15on/1.47/bcpkix-jdk15on-1.47.jar
7f3a81866000-7f3a81868000 r--s 0000d000 08:01 2231281                    /home/fabiano/.m2/repository/commons-logging/commons-logging/1.1.1/commons-logging-1.1.1.jar
7f3a81868000-7f3a8186a000 r--s 0000b000 08:01 2360472                    /home/fabiano/.m2/repository/org/apache/pdfbox/jempbox/1.7.0/jempbox-1.7.0.jar
7f3a8186a000-7f3a8186e000 r--s 0002a000 08:01 2360471                    /home/fabiano/.m2/repository/org/apache/pdfbox/fontbox/1.7.0/fontbox-1.7.0.jar
7f3a8186e000-7f3a81884000 r--s 003a5000 08:01 2360470                    /home/fabiano/.m2/repository/org/apache/pdfbox/pdfbox/1.7.0/pdfbox-1.7.0.jar
7f3a81884000-7f3a81895000 r--s 0019d000 08:01 2231195                    /home/fabiano/.m2/repository/com/itextpdf/itextpdf/5.3.0/itextpdf-5.3.0.jar
7f3a81895000-7f3a81899000 r--s 0002a000 08:01 2231237                    /home/fabiano/.m2/repository/commons-io/commons-io/2.4/commons-io-2.4.jar
7f3a81899000-7f3a818b4000 r--s 00147000 08:01 2231236                    /home/fabiano/.m2/repository/org/swinglabs/swingx-core/1.6.2-2/swingx-core-1.6.2-2.jar
7f3a818b4000-7f3a818b9000 r--s 00041000 08:01 2231235                    /home/fabiano/.m2/repository/commons-lang/commons-lang/2.6/commons-lang-2.6.jar
7f3a818b9000-7f3a818c8000 r--s 000ee000 08:01 2231231                    /home/fabiano/.m2/repository/ant/ant/1.6.5/ant-1.6.5.jar
7f3a818c8000-7f3a818d1000 r--s 00055000 08:01 2231230                    /home/fabiano/.m2/repository/net/java/dev/laf-widget/laf-widget/5.0/laf-widget-5.0.jar
7f3a818d1000-7f3a81911000 r--s 0041e000 08:01 2231181                    /home/fabiano/.m2/repository/com/google/android/android/2.1_r1/android-2.1_r1.jar
7f3a81911000-7f3a81912000 ---p 00000000 00:00 0 
7f3a81912000-7f3a81a12000 rw-p 00000000 00:00 0                          [stack:19013]
7f3a81a12000-7f3a81a15000 ---p 00000000 00:00 0 
7f3a81a15000-7f3a81b13000 rw-p 00000000 00:00 0                          [stack:19012]
7f3a81b13000-7f3a81b16000 ---p 00000000 00:00 0 
7f3a81b16000-7f3a81c14000 rw-p 00000000 00:00 0                          [stack:19011]
7f3a81c14000-7f3a81c17000 ---p 00000000 00:00 0 
7f3a81c17000-7f3a81d15000 rw-p 00000000 00:00 0                          [stack:19010]
7f3a81d15000-7f3a81d18000 ---p 00000000 00:00 0 
7f3a81d18000-7f3a81e16000 rw-p 00000000 00:00 0                          [stack:19009]
7f3a81e16000-7f3a820e1000 r--p 00000000 08:01 666783                     /usr/lib/locale/locale-archive
7f3a820e1000-7f3a820e4000 ---p 00000000 00:00 0 
7f3a820e4000-7f3a821e2000 rw-p 00000000 00:00 0                          [stack:19008]
7f3a821e2000-7f3a821e5000 ---p 00000000 00:00 0 
7f3a821e5000-7f3a822e3000 rw-p 00000000 00:00 0                          [stack:19007]
7f3a822e3000-7f3a822e4000 ---p 00000000 00:00 0 
7f3a822e4000-7f3a84000000 rw-p 00000000 00:00 0                          [stack:19006]
7f3a84000000-7f3a84021000 rw-p 00000000 00:00 0 
7f3a84021000-7f3a88000000 ---p 00000000 00:00 0 
7f3a88000000-7f3a88001000 r--s 00002000 08:01 2231234                    /home/fabiano/.m2/repository/be/cyberelf/nanoxml/lite/2.2.3/lite-2.2.3.jar
7f3a88001000-7f3a88006000 r--s 00026000 08:01 2231232                    /home/fabiano/.m2/repository/asm/asm-all/2.2.3/asm-all-2.2.3.jar
7f3a88006000-7f3a8800c000 r--s 00019000 08:01 2231227                    /home/fabiano/.m2/repository/xerces/xmlParserAPIs/2.6.2/xmlParserAPIs-2.6.2.jar
7f3a8800c000-7f3a88011000 r--s 00026000 08:01 2231225                    /home/fabiano/.m2/repository/org/apache/httpcomponents/httpcore/4.0.1/httpcore-4.0.1.jar
7f3a88011000-7f3a88026000 r--s 001d3000 08:01 2231223                    /home/fabiano/.m2/repository/org/eclipse/swt/win32/win32/x86/3.3.0-v3346/x86-3.3.0-v3346.jar
7f3a88026000-7f3a88042000 r--s 00143000 08:01 2231178                    /home/fabiano/.m2/repository/org/java/net/substance/substance/6.0/substance-6.0.jar
7f3a88042000-7f3a883a8000 rw-p 00000000 00:00 0 
7f3a883a8000-7f3a88565000 r--s 039da000 08:01 1188835                    /usr/lib/jvm/java-7-oracle/jre/lib/rt.jar
7f3a88565000-7f3a88566000 ---p 00000000 00:00 0 
7f3a88566000-7f3a88666000 rw-p 00000000 00:00 0                          [stack:19005]
7f3a88666000-7f3a88667000 ---p 00000000 00:00 0 
7f3a88667000-7f3a88767000 rw-p 00000000 00:00 0                          [stack:19004]
7f3a88767000-7f3a88768000 ---p 00000000 00:00 0 
7f3a88768000-7f3a88868000 rw-p 00000000 00:00 0                          [stack:19003]
7f3a88868000-7f3a88869000 ---p 00000000 00:00 0 
7f3a88869000-7f3a88993000 rw-p 00000000 00:00 0                          [stack:19002]
7f3a88993000-7f3a88bfb000 rw-p 00000000 00:00 0 
7f3a88bfb000-7f3a88c07000 rw-p 00000000 00:00 0 
7f3a88c07000-7f3a88c24000 rw-p 00000000 00:00 0 
7f3a88c24000-7f3a88c4e000 rw-p 00000000 00:00 0 
7f3a88c4e000-7f3a88eb6000 rw-p 00000000 00:00 0 
7f3a88eb6000-7f3a88ecb000 rw-p 00000000 00:00 0 
7f3a88ecb000-7f3a88fff000 rw-p 00000000 00:00 0 
7f3a88fff000-7f3a89000000 rw-p 00000000 00:00 0 
7f3a89000000-7f3a89270000 rwxp 00000000 00:00 0 
7f3a89270000-7f3a8c3b8000 rw-p 00000000 00:00 0 
7f3a8c3b8000-7f3a90000000 ---p 00000000 00:00 0 
7f3a90000000-7f3a90001000 r--s 00001000 08:01 2231233                    /home/fabiano/.m2/repository/net/java/dev/laf-plugin/laf-plugin/1.1/laf-plugin-1.1.jar
7f3a90001000-7f3a90004000 r--s 0001b000 08:01 2231229                    /home/fabiano/.m2/repository/xpp3/xpp3/1.1.4c/xpp3-1.1.4c.jar
7f3a90004000-7f3a9000c000 r--s 00040000 08:01 2231224                    /home/fabiano/.m2/repository/org/apache/httpcomponents/httpclient/4.0.1/httpclient-4.0.1.jar
7f3a9000c000-7f3a90010000 r--s 00016000 08:01 2231222                    /home/fabiano/.m2/repository/org/pushing-pixels/trident/1.2/trident-1.2.jar
7f3a90010000-7f3a900f6000 rw-p 00000000 00:00 0 
7f3a900f6000-7f3a90113000 rw-p 00000000 00:00 0 
7f3a90113000-7f3a9012d000 r-xp 00000000 08:01 1188874                    /usr/lib/jvm/java-7-oracle/jre/lib/amd64/libzip.so
7f3a9012d000-7f3a9032d000 ---p 0001a000 08:01 1188874                    /usr/lib/jvm/java-7-oracle/jre/lib/amd64/libzip.so
7f3a9032d000-7f3a9032e000 rw-p 0001a000 08:01 1188874                    /usr/lib/jvm/java-7-oracle/jre/lib/amd64/libzip.so
7f3a9032e000-7f3a9033a000 r-xp 00000000 08:01 2359582                    /lib/x86_64-linux-gnu/libnss_files-2.17.so
7f3a9033a000-7f3a90539000 ---p 0000c000 08:01 2359582                    /lib/x86_64-linux-gnu/libnss_files-2.17.so
7f3a90539000-7f3a9053a000 r--p 0000b000 08:01 2359582                    /lib/x86_64-linux-gnu/libnss_files-2.17.so
7f3a9053a000-7f3a9053b000 rw-p 0000c000 08:01 2359582                    /lib/x86_64-linux-gnu/libnss_files-2.17.so
7f3a9053b000-7f3a90546000 r-xp 00000000 08:01 2359580                    /lib/x86_64-linux-gnu/libnss_nis-2.17.so
7f3a90546000-7f3a90745000 ---p 0000b000 08:01 2359580                    /lib/x86_64-linux-gnu/libnss_nis-2.17.so
7f3a90745000-7f3a90746000 r--p 0000a000 08:01 2359580                    /lib/x86_64-linux-gnu/libnss_nis-2.17.so
7f3a90746000-7f3a90747000 rw-p 0000b000 08:01 2359580                    /lib/x86_64-linux-gnu/libnss_nis-2.17.so
7f3a90747000-7f3a9075e000 r-xp 00000000 08:01 2359559                    /lib/x86_64-linux-gnu/libnsl-2.17.so
7f3a9075e000-7f3a9095d000 ---p 00017000 08:01 2359559                    /lib/x86_64-linux-gnu/libnsl-2.17.so
7f3a9095d000-7f3a9095e000 r--p 00016000 08:01 2359559                    /lib/x86_64-linux-gnu/libnsl-2.17.so
7f3a9095e000-7f3a9095f000 rw-p 00017000 08:01 2359559                    /lib/x86_64-linux-gnu/libnsl-2.17.so
7f3a9095f000-7f3a90961000 rw-p 00000000 00:00 0 
7f3a90961000-7f3a90969000 r-xp 00000000 08:01 2359565                    /lib/x86_64-linux-gnu/libnss_compat-2.17.so
7f3a90969000-7f3a90b68000 ---p 00008000 08:01 2359565                    /lib/x86_64-linux-gnu/libnss_compat-2.17.so
7f3a90b68000-7f3a90b69000 r--p 00007000 08:01 2359565                    /lib/x86_64-linux-gnu/libnss_compat-2.17.so
7f3a90b69000-7f3a90b6a000 rw-p 00008000 08:01 2359565                    /lib/x86_64-linux-gnu/libnss_compat-2.17.so
7f3a90b6a000-7f3a90b93000 r-xp 00000000 08:01 1188876                    /usr/lib/jvm/java-7-oracle/jre/lib/amd64/libjava.so
7f3a90b93000-7f3a90d93000 ---p 00029000 08:01 1188876                    /usr/lib/jvm/java-7-oracle/jre/lib/amd64/libjava.so
7f3a90d93000-7f3a90d95000 rw-p 00029000 08:01 1188876                    /usr/lib/jvm/java-7-oracle/jre/lib/amd64/libjava.so
7f3a90d95000-7f3a90da2000 r-xp 00000000 08:01 1188903                    /usr/lib/jvm/java-7-oracle/jre/lib/amd64/libverify.so
7f3a90da2000-7f3a90fa1000 ---p 0000d000 08:01 1188903                    /usr/lib/jvm/java-7-oracle/jre/lib/amd64/libverify.so
7f3a90fa1000-7f3a90fa3000 rw-p 0000c000 08:01 1188903                    /usr/lib/jvm/java-7-oracle/jre/lib/amd64/libverify.so
7f3a90fa3000-7f3a90faa000 r-xp 00000000 08:01 2359583                    /lib/x86_64-linux-gnu/librt-2.17.so
7f3a90faa000-7f3a911a9000 ---p 00007000 08:01 2359583                    /lib/x86_64-linux-gnu/librt-2.17.so
7f3a911a9000-7f3a911aa000 r--p 00006000 08:01 2359583                    /lib/x86_64-linux-gnu/librt-2.17.so
7f3a911aa000-7f3a911ab000 rw-p 00007000 08:01 2359583                    /lib/x86_64-linux-gnu/librt-2.17.so
7f3a911ab000-7f3a912ae000 r-xp 00000000 08:01 2359571                    /lib/x86_64-linux-gnu/libm-2.17.so
7f3a912ae000-7f3a914ae000 ---p 00103000 08:01 2359571                    /lib/x86_64-linux-gnu/libm-2.17.so
7f3a914ae000-7f3a914af000 r--p 00103000 08:01 2359571                    /lib/x86_64-linux-gnu/libm-2.17.so
7f3a914af000-7f3a914b0000 rw-p 00104000 08:01 2359571                    /lib/x86_64-linux-gnu/libm-2.17.so
7f3a914b0000-7f3a91ef7000 r-xp 00000000 08:01 1188865                    /usr/lib/jvm/java-7-oracle/jre/lib/amd64/server/libjvm.so
7f3a91ef7000-7f3a920f7000 ---p 00a47000 08:01 1188865                    /usr/lib/jvm/java-7-oracle/jre/lib/amd64/server/libjvm.so
7f3a920f7000-7f3a9219a000 rw-p 00a47000 08:01 1188865                    /usr/lib/jvm/java-7-oracle/jre/lib/amd64/server/libjvm.so
7f3a9219a000-7f3a921d6000 rw-p 00000000 00:00 0 
7f3a921d6000-7f3a92394000 r-xp 00000000 08:01 2359588                    /lib/x86_64-linux-gnu/libc-2.17.so
7f3a92394000-7f3a92593000 ---p 001be000 08:01 2359588                    /lib/x86_64-linux-gnu/libc-2.17.so
7f3a92593000-7f3a92597000 r--p 001bd000 08:01 2359588                    /lib/x86_64-linux-gnu/libc-2.17.so
7f3a92597000-7f3a92599000 rw-p 001c1000 08:01 2359588                    /lib/x86_64-linux-gnu/libc-2.17.so
7f3a92599000-7f3a9259e000 rw-p 00000000 00:00 0 
7f3a9259e000-7f3a925a1000 r-xp 00000000 08:01 2359589                    /lib/x86_64-linux-gnu/libdl-2.17.so
7f3a925a1000-7f3a927a0000 ---p 00003000 08:01 2359589                    /lib/x86_64-linux-gnu/libdl-2.17.so
7f3a927a0000-7f3a927a1000 r--p 00002000 08:01 2359589                    /lib/x86_64-linux-gnu/libdl-2.17.so
7f3a927a1000-7f3a927a2000 rw-p 00003000 08:01 2359589                    /lib/x86_64-linux-gnu/libdl-2.17.so
7f3a927a2000-7f3a927b8000 r-xp 00000000 08:01 1188896                    /usr/lib/jvm/java-7-oracle/jre/lib/amd64/jli/libjli.so
7f3a927b8000-7f3a929b8000 ---p 00016000 08:01 1188896                    /usr/lib/jvm/java-7-oracle/jre/lib/amd64/jli/libjli.so
7f3a929b8000-7f3a929b9000 rw-p 00016000 08:01 1188896                    /usr/lib/jvm/java-7-oracle/jre/lib/amd64/jli/libjli.so
7f3a929b9000-7f3a929d1000 r-xp 00000000 08:01 2359599                    /lib/x86_64-linux-gnu/libpthread-2.17.so
7f3a929d1000-7f3a92bd0000 ---p 00018000 08:01 2359599                    /lib/x86_64-linux-gnu/libpthread-2.17.so
7f3a92bd0000-7f3a92bd1000 r--p 00017000 08:01 2359599                    /lib/x86_64-linux-gnu/libpthread-2.17.so
7f3a92bd1000-7f3a92bd2000 rw-p 00018000 08:01 2359599                    /lib/x86_64-linux-gnu/libpthread-2.17.so
7f3a92bd2000-7f3a92bd6000 rw-p 00000000 00:00 0 
7f3a92bd6000-7f3a92bf9000 r-xp 00000000 08:01 2359577                    /lib/x86_64-linux-gnu/ld-2.17.so
7f3a92bf9000-7f3a92bfa000 r--s 00004000 08:01 2231226                    /home/fabiano/.m2/repository/org/khronos/opengl-api/gl1.1-android-2.1_r1/opengl-api-gl1.1-android-2.1_r1.jar
7f3a92bfa000-7f3a92bfc000 r--s 0000a000 08:01 2231280                    /home/fabiano/.m2/repository/commons-codec/commons-codec/1.3/commons-codec-1.3.jar
7f3a92bfc000-7f3a92bff000 r--s 00010000 08:01 2231221                    /home/fabiano/.m2/repository/it/tidalwave/betterbeansbinding/betterbeansbinding-swingbinding/1.3.0/betterbeansbinding-swingbinding-1.3.0.jar
7f3a92bff000-7f3a92c0b000 r--s 0006a000 08:01 2231210                    /home/fabiano/.m2/repository/com/thoughtworks/xstream/xstream/1.4.2/xstream-1.4.2.jar
7f3a92c0b000-7f3a92c17000 r--s 003dc000 08:01 789850                     /home/fabiano/downloads/SwingBox-bin-0.1.jar
7f3a92c17000-7f3a92c21000 rw-p 00000000 00:00 0 
7f3a92c21000-7f3a92cd7000 rw-p 00000000 00:00 0 
7f3a92cd7000-7f3a92cda000 ---p 00000000 00:00 0 
7f3a92cda000-7f3a92ddc000 rw-p 00000000 00:00 0                          [stack:19001]
7f3a92ddc000-7f3a92ddf000 r--s 0001e000 08:01 2231220                    /home/fabiano/.m2/repository/it/tidalwave/betterbeansbinding/betterbeansbinding-el/1.3.0/betterbeansbinding-el-1.3.0.jar
7f3a92ddf000-7f3a92de1000 r--s 00006000 08:01 2231219                    /home/fabiano/.m2/repository/com/google/code/findbugs/jsr305/1.3.7/jsr305-1.3.7.jar
7f3a92de1000-7f3a92de4000 r--s 00013000 08:01 2231218                    /home/fabiano/.m2/repository/it/tidalwave/betterbeansbinding/betterbeansbinding-core/1.3.0/betterbeansbinding-core-1.3.0.jar
7f3a92de4000-7f3a92de6000 r--s 00005000 08:01 2231212                    /home/fabiano/.m2/repository/xpp3/xpp3_min/1.1.4c/xpp3_min-1.1.4c.jar
7f3a92de6000-7f3a92de7000 r--s 00001000 08:01 2231211                    /home/fabiano/.m2/repository/xmlpull/xmlpull/1.1.3.1/xmlpull-1.1.3.1.jar
7f3a92de7000-7f3a92dec000 r--s 00046000 08:01 3017416                    /home/fabiano/downloads/iaikPkcs11Wrapper_1_2_18/bin/iaikPkcs11Wrapper.jar
7f3a92dec000-7f3a92df4000 rw-s 00000000 08:01 1974908                    /tmp/hsperfdata_fabiano/18996
7f3a92df4000-7f3a92df5000 rw-p 00000000 00:00 0 
7f3a92df5000-7f3a92df6000 ---p 00000000 00:00 0 
7f3a92df6000-7f3a92df8000 rw-p 00000000 00:00 0 
7f3a92df8000-7f3a92df9000 r--p 00022000 08:01 2359577                    /lib/x86_64-linux-gnu/ld-2.17.so
7f3a92df9000-7f3a92dfb000 rw-p 00023000 08:01 2359577                    /lib/x86_64-linux-gnu/ld-2.17.so
7fff8c3c2000-7fff8c3e4000 rw-p 00000000 00:00 0                          [stack]
7fff8c3fe000-7fff8c400000 r-xp 00000000 00:00 0                          [vdso]
ffffffffff600000-ffffffffff601000 r-xp 00000000 00:00 0                  [vsyscall]

VM Arguments:
jvm_args: -Dfile.encoding=UTF-8 
java_command: tc.fab.firma.Main
Launcher Type: SUN_STANDARD

Environment Variables:
PATH=/usr/lib/lightdm/lightdm:/usr/local/sbin:/usr/local/bin:/usr/sbin:/usr/bin:/sbin:/bin:/usr/games:/usr/local/games
SHELL=/bin/zsh
DISPLAY=:0

Signal Handlers:
SIGSEGV: [libjvm.so+0x8a5d70], sa_mask[0]=0x7ffbfeff, sa_flags=0x10000004
SIGBUS: [libjvm.so+0x8a5d70], sa_mask[0]=0x7ffbfeff, sa_flags=0x10000004
SIGFPE: [libjvm.so+0x741e50], sa_mask[0]=0x7ffbfeff, sa_flags=0x10000004
SIGPIPE: SIG_IGN, sa_mask[0]=0x00001000, sa_flags=0x10000000
SIGXFSZ: [libjvm.so+0x741e50], sa_mask[0]=0x7ffbfeff, sa_flags=0x10000004
SIGILL: [libjvm.so+0x741e50], sa_mask[0]=0x7ffbfeff, sa_flags=0x10000004
SIGUSR1: SIG_DFL, sa_mask[0]=0x00000000, sa_flags=0x00000000
SIGUSR2: [libjvm.so+0x7417a0], sa_mask[0]=0x00000004, sa_flags=0x10000004
SIGHUP: [libjvm.so+0x743b30], sa_mask[0]=0x7ffbfeff, sa_flags=0x10000004
SIGINT: [libjvm.so+0x743b30], sa_mask[0]=0x7ffbfeff, sa_flags=0x10000004
SIGTERM: [libjvm.so+0x743b30], sa_mask[0]=0x7ffbfeff, sa_flags=0x10000004
SIGQUIT: [libjvm.so+0x743b30], sa_mask[0]=0x7ffbfeff, sa_flags=0x10000004


---------------  S Y S T E M  ---------------

OS:wheezy/sid

uname:Linux 3.8.0-7-generic #15-Ubuntu SMP Thu Feb 21 20:07:18 UTC 2013 x86_64
libc:glibc 2.17 NPTL 2.17 
rlimit: STACK 8192k, CORE 0k, NPROC 62959, NOFILE 4096, AS infinity
load average:2,49 2,17 1,05

/proc/meminfo:
MemTotal:        8077852 kB
MemFree:         1192744 kB
Buffers:          202752 kB
Cached:          4520332 kB
SwapCached:            0 kB
Active:          4192296 kB
Inactive:        2353300 kB
Active(anon):    1836660 kB
Inactive(anon):   554744 kB
Active(file):    2355636 kB
Inactive(file):  1798556 kB
Unevictable:          32 kB
Mlocked:              32 kB
SwapTotal:             0 kB
SwapFree:              0 kB
Dirty:               428 kB
Writeback:             0 kB
AnonPages:       1822688 kB
Mapped:           325196 kB
Shmem:            568808 kB
Slab:             223796 kB
SReclaimable:     191608 kB
SUnreclaim:        32188 kB
KernelStack:        4120 kB
PageTables:        30760 kB
NFS_Unstable:          0 kB
Bounce:                0 kB
WritebackTmp:          0 kB
CommitLimit:     4038924 kB
Committed_AS:    5974916 kB
VmallocTotal:   34359738367 kB
VmallocUsed:      551252 kB
VmallocChunk:   34359181276 kB
HardwareCorrupted:     0 kB
AnonHugePages:         0 kB
HugePages_Total:       0
HugePages_Free:        0
HugePages_Rsvd:        0
HugePages_Surp:        0
Hugepagesize:       2048 kB
DirectMap4k:      157696 kB
DirectMap2M:     8138752 kB


CPU:total 4 (2 cores per cpu, 2 threads per core) family 6 model 58 stepping 9, cmov, cx8, fxsr, mmx, sse, sse2, sse3, ssse3, sse4.1, sse4.2, popcnt, avx, ht, tsc, tscinvbit, tscinv

/proc/cpuinfo:
processor	: 0
vendor_id	: GenuineIntel
cpu family	: 6
model		: 58
model name	: Intel(R) Core(TM) i5-3317U CPU @ 1.70GHz
stepping	: 9
microcode	: 0x12
cpu MHz		: 1701.000
cache size	: 3072 KB
physical id	: 0
siblings	: 4
core id		: 0
cpu cores	: 2
apicid		: 0
initial apicid	: 0
fpu		: yes
fpu_exception	: yes
cpuid level	: 13
wp		: yes
flags		: fpu vme de pse tsc msr pae mce cx8 apic sep mtrr pge mca cmov pat pse36 clflush dts acpi mmx fxsr sse sse2 ss ht tm pbe syscall nx rdtscp lm constant_tsc arch_perfmon pebs bts rep_good nopl xtopology nonstop_tsc aperfmperf eagerfpu pni pclmulqdq dtes64 monitor ds_cpl vmx est tm2 ssse3 cx16 xtpr pdcm pcid sse4_1 sse4_2 x2apic popcnt tsc_deadline_timer aes xsave avx f16c rdrand lahf_lm ida arat epb xsaveopt pln pts dtherm tpr_shadow vnmi flexpriority ept vpid fsgsbase smep erms
bogomips	: 3392.18
clflush size	: 64
cache_alignment	: 64
address sizes	: 36 bits physical, 48 bits virtual
power management:

processor	: 1
vendor_id	: GenuineIntel
cpu family	: 6
model		: 58
model name	: Intel(R) Core(TM) i5-3317U CPU @ 1.70GHz
stepping	: 9
microcode	: 0x12
cpu MHz		: 1701.000
cache size	: 3072 KB
physical id	: 0
siblings	: 4
core id		: 0
cpu cores	: 2
apicid		: 1
initial apicid	: 1
fpu		: yes
fpu_exception	: yes
cpuid level	: 13
wp		: yes
flags		: fpu vme de pse tsc msr pae mce cx8 apic sep mtrr pge mca cmov pat pse36 clflush dts acpi mmx fxsr sse sse2 ss ht tm pbe syscall nx rdtscp lm constant_tsc arch_perfmon pebs bts rep_good nopl xtopology nonstop_tsc aperfmperf eagerfpu pni pclmulqdq dtes64 monitor ds_cpl vmx est tm2 ssse3 cx16 xtpr pdcm pcid sse4_1 sse4_2 x2apic popcnt tsc_deadline_timer aes xsave avx f16c rdrand lahf_lm ida arat epb xsaveopt pln pts dtherm tpr_shadow vnmi flexpriority ept vpid fsgsbase smep erms
bogomips	: 3392.18
clflush size	: 64
cache_alignment	: 64
address sizes	: 36 bits physical, 48 bits virtual
power management:

processor	: 2
vendor_id	: GenuineIntel
cpu family	: 6
model		: 58
model name	: Intel(R) Core(TM) i5-3317U CPU @ 1.70GHz
stepping	: 9
microcode	: 0x12
cpu MHz		: 1701.000
cache size	: 3072 KB
physical id	: 0
siblings	: 4
core id		: 1
cpu cores	: 2
apicid		: 2
initial apicid	: 2
fpu		: yes
fpu_exception	: yes
cpuid level	: 13
wp		: yes
flags		: fpu vme de pse tsc msr pae mce cx8 apic sep mtrr pge mca cmov pat pse36 clflush dts acpi mmx fxsr sse sse2 ss ht tm pbe syscall nx rdtscp lm constant_tsc arch_perfmon pebs bts rep_good nopl xtopology nonstop_tsc aperfmperf eagerfpu pni pclmulqdq dtes64 monitor ds_cpl vmx est tm2 ssse3 cx16 xtpr pdcm pcid sse4_1 sse4_2 x2apic popcnt tsc_deadline_timer aes xsave avx f16c rdrand lahf_lm ida arat epb xsaveopt pln pts dtherm tpr_shadow vnmi flexpriority ept vpid fsgsbase smep erms
bogomips	: 3392.18
clflush size	: 64
cache_alignment	: 64
address sizes	: 36 bits physical, 48 bits virtual
power management:

processor	: 3
vendor_id	: GenuineIntel
cpu family	: 6
model		: 58
model name	: Intel(R) Core(TM) i5-3317U CPU @ 1.70GHz
stepping	: 9
microcode	: 0x12
cpu MHz		: 1701.000
cache size	: 3072 KB
physical id	: 0
siblings	: 4
core id		: 1
cpu cores	: 2
apicid		: 3
initial apicid	: 3
fpu		: yes
fpu_exception	: yes
cpuid level	: 13
wp		: yes
flags		: fpu vme de pse tsc msr pae mce cx8 apic sep mtrr pge mca cmov pat pse36 clflush dts acpi mmx fxsr sse sse2 ss ht tm pbe syscall nx rdtscp lm constant_tsc arch_perfmon pebs bts rep_good nopl xtopology nonstop_tsc aperfmperf eagerfpu pni pclmulqdq dtes64 monitor ds_cpl vmx est tm2 ssse3 cx16 xtpr pdcm pcid sse4_1 sse4_2 x2apic popcnt tsc_deadline_timer aes xsave avx f16c rdrand lahf_lm ida arat epb xsaveopt pln pts dtherm tpr_shadow vnmi flexpriority ept vpid fsgsbase smep erms
bogomips	: 3392.18
clflush size	: 64
cache_alignment	: 64
address sizes	: 36 bits physical, 48 bits virtual
power management:



Memory: 4k page, physical 8077852k(1191256k free), swap 0k(0k free)

vm_info: Java HotSpot(TM) 64-Bit Server VM (23.7-b01) for linux-amd64 JRE (1.7.0_15-b03), built on Feb 15 2013 13:03:43 by "java_re" with gcc 4.3.0 20080428 (Red Hat 4.3.0-8)

time: Sun Feb 24 01:59:23 2013
elapsed time: 3 seconds

