#
# A fatal error has been detected by the Java Runtime Environment:
#
#  SIGSEGV (0xb) at pc=0x00007f95aec5954d, pid=18897, tid=140280866039552
#
# JRE version: 7.0_15-b03
# Java VM: Java HotSpot(TM) 64-Bit Server VM (23.7-b01 mixed mode linux-amd64 compressed oops)
# Problematic frame:
# C  [libaetpkss.so+0x1a654d]  RegFile::EnsureRegNodeLineAvailable(RegFile::tagRegistry*, RegFile::tagRegNode**)+0x3ec
#
# Failed to write core dump. Core dumps have been disabled. To enable core dumping, try "ulimit -c unlimited" before starting Java again
#
# If you would like to submit a bug report, please visit:
#   http://bugreport.sun.com/bugreport/crash.jsp
# The crash happened outside the Java Virtual Machine in native code.
# See problematic frame for where to report the bug.
#

---------------  T H R E A D  ---------------

Current thread (0x00007f95bc5ee800):  JavaThread "pool-1-thread-1" [_thread_in_native, id=18927, stack(0x00007f95af206000,0x00007f95af307000)]

siginfo:si_signo=SIGSEGV: si_errno=0, si_code=1 (SEGV_MAPERR), si_addr=0x0000000000000000

Registers:
RAX=0x0000000000000000, RBX=0x00007f959400d9e0, RCX=0x00007f9594000020, RDX=0x0000000000000008
RSP=0x00007f95af304d20, RBP=0x00007f959400d9f0, RSI=0x000000000000005d, RDI=0x00007f959400fa1d
R8 =0x00007f959400fa10, R9 =0x0000000000000078, R10=0x0000000000000008, R11=0x00007f9594000078
R12=0x00007f95af304dd8, R13=0x00007f95880067a0, R14=0x00007f959400fa1d, R15=0x00007f959400d9f0
RIP=0x00007f95aec5954d, EFLAGS=0x0000000000010206, CSGSFS=0x0000000000000033, ERR=0x0000000000000004
  TRAPNO=0x000000000000000e

Top of Stack: (sp=0x00007f95af304d20)
0x00007f95af304d20:   00007f95af304df0 00007f95aec68c85
0x00007f95af304d30:   00007f959400fa10 00007f95af304df0
0x00007f95af304d40:   000000000000003b ffffffffaec58975
0x00007f95af304d50:   0000000000000000 00007f95af304d6c
0x00007f95af304d60:   00007f95940091e0 00000000af304de8
0x00007f95af304d70:   0000000000000000 00007f95af304f90
0x00007f95af304d80:   00007f95af304df0 0000000000020019
0x00007f95af304d90:   0000000000000000 0000000000000000
0x00007f95af304da0:   00007f95bc5ee800 00007f95aec5a67e
0x00007f95af304db0:   0000000000000000 00007f9594002b98
0x00007f95af304dc0:   00007f95af304e00 00007f95aec68c85
0x00007f95af304dd0:   00000000ea9ab043 0000000000000000
0x00007f95af304de0:   00007f959400d9f0 00007f959400d9e0
0x00007f95af304df0:   434f4c5f59454b48 494843414d5f4c41
0x00007f95af304e00:   7774666f535c454e 2e452e415c657261
0x00007f95af304e10:   706f727545202e54 535c2e562e422065
0x00007f95af304e20:   5c6e676953656661 0000039600302e32
0x00007f95af304e30:   0000000000000060 0000000000000001
0x00007f95af304e40:   0000000000000000 0000000000000000
0x00007f95af304e50:   0000000000000000 0000000000000000
0x00007f95af304e60:   0000003100000004 0000006e0000005b
0x00007f95af304e70:   0000007c00000077 00007f95aeedd3e8
0x00007f95af304e80:   0000000000000000 0000000000000000
0x00007f95af304e90:   00007f95af3051f0 00007f95bc5ee800
0x00007f95af304ea0:   00007f95af305160 00007f96139c8c95
0x00007f95af304eb0:   0000000000000005 0000000000000000
0x00007f95af304ec0:   0000000000000000 00007f95aeae6948
0x00007f95af304ed0:   00007f95aeee0250 00007f95af305160
0x00007f95af304ee0:   0000000000000000 00007f96139cf725
0x00007f95af304ef0:   00007f95940091b0 4c6dac6494a44000
0x00007f95af304f00:   0000000000020019 00007f95aeee0250
0x00007f95af304f10:   00007f95af305160 0000000000000000 

Instructions: (pc=0x00007f95aec5954d)
0x00007f95aec5952d:   89 f2 e8 9a ef ff ff 48 85 c0 0f 84 46 02 00 00
0x00007f95aec5953d:   4c 8b 6d 00 4c 89 f7 be 5d 00 00 00 49 8b 45 10
0x00007f95aec5954d:   48 8b 10 48 89 44 24 40 48 89 50 30 e8 9a e8 f1
0x00007f95aec5955d:   ff 48 85 c0 49 89 c6 74 1a c6 00 00 48 8b 54 24 

Register to memory mapping:

RAX=0x0000000000000000 is an unknown value
RBX=0x00007f959400d9e0 is an unknown value
RCX=0x00007f9594000020 is an unknown value
RDX=0x0000000000000008 is an unknown value
RSP=0x00007f95af304d20 is pointing into the stack for thread: 0x00007f95bc5ee800
RBP=0x00007f959400d9f0 is an unknown value
RSI=0x000000000000005d is an unknown value
RDI=0x00007f959400fa1d is an unknown value
R8 =0x00007f959400fa10 is an unknown value
R9 =0x0000000000000078 is an unknown value
R10=0x0000000000000008 is an unknown value
R11=0x00007f9594000078 is an unknown value
R12=0x00007f95af304dd8 is pointing into the stack for thread: 0x00007f95bc5ee800
R13=0x00007f95880067a0 is an unknown value
R14=0x00007f959400fa1d is an unknown value
R15=0x00007f959400d9f0 is an unknown value


Stack: [0x00007f95af206000,0x00007f95af307000],  sp=0x00007f95af304d20,  free space=1019k
Native frames: (J=compiled Java code, j=interpreted, Vv=VM code, C=native code)
C  [libaetpkss.so+0x1a654d]  RegFile::EnsureRegNodeLineAvailable(RegFile::tagRegistry*, RegFile::tagRegNode**)+0x3ec

Java frames: (J=compiled Java code, j=interpreted, Vv=VM code)
j  iaik.pkcs.pkcs11.wrapper.PKCS11Implementation.C_Initialize(Ljava/lang/Object;)V+0
j  iaik.pkcs.pkcs11.Module.initialize(Liaik/pkcs/pkcs11/InitializeArgs;)V+163
j  tc.fab.mechanisms.TokenInfo.getAliases(Ljava/lang/String;)Ljava/util/ArrayList;+58
j  tc.fab.firma.app.dialogs.SignDocumentDialog$FillAliasesTask.doInBackground()Ljava/lang/Void;+25
j  tc.fab.firma.app.dialogs.SignDocumentDialog$FillAliasesTask.doInBackground()Ljava/lang/Object;+1
j  javax.swing.SwingWorker$1.call()Ljava/lang/Object;+14
j  java.util.concurrent.FutureTask$Sync.innerRun()V+29
j  java.util.concurrent.FutureTask.run()V+4
j  javax.swing.SwingWorker.run()V+4
j  java.util.concurrent.ThreadPoolExecutor.runWorker(Ljava/util/concurrent/ThreadPoolExecutor$Worker;)V+95
j  java.util.concurrent.ThreadPoolExecutor$Worker.run()V+5
j  java.lang.Thread.run()V+11
v  ~StubRoutines::call_stub

---------------  P R O C E S S  ---------------

Java Threads: ( => current thread )
  0x00007f95bc5f8800 JavaThread "pool-1-thread-2" [_thread_in_native, id=18928, stack(0x00007f95af105000,0x00007f95af206000)]
=>0x00007f95bc5ee800 JavaThread "pool-1-thread-1" [_thread_in_native, id=18927, stack(0x00007f95af206000,0x00007f95af307000)]
  0x00007f95bc65f000 JavaThread "Trident pulse source thread" daemon [_thread_blocked, id=18926, stack(0x00007f95af54e000,0x00007f95af64f000)]
  0x00007f95bc65e000 JavaThread "Trident callback thread" daemon [_thread_blocked, id=18925, stack(0x00007f95af64f000,0x00007f95af750000)]
  0x00007f95a4002000 JavaThread "TimerQueue" daemon [_thread_blocked, id=18924, stack(0x00007f95af750000,0x00007f95af851000)]
  0x00007f95bc5ab800 JavaThread "SwingWorker-pool-2-thread-1" daemon [_thread_blocked, id=18923, stack(0x00007f95af851000,0x00007f95af952000)]
  0x00007f95bc4d6000 JavaThread "Image Fetcher 0" daemon [_thread_blocked, id=18922, stack(0x00007f95afdfe000,0x00007f95afeff000)]
  0x00007f95bc317000 JavaThread "com.google.inject.internal.util.$Finalizer" daemon [_thread_blocked, id=18921, stack(0x00007f95afeff000,0x00007f95b0000000)]
  0x00007f960c00a800 JavaThread "DestroyJavaVM" [_thread_blocked, id=18899, stack(0x00007f9613abb000,0x00007f9613bbc000)]
  0x00007f960c395000 JavaThread "AWT-EventQueue-0" [_thread_in_native, id=18918, stack(0x00007f96006f9000,0x00007f96007fa000)]
  0x00007f960c393800 JavaThread "AWT-Shutdown" [_thread_blocked, id=18917, stack(0x00007f96007fa000,0x00007f96008fb000)]
  0x00007f960c38f000 JavaThread "AWT-XAWT" daemon [_thread_blocked, id=18916, stack(0x00007f96008fb000,0x00007f96009fc000)]
  0x00007f960c363000 JavaThread "Java2D Disposer" daemon [_thread_blocked, id=18915, stack(0x00007f9600e0d000,0x00007f9600f0e000)]
  0x00007f960c0f2800 JavaThread "Service Thread" daemon [_thread_blocked, id=18913, stack(0x00007f960271f000,0x00007f9602820000)]
  0x00007f960c0f0800 JavaThread "C2 CompilerThread1" daemon [_thread_in_native, id=18912, stack(0x00007f9602820000,0x00007f9602921000)]
  0x00007f960c0ed800 JavaThread "C2 CompilerThread0" daemon [_thread_blocked, id=18911, stack(0x00007f9602921000,0x00007f9602a22000)]
  0x00007f960c0eb000 JavaThread "Signal Dispatcher" daemon [_thread_blocked, id=18910, stack(0x00007f9602a22000,0x00007f9602b23000)]
  0x00007f960c09d800 JavaThread "Finalizer" daemon [_thread_blocked, id=18909, stack(0x00007f9602dee000,0x00007f9602eef000)]
  0x00007f960c09b000 JavaThread "Reference Handler" daemon [_thread_blocked, id=18908, stack(0x00007f9602eef000,0x00007f9602ff0000)]

Other Threads:
  0x00007f960c093800 VMThread [stack: 0x00007f96080f1000,0x00007f96081f2000] [id=18907]
  0x00007f960c0fd800 WatcherThread [stack: 0x00007f960261e000,0x00007f960271f000] [id=18914]

VM state:not at safepoint (normal execution)

VM Mutex/Monitor currently owned by a thread: None

Heap
 PSYoungGen      total 36800K, used 7808K [0x00000007d6e00000, 0x00000007d9710000, 0x0000000800000000)
  eden space 31552K, 8% used [0x00000007d6e00000,0x00000007d70877c8,0x00000007d8cd0000)
  from space 5248K, 99% used [0x00000007d91f0000,0x00000007d9708bf8,0x00000007d9710000)
  to   space 5248K, 0% used [0x00000007d8cd0000,0x00000007d8cd0000,0x00000007d91f0000)
 ParOldGen       total 84224K, used 2418K [0x0000000784a00000, 0x0000000789c40000, 0x00000007d6e00000)
  object space 84224K, 2% used [0x0000000784a00000,0x0000000784c5ca18,0x0000000789c40000)
 PSPermGen       total 23168K, used 23049K [0x000000077f800000, 0x0000000780ea0000, 0x0000000784a00000)
  object space 23168K, 99% used [0x000000077f800000,0x0000000780e827f0,0x0000000780ea0000)

Card table byte_map: [0x00007f9610af2000,0x00007f9610ef7000] byte_map_base: 0x00007f960cef6000

Polling page: 0x00007f9613bd9000

Code Cache  [0x00007f9609000000, 0x00007f9609270000, 0x00007f960c000000)
 total_blobs=786 nmethods=205 adapters=533 free_code_cache=48154Kb largest_free_block=49204352

Compilation events (10 events):
Event: 3,257 Thread 0x00007f960c0ed800  211             java.util.concurrent.locks.AbstractQueuedSynchronizer::release (33 bytes)
Event: 3,259 Thread 0x00007f960c0f0800  212             java.util.concurrent.locks.ReentrantLock$Sync::tryRelease (45 bytes)
Event: 3,260 Thread 0x00007f960c0f0800 nmethod 212 0x00007f960910e790 code [0x00007f960910e8c0, 0x00007f960910e978]
Event: 3,261 Thread 0x00007f960c0ed800 nmethod 211 0x00007f9609086e10 code [0x00007f9609086f60, 0x00007f9609087168]
Event: 3,262 Thread 0x00007f960c0f0800  213             javax.swing.SwingUtilities::appContextGet (8 bytes)
Event: 3,264 Thread 0x00007f960c0f0800 nmethod 213 0x00007f96090869d0 code [0x00007f9609086b40, 0x00007f9609086c88]
Event: 3,265 Thread 0x00007f960c0ed800  214   !         javax.swing.UIManager::getLAFState (62 bytes)
Event: 3,265 Thread 0x00007f960c0f0800  215             java.awt.Component::getParent_NoClientCode (5 bytes)
Event: 3,265 Thread 0x00007f960c0f0800 nmethod 215 0x00007f9609096490 code [0x00007f96090965c0, 0x00007f9609096638]
Event: 3,267 Thread 0x00007f960c0ed800 nmethod 214 0x00007f9609086450 code [0x00007f96090865e0, 0x00007f9609086768]

GC Heap History (4 events):
Event: 1,157 GC heap before
{Heap before GC invocations=1 (full 0):
 PSYoungGen      total 36800K, used 31552K [0x00000007d6e00000, 0x00000007d9710000, 0x0000000800000000)
  eden space 31552K, 100% used [0x00000007d6e00000,0x00000007d8cd0000,0x00000007d8cd0000)
  from space 5248K, 0% used [0x00000007d91f0000,0x00000007d91f0000,0x00000007d9710000)
  to   space 5248K, 0% used [0x00000007d8cd0000,0x00000007d8cd0000,0x00000007d91f0000)
 ParOldGen       total 84224K, used 0K [0x0000000784a00000, 0x0000000789c40000, 0x00000007d6e00000)
  object space 84224K, 0% used [0x0000000784a00000,0x0000000784a00000,0x0000000789c40000)
 PSPermGen       total 21248K, used 12401K [0x000000077f800000, 0x0000000780cc0000, 0x0000000784a00000)
  object space 21248K, 58% used [0x000000077f800000,0x000000078041c4e8,0x0000000780cc0000)
Event: 1,165 GC heap after
Heap after GC invocations=1 (full 0):
 PSYoungGen      total 36800K, used 4370K [0x00000007d6e00000, 0x00000007d9710000, 0x0000000800000000)
  eden space 31552K, 0% used [0x00000007d6e00000,0x00000007d6e00000,0x00000007d8cd0000)
  from space 5248K, 83% used [0x00000007d8cd0000,0x00000007d9114808,0x00000007d91f0000)
  to   space 5248K, 0% used [0x00000007d91f0000,0x00000007d91f0000,0x00000007d9710000)
 ParOldGen       total 84224K, used 8K [0x0000000784a00000, 0x0000000789c40000, 0x00000007d6e00000)
  object space 84224K, 0% used [0x0000000784a00000,0x0000000784a02000,0x0000000789c40000)
 PSPermGen       total 21248K, used 12401K [0x000000077f800000, 0x0000000780cc0000, 0x0000000784a00000)
  object space 21248K, 58% used [0x000000077f800000,0x000000078041c4e8,0x0000000780cc0000)
}
Event: 3,237 GC heap before
{Heap before GC invocations=2 (full 0):
 PSYoungGen      total 36800K, used 35922K [0x00000007d6e00000, 0x00000007d9710000, 0x0000000800000000)
  eden space 31552K, 100% used [0x00000007d6e00000,0x00000007d8cd0000,0x00000007d8cd0000)
  from space 5248K, 83% used [0x00000007d8cd0000,0x00000007d9114808,0x00000007d91f0000)
  to   space 5248K, 0% used [0x00000007d91f0000,0x00000007d91f0000,0x00000007d9710000)
 ParOldGen       total 84224K, used 8K [0x0000000784a00000, 0x0000000789c40000, 0x00000007d6e00000)
  object space 84224K, 0% used [0x0000000784a00000,0x0000000784a02000,0x0000000789c40000)
 PSPermGen       total 22976K, used 22823K [0x000000077f800000, 0x0000000780e70000, 0x0000000784a00000)
  object space 22976K, 99% used [0x000000077f800000,0x0000000780e49e90,0x0000000780e70000)
Event: 3,252 GC heap after
Heap after GC invocations=2 (full 0):
 PSYoungGen      total 36800K, used 5218K [0x00000007d6e00000, 0x00000007d9710000, 0x0000000800000000)
  eden space 31552K, 0% used [0x00000007d6e00000,0x00000007d6e00000,0x00000007d8cd0000)
  from space 5248K, 99% used [0x00000007d91f0000,0x00000007d9708bf8,0x00000007d9710000)
  to   space 5248K, 0% used [0x00000007d8cd0000,0x00000007d8cd0000,0x00000007d91f0000)
 ParOldGen       total 84224K, used 2418K [0x0000000784a00000, 0x0000000789c40000, 0x00000007d6e00000)
  object space 84224K, 2% used [0x0000000784a00000,0x0000000784c5ca18,0x0000000789c40000)
 PSPermGen       total 22976K, used 22823K [0x000000077f800000, 0x0000000780e70000, 0x0000000784a00000)
  object space 22976K, 99% used [0x000000077f800000,0x0000000780e49e90,0x0000000780e70000)
}

Deoptimization events (10 events):
Event: 1,315 Thread 0x00007f95bc4d6000 Uncommon trap -83 fr.pc 0x00007f960909c0c8
Event: 1,719 Thread 0x00007f960c395000 Uncommon trap -12 fr.pc 0x00007f96090e5e00
Event: 1,928 Thread 0x00007f960c395000 Uncommon trap -34 fr.pc 0x00007f96090826d8
Event: 1,928 Thread 0x00007f960c395000 Uncommon trap -34 fr.pc 0x00007f96090826d8
Event: 1,929 Thread 0x00007f960c395000 Uncommon trap -34 fr.pc 0x00007f96090826d8
Event: 1,929 Thread 0x00007f960c395000 Uncommon trap -34 fr.pc 0x00007f96090826d8
Event: 3,030 Thread 0x00007f960c395000 Uncommon trap -58 fr.pc 0x00007f96090fade4
Event: 3,031 Thread 0x00007f960c395000 Uncommon trap -58 fr.pc 0x00007f96090fade4
Event: 3,034 Thread 0x00007f960c395000 Uncommon trap -58 fr.pc 0x00007f96090fade4
Event: 3,035 Thread 0x00007f960c395000 Uncommon trap -58 fr.pc 0x00007f96090fade4

Internal exceptions (10 events):
Event: 3,226 Thread 0x00007f95bc5f8800 Threw 0x00000007d8c80438 at /HUDSON/workspace/jdk7u15-2-build-linux-amd64-product/jdk7u15/hotspot/src/share/vm/prims/jvm.cpp:1166
Event: 3,227 Thread 0x00007f95bc5f8800 Threw 0x00000007d8c87a60 at /HUDSON/workspace/jdk7u15-2-build-linux-amd64-product/jdk7u15/hotspot/src/share/vm/prims/jvm.cpp:1166
Event: 3,232 Thread 0x00007f95bc5f8800 Threw 0x00000007d8c920f0 at /HUDSON/workspace/jdk7u15-2-build-linux-amd64-product/jdk7u15/hotspot/src/share/vm/prims/jvm.cpp:1166
Event: 3,234 Thread 0x00007f95bc5f8800 Threw 0x00000007d8c97878 at /HUDSON/workspace/jdk7u15-2-build-linux-amd64-product/jdk7u15/hotspot/src/share/vm/prims/jvm.cpp:1166
Event: 3,234 Thread 0x00007f95bc5f8800 Threw 0x00000007d8c9a258 at /HUDSON/workspace/jdk7u15-2-build-linux-amd64-product/jdk7u15/hotspot/src/share/vm/prims/jvm.cpp:1166
Event: 3,235 Thread 0x00007f95bc5f8800 Threw 0x00000007d8c9ca70 at /HUDSON/workspace/jdk7u15-2-build-linux-amd64-product/jdk7u15/hotspot/src/share/vm/prims/jvm.cpp:1166
Event: 3,235 Thread 0x00007f95bc5f8800 Threw 0x00000007d8c9f068 at /HUDSON/workspace/jdk7u15-2-build-linux-amd64-product/jdk7u15/hotspot/src/share/vm/prims/jvm.cpp:1166
Event: 3,236 Thread 0x00007f95bc5ee800 Threw 0x00000007d8c1bcd8 at /HUDSON/workspace/jdk7u15-2-build-linux-amd64-product/jdk7u15/hotspot/src/share/vm/prims/jvm.cpp:1166
Event: 3,253 Thread 0x00007f95bc5ee800 Threw 0x00000007d6e87240 at /HUDSON/workspace/jdk7u15-2-build-linux-amd64-product/jdk7u15/hotspot/src/share/vm/prims/jvm.cpp:1166
Event: 3,255 Thread 0x00007f95bc5ee800 Threw 0x00000007d6e8c910 at /HUDSON/workspace/jdk7u15-2-build-linux-amd64-product/jdk7u15/hotspot/src/share/vm/prims/jvm.cpp:1166

Events (10 events):
Event: 3,266 loading class 0x00007f95bc6925b0
Event: 3,266 loading class 0x00007f95bc6925b0 done
Event: 3,266 loading class 0x00007f95bc259ea0
Event: 3,266 loading class 0x00007f95bc259ea0 done
Event: 3,266 loading class 0x00007f95bc66c0b0
Event: 3,266 loading class 0x00007f95bc66c0b0 done
Event: 3,266 loading class 0x00007f95bc58dd30
Event: 3,267 loading class 0x00007f95bc58dd30 done
Event: 3,267 Thread 0x00007f960c0ed800 flushing nmethod 0x00007f96090aeb90
Event: 3,267 Thread 0x00007f960c0ed800 flushing nmethod 0x00007f96090be110


Dynamic libraries:
00400000-00401000 r-xp 00000000 08:01 1188113                            /usr/lib/jvm/java-7-oracle/bin/java
00600000-00601000 rw-p 00000000 08:01 1188113                            /usr/lib/jvm/java-7-oracle/bin/java
0183e000-0185f000 rw-p 00000000 00:00 0                                  [heap]
77f800000-780ea0000 rw-p 00000000 00:00 0 
780ea0000-784a00000 rw-p 00000000 00:00 0 
784a00000-789c40000 rw-p 00000000 00:00 0 
789c40000-7d6e00000 rw-p 00000000 00:00 0 
7d6e00000-7d9710000 rw-p 00000000 00:00 0 
7d9710000-800000000 rw-p 00000000 00:00 0 
7f9588000000-7f9588067000 rw-p 00000000 00:00 0 
7f9588067000-7f958c000000 ---p 00000000 00:00 0 
7f958c000000-7f958c021000 rw-p 00000000 00:00 0 
7f958c021000-7f9590000000 ---p 00000000 00:00 0 
7f9590000000-7f9590021000 rw-p 00000000 00:00 0 
7f9590021000-7f9594000000 ---p 00000000 00:00 0 
7f9594000000-7f95940af000 rw-p 00000000 00:00 0 
7f95940af000-7f9598000000 ---p 00000000 00:00 0 
7f9598000000-7f9598021000 rw-p 00000000 00:00 0 
7f9598021000-7f959c000000 ---p 00000000 00:00 0 
7f959c000000-7f959c021000 rw-p 00000000 00:00 0 
7f959c021000-7f95a0000000 ---p 00000000 00:00 0 
7f95a0000000-7f95a00a6000 rw-p 00000000 00:00 0 
7f95a00a6000-7f95a4000000 ---p 00000000 00:00 0 
7f95a4000000-7f95a4021000 rw-p 00000000 00:00 0 
7f95a4021000-7f95a8000000 ---p 00000000 00:00 0 
7f95a8000000-7f95a8021000 rw-p 00000000 00:00 0 
7f95a8021000-7f95ac000000 ---p 00000000 00:00 0 
7f95ad7c4000-7f95ad7c5000 ---p 00000000 00:00 0 
7f95ad7c5000-7f95adfc5000 rw-p 00000000 00:00 0                          [stack:18930]
7f95adfc5000-7f95ae0aa000 r-xp 00000000 08:01 656096                     /usr/lib/x86_64-linux-gnu/libstdc++.so.6.0.17
7f95ae0aa000-7f95ae2a9000 ---p 000e5000 08:01 656096                     /usr/lib/x86_64-linux-gnu/libstdc++.so.6.0.17
7f95ae2a9000-7f95ae2b1000 r--p 000e4000 08:01 656096                     /usr/lib/x86_64-linux-gnu/libstdc++.so.6.0.17
7f95ae2b1000-7f95ae2b3000 rw-p 000ec000 08:01 656096                     /usr/lib/x86_64-linux-gnu/libstdc++.so.6.0.17
7f95ae2b3000-7f95ae2c8000 rw-p 00000000 00:00 0 
7f95ae2c8000-7f95ae42d000 r-xp 00000000 08:01 2362000                    /lib/x86_64-linux-gnu/libcrypto.so.0.9.8
7f95ae42d000-7f95ae62c000 ---p 00165000 08:01 2362000                    /lib/x86_64-linux-gnu/libcrypto.so.0.9.8
7f95ae62c000-7f95ae639000 r--p 00164000 08:01 2362000                    /lib/x86_64-linux-gnu/libcrypto.so.0.9.8
7f95ae639000-7f95ae652000 rw-p 00171000 08:01 2362000                    /lib/x86_64-linux-gnu/libcrypto.so.0.9.8
7f95ae652000-7f95ae655000 rw-p 00000000 00:00 0 
7f95ae655000-7f95ae6a1000 r-xp 00000000 08:01 2361998                    /lib/x86_64-linux-gnu/libssl.so.0.9.8
7f95ae6a1000-7f95ae8a1000 ---p 0004c000 08:01 2361998                    /lib/x86_64-linux-gnu/libssl.so.0.9.8
7f95ae8a1000-7f95ae8a2000 r--p 0004c000 08:01 2361998                    /lib/x86_64-linux-gnu/libssl.so.0.9.8
7f95ae8a2000-7f95ae8a8000 rw-p 0004d000 08:01 2361998                    /lib/x86_64-linux-gnu/libssl.so.0.9.8
7f95ae8a8000-7f95ae8b2000 r-xp 00000000 08:01 2363138                    /lib/x86_64-linux-gnu/libpcsclite.so.1.0.0
7f95ae8b2000-7f95aeab1000 ---p 0000a000 08:01 2363138                    /lib/x86_64-linux-gnu/libpcsclite.so.1.0.0
7f95aeab1000-7f95aeab2000 r--p 00009000 08:01 2363138                    /lib/x86_64-linux-gnu/libpcsclite.so.1.0.0
7f95aeab2000-7f95aeab3000 rw-p 0000a000 08:01 2363138                    /lib/x86_64-linux-gnu/libpcsclite.so.1.0.0
7f95aeab3000-7f95aecc9000 r-xp 00000000 08:01 662826                     /usr/lib/libaetpkss.so.3.0.2166
7f95aecc9000-7f95aeec9000 ---p 00216000 08:01 662826                     /usr/lib/libaetpkss.so.3.0.2166
7f95aeec9000-7f95aeedb000 r--p 00216000 08:01 662826                     /usr/lib/libaetpkss.so.3.0.2166
7f95aeedb000-7f95aeee1000 rw-p 00228000 08:01 662826                     /usr/lib/libaetpkss.so.3.0.2166
7f95aeee1000-7f95aeee5000 rw-p 00000000 00:00 0 
7f95aeee5000-7f95aef05000 r-xp 00000000 08:01 789789                     /tmp/lib9017597706762719555wrapper
7f95aef05000-7f95af104000 ---p 00020000 08:01 789789                     /tmp/lib9017597706762719555wrapper
7f95af104000-7f95af105000 rw-p 0001f000 08:01 789789                     /tmp/lib9017597706762719555wrapper
7f95af105000-7f95af108000 ---p 00000000 00:00 0 
7f95af108000-7f95af206000 rw-p 00000000 00:00 0                          [stack:18928]
7f95af206000-7f95af209000 ---p 00000000 00:00 0 
7f95af209000-7f95af307000 rw-p 00000000 00:00 0                          [stack:18927]
7f95af307000-7f95af339000 r-xp 00000000 08:01 1188882                    /usr/lib/jvm/java-7-oracle/jre/lib/amd64/libsunec.so
7f95af339000-7f95af538000 ---p 00032000 08:01 1188882                    /usr/lib/jvm/java-7-oracle/jre/lib/amd64/libsunec.so
7f95af538000-7f95af53e000 rw-p 00031000 08:01 1188882                    /usr/lib/jvm/java-7-oracle/jre/lib/amd64/libsunec.so
7f95af53e000-7f95af54e000 rw-p 00000000 00:00 0 
7f95af54e000-7f95af551000 ---p 00000000 00:00 0 
7f95af551000-7f95af64f000 rw-p 00000000 00:00 0                          [stack:18926]
7f95af64f000-7f95af652000 ---p 00000000 00:00 0 
7f95af652000-7f95af750000 rw-p 00000000 00:00 0                          [stack:18925]
7f95af750000-7f95af753000 ---p 00000000 00:00 0 
7f95af753000-7f95af851000 rw-p 00000000 00:00 0                          [stack:18924]
7f95af851000-7f95af854000 ---p 00000000 00:00 0 
7f95af854000-7f95af952000 rw-p 00000000 00:00 0                          [stack:18923]
7f95af952000-7f95af9ba000 r-xp 00000000 08:01 1188908                    /usr/lib/jvm/java-7-oracle/jre/lib/amd64/libt2k.so
7f95af9ba000-7f95afbba000 ---p 00068000 08:01 1188908                    /usr/lib/jvm/java-7-oracle/jre/lib/amd64/libt2k.so
7f95afbba000-7f95afbc1000 rw-p 00068000 08:01 1188908                    /usr/lib/jvm/java-7-oracle/jre/lib/amd64/libt2k.so
7f95afbc1000-7f95afbd1000 rw-p 00000000 00:00 0 
7f95afbd1000-7f95afbfb000 r-xp 00000000 08:01 1188879                    /usr/lib/jvm/java-7-oracle/jre/lib/amd64/libdcpr.so
7f95afbfb000-7f95afdfb000 ---p 0002a000 08:01 1188879                    /usr/lib/jvm/java-7-oracle/jre/lib/amd64/libdcpr.so
7f95afdfb000-7f95afdfe000 rw-p 0002a000 08:01 1188879                    /usr/lib/jvm/java-7-oracle/jre/lib/amd64/libdcpr.so
7f95afdfe000-7f95afe01000 ---p 00000000 00:00 0 
7f95afe01000-7f95afeff000 rw-p 00000000 00:00 0                          [stack:18922]
7f95afeff000-7f95aff02000 ---p 00000000 00:00 0 
7f95aff02000-7f95b0000000 rw-p 00000000 00:00 0                          [stack:18921]
7f95b0000000-7f95b0021000 rw-p 00000000 00:00 0 
7f95b0021000-7f95b4000000 ---p 00000000 00:00 0 
7f95b4000000-7f95b4022000 rw-p 00000000 00:00 0 
7f95b4022000-7f95b8000000 ---p 00000000 00:00 0 
7f95b8000000-7f95b8021000 rw-p 00000000 00:00 0 
7f95b8021000-7f95bc000000 ---p 00000000 00:00 0 
7f95bc000000-7f95bc72f000 rw-p 00000000 00:00 0 
7f95bc72f000-7f95c0000000 ---p 00000000 00:00 0 
7f95c0000000-7f95c0021000 rw-p 00000000 00:00 0 
7f95c0021000-7f95c4000000 ---p 00000000 00:00 0 
7f95c4000000-7f95c4021000 rw-p 00000000 00:00 0 
7f95c4021000-7f95c8000000 ---p 00000000 00:00 0 
7f95c8000000-7f95c8021000 rw-p 00000000 00:00 0 
7f95c8021000-7f95cc000000 ---p 00000000 00:00 0 
7f95cc000000-7f95cc021000 rw-p 00000000 00:00 0 
7f95cc021000-7f95d0000000 ---p 00000000 00:00 0 
7f95d0000000-7f95d042f000 rw-p 00000000 00:00 0 
7f95d042f000-7f95d4000000 ---p 00000000 00:00 0 
7f95d4000000-7f95d4572000 rw-p 00000000 00:00 0 
7f95d4572000-7f95d8000000 ---p 00000000 00:00 0 
7f95d8000000-7f95d8021000 rw-p 00000000 00:00 0 
7f95d8021000-7f95dc000000 ---p 00000000 00:00 0 
7f95dc000000-7f95dc021000 rw-p 00000000 00:00 0 
7f95dc021000-7f95e0000000 ---p 00000000 00:00 0 
7f95e0000000-7f95e0021000 rw-p 00000000 00:00 0 
7f95e0021000-7f95e4000000 ---p 00000000 00:00 0 
7f95e4000000-7f95e4021000 rw-p 00000000 00:00 0 
7f95e4021000-7f95e8000000 ---p 00000000 00:00 0 
7f95e8000000-7f95e8021000 rw-p 00000000 00:00 0 
7f95e8021000-7f95ec000000 ---p 00000000 00:00 0 
7f95ec06f000-7f95ec070000 ---p 00000000 00:00 0 
7f95ec070000-7f95ec870000 rw-p 00000000 00:00 0                          [stack:18920]
7f95ec870000-7f95ec88a000 r-xp 00000000 08:01 657015                     /usr/lib/x86_64-linux-gnu/libdbusmenu-glib.so.4.0.12
7f95ec88a000-7f95eca89000 ---p 0001a000 08:01 657015                     /usr/lib/x86_64-linux-gnu/libdbusmenu-glib.so.4.0.12
7f95eca89000-7f95eca8a000 r--p 00019000 08:01 657015                     /usr/lib/x86_64-linux-gnu/libdbusmenu-glib.so.4.0.12
7f95eca8a000-7f95eca8b000 rw-p 0001a000 08:01 657015                     /usr/lib/x86_64-linux-gnu/libdbusmenu-glib.so.4.0.12
7f95eca8b000-7f95eca9d000 r-xp 00000000 08:01 656649                     /usr/lib/x86_64-linux-gnu/libdbusmenu-gtk.so.4.0.12
7f95eca9d000-7f95ecc9c000 ---p 00012000 08:01 656649                     /usr/lib/x86_64-linux-gnu/libdbusmenu-gtk.so.4.0.12
7f95ecc9c000-7f95ecc9d000 r--p 00011000 08:01 656649                     /usr/lib/x86_64-linux-gnu/libdbusmenu-gtk.so.4.0.12
7f95ecc9d000-7f95ecc9e000 rw-p 00012000 08:01 656649                     /usr/lib/x86_64-linux-gnu/libdbusmenu-gtk.so.4.0.12
7f95ecc9e000-7f95ecca3000 r-xp 00000000 08:01 1059256                    /usr/lib/x86_64-linux-gnu/gtk-2.0/2.10.0/menuproxies/libappmenu.so
7f95ecca3000-7f95ecea2000 ---p 00005000 08:01 1059256                    /usr/lib/x86_64-linux-gnu/gtk-2.0/2.10.0/menuproxies/libappmenu.so
7f95ecea2000-7f95ecea3000 r--p 00004000 08:01 1059256                    /usr/lib/x86_64-linux-gnu/gtk-2.0/2.10.0/menuproxies/libappmenu.so
7f95ecea3000-7f95ecea4000 rw-p 00005000 08:01 1059256                    /usr/lib/x86_64-linux-gnu/gtk-2.0/2.10.0/menuproxies/libappmenu.so
7f95ecea4000-7f95ecea5000 ---p 00000000 00:00 0 
7f95ecea5000-7f95ed6a5000 rw-p 00000000 00:00 0                          [stack:18919]
7f95ed6a5000-7f95ed6b1000 r-xp 00000000 08:01 2363177                    /lib/x86_64-linux-gnu/libudev.so.0.13.0
7f95ed6b1000-7f95ed8b0000 ---p 0000c000 08:01 2363177                    /lib/x86_64-linux-gnu/libudev.so.0.13.0
7f95ed8b0000-7f95ed8b1000 r--p 0000b000 08:01 2363177                    /lib/x86_64-linux-gnu/libudev.so.0.13.0
7f95ed8b1000-7f95ed8b2000 rw-p 0000c000 08:01 2363177                    /lib/x86_64-linux-gnu/libudev.so.0.13.0
7f95ed8b2000-7f95ed8e7000 r-xp 00000000 08:01 1049687                    /usr/lib/x86_64-linux-gnu/gvfs/libgvfscommon.so
7f95ed8e7000-7f95edae7000 ---p 00035000 08:01 1049687                    /usr/lib/x86_64-linux-gnu/gvfs/libgvfscommon.so
7f95edae7000-7f95edaec000 r--p 00035000 08:01 1049687                    /usr/lib/x86_64-linux-gnu/gvfs/libgvfscommon.so
7f95edaec000-7f95edaed000 rw-p 0003a000 08:01 1049687                    /usr/lib/x86_64-linux-gnu/gvfs/libgvfscommon.so
7f95edaed000-7f95edb1c000 r-xp 00000000 08:01 1049732                    /usr/lib/x86_64-linux-gnu/gio/modules/libgvfsdbus.so
7f95edb1c000-7f95edd1b000 ---p 0002f000 08:01 1049732                    /usr/lib/x86_64-linux-gnu/gio/modules/libgvfsdbus.so
7f95edd1b000-7f95edd1c000 r--p 0002e000 08:01 1049732                    /usr/lib/x86_64-linux-gnu/gio/modules/libgvfsdbus.so
7f95edd1c000-7f95edd1e000 rw-p 0002f000 08:01 1049732                    /usr/lib/x86_64-linux-gnu/gio/modules/libgvfsdbus.so
7f95edd1e000-7f95edd61000 r-xp 00000000 08:01 663659                     /usr/lib/x86_64-linux-gnu/libibus-1.0.so.0.402.0
7f95edd61000-7f95edf60000 ---p 00043000 08:01 663659                     /usr/lib/x86_64-linux-gnu/libibus-1.0.so.0.402.0
7f95edf60000-7f95edf62000 r--p 00042000 08:01 663659                     /usr/lib/x86_64-linux-gnu/libibus-1.0.so.0.402.0
7f95edf62000-7f95edf63000 rw-p 00044000 08:01 663659                     /usr/lib/x86_64-linux-gnu/libibus-1.0.so.0.402.0
7f95edf63000-7f95edf64000 rw-p 00000000 00:00 0 
7f95edf74000-7f95edf78000 r--s 00037000 08:01 1188251                    /usr/lib/jvm/java-7-oracle/jre/lib/ext/sunpkcs11.jar
7f95edf78000-7f95edf7a000 r--s 00019000 08:01 1188354                    /usr/lib/jvm/java-7-oracle/jre/lib/jce.jar
7f95edf7a000-7f95edf7e000 r--s 0008a000 08:01 1188922                    /usr/lib/jvm/java-7-oracle/jre/lib/jsse.jar
7f95edf7e000-7f95edf84000 r-xp 00000000 08:01 1049924                    /usr/lib/x86_64-linux-gnu/gtk-2.0/2.10.0/immodules/im-ibus.so
7f95edf84000-7f95ee183000 ---p 00006000 08:01 1049924                    /usr/lib/x86_64-linux-gnu/gtk-2.0/2.10.0/immodules/im-ibus.so
7f95ee183000-7f95ee184000 r--p 00005000 08:01 1049924                    /usr/lib/x86_64-linux-gnu/gtk-2.0/2.10.0/immodules/im-ibus.so
7f95ee184000-7f95ee185000 rw-p 00006000 08:01 1049924                    /usr/lib/x86_64-linux-gnu/gtk-2.0/2.10.0/immodules/im-ibus.so
7f95ee185000-7f95ee1b8000 r--p 00000000 08:01 1442509                    /usr/share/fonts/truetype/Tahoma.ttf
7f95ee1b8000-7f95ee1ba000 r-xp 00000000 08:01 1050170                    /usr/lib/x86_64-linux-gnu/pango/1.6.0/modules/pango-basic-fc.so
7f95ee1ba000-7f95ee3b9000 ---p 00002000 08:01 1050170                    /usr/lib/x86_64-linux-gnu/pango/1.6.0/modules/pango-basic-fc.so
7f95ee3b9000-7f95ee3ba000 r--p 00001000 08:01 1050170                    /usr/lib/x86_64-linux-gnu/pango/1.6.0/modules/pango-basic-fc.so
7f95ee3ba000-7f95ee3bb000 rw-p 00002000 08:01 1050170                    /usr/lib/x86_64-linux-gnu/pango/1.6.0/modules/pango-basic-fc.so
7f95ee3bb000-7f95ee3bc000 r--s 00000000 08:01 267388                     /var/cache/fontconfig/c05880de57d1f5e948fdfacc138775d9-le64.cache-3
7f95ee3bc000-7f95ee3c5000 r--s 00000000 08:01 262247                     /var/cache/fontconfig/945677eb7aeaf62f1d50efc3fb3ec7d8-le64.cache-3
7f95ee3c5000-7f95ee3c7000 r--s 00000000 08:01 266642                     /var/cache/fontconfig/99e8ed0e538f840c565b6ed5dad60d56-le64.cache-3
7f95ee3c7000-7f95ee3cf000 r--s 00000000 08:01 271086                     /var/cache/fontconfig/a6d8cf8e4ec09cdbc8633c31745a07dd-le64.cache-3
7f95ee3cf000-7f95ee3d4000 r--s 00000000 08:01 267383                     /var/cache/fontconfig/2cd17615ca594fa2959ae173292e504c-le64.cache-3
7f95ee3d4000-7f95ee3d5000 r--s 00000000 08:01 267251                     /var/cache/fontconfig/e7071f4a29fa870f4323321c154eba04-le64.cache-3
7f95ee3d5000-7f95ee3da000 r--s 00000000 08:01 271080                     /var/cache/fontconfig/6eb3985aa4124903f6ff08ba781cd364-le64.cache-3
7f95ee3da000-7f95ee3db000 r--s 00000000 08:01 267250                     /var/cache/fontconfig/0d8c3b2ac0904cb8a57a757ad11a4a08-le64.cache-3
7f95ee3db000-7f95ee3e1000 r--s 00000000 08:01 267249                     /var/cache/fontconfig/a755afe4a08bf5b97852ceb7400b47bc-le64.cache-3
7f95ee3e1000-7f95ee3e5000 r--s 00000000 08:01 266623                     /var/cache/fontconfig/6d41288fd70b0be22e8c3a91e032eec0-le64.cache-3
7f95ee3e5000-7f95ee3f5000 r--s 00000000 08:01 267247                     /var/cache/fontconfig/04aabc0a78ac019cf9454389977116d2-le64.cache-3
7f95ee3f5000-7f95ee3f8000 r--s 00000000 08:01 266207                     /var/cache/fontconfig/385c0604a188198f04d133e54aba7fe7-le64.cache-3
7f95ee3f8000-7f95ee426000 r--s 00000000 08:01 263508                     /var/cache/fontconfig/365b55f210c0a22e9a19e35191240f32-le64.cache-3
7f95ee426000-7f95ee42b000 r--s 00000000 08:01 266783                     /var/cache/fontconfig/3047814df9a2f067bd2d96a2b9c36e5a-le64.cache-3
7f95ee42b000-7f95ee430000 r--s 00000000 08:01 266780                     /var/cache/fontconfig/b47c4e1ecd0709278f4910c18777a504-le64.cache-3
7f95ee430000-7f95ee438000 r--s 00000000 08:01 270175                     /var/cache/fontconfig/52f7bdb7ce746bfd7eaa1985bd9cfa93-le64.cache-3
7f95ee438000-7f95ee449000 r--s 00000000 08:01 262222                     /var/cache/fontconfig/d52a8644073d54c13679302ca1180695-le64.cache-3
7f95ee449000-7f95ee450000 r--s 00000000 08:01 270444                     /var/cache/fontconfig/3f7329c5293ffd510edef78f73874cfd-le64.cache-3
7f95ee450000-7f95ee46e000 r--s 00000000 08:01 262229                     /var/cache/fontconfig/7ef2298fde41cc6eeb7af42e48b7d293-le64.cache-3
7f95ee487000-7f95ee497000 r-xp 00000000 08:01 1188880                    /usr/lib/jvm/java-7-oracle/jre/lib/amd64/libnio.so
7f95ee497000-7f95ee697000 ---p 00010000 08:01 1188880                    /usr/lib/jvm/java-7-oracle/jre/lib/amd64/libnio.so
7f95ee697000-7f95ee698000 rw-p 00010000 08:01 1188880                    /usr/lib/jvm/java-7-oracle/jre/lib/amd64/libnio.so
7f95ee698000-7f95ee6ad000 r-xp 00000000 08:01 1188887                    /usr/lib/jvm/java-7-oracle/jre/lib/amd64/libnet.so
7f95ee6ad000-7f95ee8ad000 ---p 00015000 08:01 1188887                    /usr/lib/jvm/java-7-oracle/jre/lib/amd64/libnet.so
7f95ee8ad000-7f95ee8ae000 rw-p 00015000 08:01 1188887                    /usr/lib/jvm/java-7-oracle/jre/lib/amd64/libnet.so
7f95ee8ae000-7f95ee8c3000 r-xp 00000000 08:01 2359465                    /lib/x86_64-linux-gnu/libgcc_s.so.1
7f95ee8c3000-7f95eeac2000 ---p 00015000 08:01 2359465                    /lib/x86_64-linux-gnu/libgcc_s.so.1
7f95eeac2000-7f95eeac3000 r--p 00014000 08:01 2359465                    /lib/x86_64-linux-gnu/libgcc_s.so.1
7f95eeac3000-7f95eeac4000 rw-p 00015000 08:01 2359465                    /lib/x86_64-linux-gnu/libgcc_s.so.1
7f95eeac4000-7f95eeb08000 r-xp 00000000 08:01 1188848                    /usr/lib/jvm/java-7-oracle/jre/lib/amd64/libfontmanager.so
7f95eeb08000-7f95eed08000 ---p 00044000 08:01 1188848                    /usr/lib/jvm/java-7-oracle/jre/lib/amd64/libfontmanager.so
7f95eed08000-7f95eed0c000 rw-p 00044000 08:01 1188848                    /usr/lib/jvm/java-7-oracle/jre/lib/amd64/libfontmanager.so
7f95eed0c000-7f95eed1c000 rw-p 00000000 00:00 0 
7f95eed1c000-7f95eed22000 r-xp 00000000 08:01 663779                     /usr/lib/x86_64-linux-gnu/libogg.so.0.8.0
7f95eed22000-7f95eef21000 ---p 00006000 08:01 663779                     /usr/lib/x86_64-linux-gnu/libogg.so.0.8.0
7f95eef21000-7f95eef22000 r--p 00005000 08:01 663779                     /usr/lib/x86_64-linux-gnu/libogg.so.0.8.0
7f95eef22000-7f95eef23000 rw-p 00006000 08:01 663779                     /usr/lib/x86_64-linux-gnu/libogg.so.0.8.0
7f95eef23000-7f95eef4e000 r-xp 00000000 08:01 663995                     /usr/lib/x86_64-linux-gnu/libvorbis.so.0.4.5
7f95eef4e000-7f95ef14e000 ---p 0002b000 08:01 663995                     /usr/lib/x86_64-linux-gnu/libvorbis.so.0.4.5
7f95ef14e000-7f95ef14f000 r--p 0002b000 08:01 663995                     /usr/lib/x86_64-linux-gnu/libvorbis.so.0.4.5
7f95ef14f000-7f95ef150000 rw-p 0002c000 08:01 663995                     /usr/lib/x86_64-linux-gnu/libvorbis.so.0.4.5
7f95ef150000-7f95ef159000 r-xp 00000000 08:01 663721                     /usr/lib/x86_64-linux-gnu/libltdl.so.7.3.0
7f95ef159000-7f95ef358000 ---p 00009000 08:01 663721                     /usr/lib/x86_64-linux-gnu/libltdl.so.7.3.0
7f95ef358000-7f95ef359000 r--p 00008000 08:01 663721                     /usr/lib/x86_64-linux-gnu/libltdl.so.7.3.0
7f95ef359000-7f95ef35a000 rw-p 00009000 08:01 663721                     /usr/lib/x86_64-linux-gnu/libltdl.so.7.3.0
7f95ef35a000-7f95ef36a000 r-xp 00000000 08:01 656821                     /usr/lib/x86_64-linux-gnu/libtdb.so.1.2.10
7f95ef36a000-7f95ef56a000 ---p 00010000 08:01 656821                     /usr/lib/x86_64-linux-gnu/libtdb.so.1.2.10
7f95ef56a000-7f95ef56b000 r--p 00010000 08:01 656821                     /usr/lib/x86_64-linux-gnu/libtdb.so.1.2.10
7f95ef56b000-7f95ef56c000 rw-p 00011000 08:01 656821                     /usr/lib/x86_64-linux-gnu/libtdb.so.1.2.10
7f95ef56c000-7f95ef573000 r-xp 00000000 08:01 663999                     /usr/lib/x86_64-linux-gnu/libvorbisfile.so.3.3.4
7f95ef573000-7f95ef772000 ---p 00007000 08:01 663999                     /usr/lib/x86_64-linux-gnu/libvorbisfile.so.3.3.4
7f95ef772000-7f95ef773000 r--p 00006000 08:01 663999                     /usr/lib/x86_64-linux-gnu/libvorbisfile.so.3.3.4
7f95ef773000-7f95ef774000 rw-p 00007000 08:01 663999                     /usr/lib/x86_64-linux-gnu/libvorbisfile.so.3.3.4
7f95ef774000-7f95ef783000 r-xp 00000000 08:01 663337                     /usr/lib/x86_64-linux-gnu/libcanberra.so.0.2.5
7f95ef783000-7f95ef982000 ---p 0000f000 08:01 663337                     /usr/lib/x86_64-linux-gnu/libcanberra.so.0.2.5
7f95ef982000-7f95ef983000 r--p 0000e000 08:01 663337                     /usr/lib/x86_64-linux-gnu/libcanberra.so.0.2.5
7f95ef983000-7f95ef984000 rw-p 0000f000 08:01 663337                     /usr/lib/x86_64-linux-gnu/libcanberra.so.0.2.5
7f95ef984000-7f95ef988000 r-xp 00000000 08:01 663333                     /usr/lib/x86_64-linux-gnu/libcanberra-gtk.so.0.1.9
7f95ef988000-7f95efb87000 ---p 00004000 08:01 663333                     /usr/lib/x86_64-linux-gnu/libcanberra-gtk.so.0.1.9
7f95efb87000-7f95efb88000 r--p 00003000 08:01 663333                     /usr/lib/x86_64-linux-gnu/libcanberra-gtk.so.0.1.9
7f95efb88000-7f95efb89000 rw-p 00004000 08:01 663333                     /usr/lib/x86_64-linux-gnu/libcanberra-gtk.so.0.1.9
7f95efb89000-7f95efb8e000 r-xp 00000000 08:01 1049939                    /usr/lib/x86_64-linux-gnu/gtk-2.0/modules/libcanberra-gtk-module.so
7f95efb8e000-7f95efd8d000 ---p 00005000 08:01 1049939                    /usr/lib/x86_64-linux-gnu/gtk-2.0/modules/libcanberra-gtk-module.so
7f95efd8d000-7f95efd8e000 r--p 00004000 08:01 1049939                    /usr/lib/x86_64-linux-gnu/gtk-2.0/modules/libcanberra-gtk-module.so
7f95efd8e000-7f95efd8f000 rw-p 00005000 08:01 1049939                    /usr/lib/x86_64-linux-gnu/gtk-2.0/modules/libcanberra-gtk-module.so
7f95efd8f000-7f95efdbe000 r-xp 00000000 08:01 1049920                    /usr/lib/x86_64-linux-gnu/gtk-2.0/2.10.0/engines/libmurrine.so
7f95efdbe000-7f95effbe000 ---p 0002f000 08:01 1049920                    /usr/lib/x86_64-linux-gnu/gtk-2.0/2.10.0/engines/libmurrine.so
7f95effbe000-7f95effbf000 r--p 0002f000 08:01 1049920                    /usr/lib/x86_64-linux-gnu/gtk-2.0/2.10.0/engines/libmurrine.so
7f95effbf000-7f95effc0000 rw-p 00030000 08:01 1049920                    /usr/lib/x86_64-linux-gnu/gtk-2.0/2.10.0/engines/libmurrine.so
7f95effc0000-7f95f4000000 rw-p 00000000 00:00 0 
7f95f4000000-7f95f4021000 rw-p 00000000 00:00 0 
7f95f4021000-7f95f8000000 ---p 00000000 00:00 0 
7f95f8000000-7f95f8002000 r--s 00000000 08:01 266786                     /var/cache/fontconfig/767a8244fc0220cfb567a839d0392e0b-le64.cache-3
7f95f8002000-7f95f800d000 r--s 00000000 08:01 271055                     /var/cache/fontconfig/e13b20fdb08344e0e664864cc2ede53d-le64.cache-3
7f95f800d000-7f95f8015000 r--s 00000000 08:01 527386                     /home/fabiano/.cache/fontconfig/6d50cb71f8ec6e792ca07b492e860f9b-le64.cache-3
7f95f805e000-7f95f805f000 r-xp 00000000 08:01 656067                     /usr/lib/x86_64-linux-gnu/libgthread-2.0.so.0.3508.0
7f95f805f000-7f95f825e000 ---p 00001000 08:01 656067                     /usr/lib/x86_64-linux-gnu/libgthread-2.0.so.0.3508.0
7f95f825e000-7f95f825f000 r--p 00000000 08:01 656067                     /usr/lib/x86_64-linux-gnu/libgthread-2.0.so.0.3508.0
7f95f825f000-7f95f8260000 rw-p 00001000 08:01 656067                     /usr/lib/x86_64-linux-gnu/libgthread-2.0.so.0.3508.0
7f95f8260000-7f95f829d000 r-xp 00000000 08:01 2363136                    /lib/x86_64-linux-gnu/libpcre.so.3.13.1
7f95f829d000-7f95f849c000 ---p 0003d000 08:01 2363136                    /lib/x86_64-linux-gnu/libpcre.so.3.13.1
7f95f849c000-7f95f849d000 r--p 0003c000 08:01 2363136                    /lib/x86_64-linux-gnu/libpcre.so.3.13.1
7f95f849d000-7f95f849e000 rw-p 0003d000 08:01 2363136                    /lib/x86_64-linux-gnu/libpcre.so.3.13.1
7f95f849e000-7f95f84a5000 r-xp 00000000 08:01 663023                     /usr/lib/x86_64-linux-gnu/libffi.so.6.0.1
7f95f84a5000-7f95f86a4000 ---p 00007000 08:01 663023                     /usr/lib/x86_64-linux-gnu/libffi.so.6.0.1
7f95f86a4000-7f95f86a5000 r--p 00006000 08:01 663023                     /usr/lib/x86_64-linux-gnu/libffi.so.6.0.1
7f95f86a5000-7f95f86a6000 rw-p 00007000 08:01 663023                     /usr/lib/x86_64-linux-gnu/libffi.so.6.0.1
7f95f86a6000-7f95f86cc000 r-xp 00000000 08:01 2363063                    /lib/x86_64-linux-gnu/libexpat.so.1.6.0
7f95f86cc000-7f95f88cc000 ---p 00026000 08:01 2363063                    /lib/x86_64-linux-gnu/libexpat.so.1.6.0
7f95f88cc000-7f95f88ce000 r--p 00026000 08:01 2363063                    /lib/x86_64-linux-gnu/libexpat.so.1.6.0
7f95f88ce000-7f95f88cf000 rw-p 00028000 08:01 2363063                    /lib/x86_64-linux-gnu/libexpat.so.1.6.0
7f95f88cf000-7f95f88e5000 r-xp 00000000 08:01 2359567                    /lib/x86_64-linux-gnu/libresolv-2.17.so
7f95f88e5000-7f95f8ae5000 ---p 00016000 08:01 2359567                    /lib/x86_64-linux-gnu/libresolv-2.17.so
7f95f8ae5000-7f95f8ae6000 r--p 00016000 08:01 2359567                    /lib/x86_64-linux-gnu/libresolv-2.17.so
7f95f8ae6000-7f95f8ae7000 rw-p 00017000 08:01 2359567                    /lib/x86_64-linux-gnu/libresolv-2.17.so
7f95f8ae7000-7f95f8ae9000 rw-p 00000000 00:00 0 
7f95f8ae9000-7f95f8b06000 r-xp 00000000 08:01 2363163                    /lib/x86_64-linux-gnu/libselinux.so.1
7f95f8b06000-7f95f8d05000 ---p 0001d000 08:01 2363163                    /lib/x86_64-linux-gnu/libselinux.so.1
7f95f8d05000-7f95f8d06000 r--p 0001c000 08:01 2363163                    /lib/x86_64-linux-gnu/libselinux.so.1
7f95f8d06000-7f95f8d07000 rw-p 0001d000 08:01 2363163                    /lib/x86_64-linux-gnu/libselinux.so.1
7f95f8d07000-7f95f8d08000 rw-p 00000000 00:00 0 
7f95f8d08000-7f95f8d0b000 r-xp 00000000 08:01 656006                     /usr/lib/x86_64-linux-gnu/libgmodule-2.0.so.0.3508.0
7f95f8d0b000-7f95f8f0a000 ---p 00003000 08:01 656006                     /usr/lib/x86_64-linux-gnu/libgmodule-2.0.so.0.3508.0
7f95f8f0a000-7f95f8f0b000 r--p 00002000 08:01 656006                     /usr/lib/x86_64-linux-gnu/libgmodule-2.0.so.0.3508.0
7f95f8f0b000-7f95f8f0c000 rw-p 00003000 08:01 656006                     /usr/lib/x86_64-linux-gnu/libgmodule-2.0.so.0.3508.0
7f95f8f0c000-7f95f8f22000 r-xp 00000000 08:01 2359513                    /lib/x86_64-linux-gnu/libz.so.1.2.7
7f95f8f22000-7f95f9121000 ---p 00016000 08:01 2359513                    /lib/x86_64-linux-gnu/libz.so.1.2.7
7f95f9121000-7f95f9122000 r--p 00015000 08:01 2359513                    /lib/x86_64-linux-gnu/libz.so.1.2.7
7f95f9122000-7f95f9123000 rw-p 00016000 08:01 2359513                    /lib/x86_64-linux-gnu/libz.so.1.2.7
7f95f9123000-7f95f912b000 r-xp 00000000 08:01 663364                     /usr/lib/x86_64-linux-gnu/libxcb-render.so.0.0.0
7f95f912b000-7f95f932b000 ---p 00008000 08:01 663364                     /usr/lib/x86_64-linux-gnu/libxcb-render.so.0.0.0
7f95f932b000-7f95f932c000 r--p 00008000 08:01 663364                     /usr/lib/x86_64-linux-gnu/libxcb-render.so.0.0.0
7f95f932c000-7f95f932d000 rw-p 00009000 08:01 663364                     /usr/lib/x86_64-linux-gnu/libxcb-render.so.0.0.0
7f95f932d000-7f95f932f000 r-xp 00000000 08:01 663366                     /usr/lib/x86_64-linux-gnu/libxcb-shm.so.0.0.0
7f95f932f000-7f95f952e000 ---p 00002000 08:01 663366                     /usr/lib/x86_64-linux-gnu/libxcb-shm.so.0.0.0
7f95f952e000-7f95f952f000 r--p 00001000 08:01 663366                     /usr/lib/x86_64-linux-gnu/libxcb-shm.so.0.0.0
7f95f952f000-7f95f9530000 rw-p 00002000 08:01 663366                     /usr/lib/x86_64-linux-gnu/libxcb-shm.so.0.0.0
7f95f9530000-7f95f9555000 r-xp 00000000 08:01 2363148                    /lib/x86_64-linux-gnu/libpng12.so.0.49.0
7f95f9555000-7f95f9754000 ---p 00025000 08:01 2363148                    /lib/x86_64-linux-gnu/libpng12.so.0.49.0
7f95f9754000-7f95f9755000 r--p 00024000 08:01 2363148                    /lib/x86_64-linux-gnu/libpng12.so.0.49.0
7f95f9755000-7f95f9756000 rw-p 00025000 08:01 2363148                    /lib/x86_64-linux-gnu/libpng12.so.0.49.0
7f95f9756000-7f95f97e6000 r-xp 00000000 08:01 663817                     /usr/lib/x86_64-linux-gnu/libpixman-1.so.0.28.2
7f95f97e6000-7f95f99e5000 ---p 00090000 08:01 663817                     /usr/lib/x86_64-linux-gnu/libpixman-1.so.0.28.2
7f95f99e5000-7f95f99ec000 r--p 0008f000 08:01 663817                     /usr/lib/x86_64-linux-gnu/libpixman-1.so.0.28.2
7f95f99ec000-7f95f99ed000 rw-p 00096000 08:01 663817                     /usr/lib/x86_64-linux-gnu/libpixman-1.so.0.28.2
7f95f99ed000-7f95f9a84000 r-xp 00000000 08:01 657240                     /usr/lib/x86_64-linux-gnu/libfreetype.so.6.10.0
7f95f9a84000-7f95f9c83000 ---p 00097000 08:01 657240                     /usr/lib/x86_64-linux-gnu/libfreetype.so.6.10.0
7f95f9c83000-7f95f9c89000 r--p 00096000 08:01 657240                     /usr/lib/x86_64-linux-gnu/libfreetype.so.6.10.0
7f95f9c89000-7f95f9c8a000 rw-p 0009c000 08:01 657240                     /usr/lib/x86_64-linux-gnu/libfreetype.so.6.10.0
7f95f9c8a000-7f95f9c8c000 r-xp 00000000 08:01 663230                     /usr/lib/x86_64-linux-gnu/libXdamage.so.1.1.0
7f95f9c8c000-7f95f9e8b000 ---p 00002000 08:01 663230                     /usr/lib/x86_64-linux-gnu/libXdamage.so.1.1.0
7f95f9e8b000-7f95f9e8c000 r--p 00001000 08:01 663230                     /usr/lib/x86_64-linux-gnu/libXdamage.so.1.1.0
7f95f9e8c000-7f95f9e8d000 rw-p 00002000 08:01 663230                     /usr/lib/x86_64-linux-gnu/libXdamage.so.1.1.0
7f95f9e8d000-7f95f9e8f000 r-xp 00000000 08:01 663226                     /usr/lib/x86_64-linux-gnu/libXcomposite.so.1.0.0
7f95f9e8f000-7f95fa08e000 ---p 00002000 08:01 663226                     /usr/lib/x86_64-linux-gnu/libXcomposite.so.1.0.0
7f95fa08e000-7f95fa08f000 r--p 00001000 08:01 663226                     /usr/lib/x86_64-linux-gnu/libXcomposite.so.1.0.0
7f95fa08f000-7f95fa090000 rw-p 00002000 08:01 663226                     /usr/lib/x86_64-linux-gnu/libXcomposite.so.1.0.0
7f95fa090000-7f95fa099000 r-xp 00000000 08:01 657330                     /usr/lib/x86_64-linux-gnu/libXrandr.so.2.2.0
7f95fa099000-7f95fa298000 ---p 00009000 08:01 657330                     /usr/lib/x86_64-linux-gnu/libXrandr.so.2.2.0
7f95fa298000-7f95fa299000 r--p 00008000 08:01 657330                     /usr/lib/x86_64-linux-gnu/libXrandr.so.2.2.0
7f95fa299000-7f95fa29a000 rw-p 00009000 08:01 657330                     /usr/lib/x86_64-linux-gnu/libXrandr.so.2.2.0
7f95fa29a000-7f95fa29c000 r-xp 00000000 08:01 663242                     /usr/lib/x86_64-linux-gnu/libXinerama.so.1.0.0
7f95fa29c000-7f95fa49b000 ---p 00002000 08:01 663242                     /usr/lib/x86_64-linux-gnu/libXinerama.so.1.0.0
7f95fa49b000-7f95fa49c000 r--p 00001000 08:01 663242                     /usr/lib/x86_64-linux-gnu/libXinerama.so.1.0.0
7f95fa49c000-7f95fa49d000 rw-p 00002000 08:01 663242                     /usr/lib/x86_64-linux-gnu/libXinerama.so.1.0.0
7f95fa49d000-7f95fa597000 r-xp 00000000 08:01 2359471                    /lib/x86_64-linux-gnu/libglib-2.0.so.0.3508.0
7f95fa597000-7f95fa796000 ---p 000fa000 08:01 2359471                    /lib/x86_64-linux-gnu/libglib-2.0.so.0.3508.0
7f95fa796000-7f95fa797000 r--p 000f9000 08:01 2359471                    /lib/x86_64-linux-gnu/libglib-2.0.so.0.3508.0
7f95fa797000-7f95fa798000 rw-p 000fa000 08:01 2359471                    /lib/x86_64-linux-gnu/libglib-2.0.so.0.3508.0
7f95fa798000-7f95fa799000 rw-p 00000000 00:00 0 
7f95fa799000-7f95fa7e7000 r-xp 00000000 08:01 656005                     /usr/lib/x86_64-linux-gnu/libgobject-2.0.so.0.3508.0
7f95fa7e7000-7f95fa9e7000 ---p 0004e000 08:01 656005                     /usr/lib/x86_64-linux-gnu/libgobject-2.0.so.0.3508.0
7f95fa9e7000-7f95fa9e8000 r--p 0004e000 08:01 656005                     /usr/lib/x86_64-linux-gnu/libgobject-2.0.so.0.3508.0
7f95fa9e8000-7f95fa9e9000 rw-p 0004f000 08:01 656005                     /usr/lib/x86_64-linux-gnu/libgobject-2.0.so.0.3508.0
7f95fa9e9000-7f95faa20000 r-xp 00000000 08:01 663442                     /usr/lib/x86_64-linux-gnu/libfontconfig.so.1.6.2
7f95faa20000-7f95fac20000 ---p 00037000 08:01 663442                     /usr/lib/x86_64-linux-gnu/libfontconfig.so.1.6.2
7f95fac20000-7f95fac21000 r--p 00037000 08:01 663442                     /usr/lib/x86_64-linux-gnu/libfontconfig.so.1.6.2
7f95fac21000-7f95fac22000 rw-p 00038000 08:01 663442                     /usr/lib/x86_64-linux-gnu/libfontconfig.so.1.6.2
7f95fac22000-7f95fac23000 rw-p 00000000 00:00 0 
7f95fac23000-7f95fac6a000 r-xp 00000000 08:01 663795                     /usr/lib/x86_64-linux-gnu/libpango-1.0.so.0.3000.1
7f95fac6a000-7f95fae69000 ---p 00047000 08:01 663795                     /usr/lib/x86_64-linux-gnu/libpango-1.0.so.0.3000.1
7f95fae69000-7f95fae6b000 r--p 00046000 08:01 663795                     /usr/lib/x86_64-linux-gnu/libpango-1.0.so.0.3000.1
7f95fae6b000-7f95fae6c000 rw-p 00048000 08:01 663795                     /usr/lib/x86_64-linux-gnu/libpango-1.0.so.0.3000.1
7f95fae6c000-7f95fae96000 r-xp 00000000 08:01 663799                     /usr/lib/x86_64-linux-gnu/libpangoft2-1.0.so.0.3000.1
7f95fae96000-7f95fb095000 ---p 0002a000 08:01 663799                     /usr/lib/x86_64-linux-gnu/libpangoft2-1.0.so.0.3000.1
7f95fb095000-7f95fb096000 r--p 00029000 08:01 663799                     /usr/lib/x86_64-linux-gnu/libpangoft2-1.0.so.0.3000.1
7f95fb096000-7f95fb097000 rw-p 0002a000 08:01 663799                     /usr/lib/x86_64-linux-gnu/libpangoft2-1.0.so.0.3000.1
7f95fb097000-7f95fb1f6000 r-xp 00000000 08:01 655972                     /usr/lib/x86_64-linux-gnu/libgio-2.0.so.0.3508.0
7f95fb1f6000-7f95fb3f5000 ---p 0015f000 08:01 655972                     /usr/lib/x86_64-linux-gnu/libgio-2.0.so.0.3508.0
7f95fb3f5000-7f95fb3f9000 r--p 0015e000 08:01 655972                     /usr/lib/x86_64-linux-gnu/libgio-2.0.so.0.3508.0
7f95fb3f9000-7f95fb3fb000 rw-p 00162000 08:01 655972                     /usr/lib/x86_64-linux-gnu/libgio-2.0.so.0.3508.0
7f95fb3fb000-7f95fb3fd000 rw-p 00000000 00:00 0 
7f95fb3fd000-7f95fb41b000 r-xp 00000000 08:01 663496                     /usr/lib/x86_64-linux-gnu/libgdk_pixbuf-2.0.so.0.2600.5
7f95fb41b000-7f95fb61a000 ---p 0001e000 08:01 663496                     /usr/lib/x86_64-linux-gnu/libgdk_pixbuf-2.0.so.0.2600.5
7f95fb61a000-7f95fb61b000 r--p 0001d000 08:01 663496                     /usr/lib/x86_64-linux-gnu/libgdk_pixbuf-2.0.so.0.2600.5
7f95fb61b000-7f95fb61c000 rw-p 0001e000 08:01 663496                     /usr/lib/x86_64-linux-gnu/libgdk_pixbuf-2.0.so.0.2600.5
7f95fb61c000-7f95fb71a000 r-xp 00000000 08:01 655764                     /usr/lib/x86_64-linux-gnu/libcairo.so.2.11200.14
7f95fb71a000-7f95fb91a000 ---p 000fe000 08:01 655764                     /usr/lib/x86_64-linux-gnu/libcairo.so.2.11200.14
7f95fb91a000-7f95fb91d000 r--p 000fe000 08:01 655764                     /usr/lib/x86_64-linux-gnu/libcairo.so.2.11200.14
7f95fb91d000-7f95fb91e000 rw-p 00101000 08:01 655764                     /usr/lib/x86_64-linux-gnu/libcairo.so.2.11200.14
7f95fb91e000-7f95fb920000 rw-p 00000000 00:00 0 
7f95fb920000-7f95fb940000 r-xp 00000000 08:01 655904                     /usr/lib/x86_64-linux-gnu/libatk-1.0.so.0.20800.1
7f95fb940000-7f95fbb3f000 ---p 00020000 08:01 655904                     /usr/lib/x86_64-linux-gnu/libatk-1.0.so.0.20800.1
7f95fbb3f000-7f95fbb41000 r--p 0001f000 08:01 655904                     /usr/lib/x86_64-linux-gnu/libatk-1.0.so.0.20800.1
7f95fbb41000-7f95fbb42000 rw-p 00021000 08:01 655904                     /usr/lib/x86_64-linux-gnu/libatk-1.0.so.0.20800.1
7f95fbb42000-7f95fbb4d000 r-xp 00000000 08:01 663797                     /usr/lib/x86_64-linux-gnu/libpangocairo-1.0.so.0.3000.1
7f95fbb4d000-7f95fbd4c000 ---p 0000b000 08:01 663797                     /usr/lib/x86_64-linux-gnu/libpangocairo-1.0.so.0.3000.1
7f95fbd4c000-7f95fbd4d000 r--p 0000a000 08:01 663797                     /usr/lib/x86_64-linux-gnu/libpangocairo-1.0.so.0.3000.1
7f95fbd4d000-7f95fbd4e000 rw-p 0000b000 08:01 663797                     /usr/lib/x86_64-linux-gnu/libpangocairo-1.0.so.0.3000.1
7f95fbd4e000-7f95fbdfb000 r-xp 00000000 08:01 663494                     /usr/lib/x86_64-linux-gnu/libgdk-x11-2.0.so.0.2400.14
7f95fbdfb000-7f95fbffa000 ---p 000ad000 08:01 663494                     /usr/lib/x86_64-linux-gnu/libgdk-x11-2.0.so.0.2400.14
7f95fbffa000-7f95fbffe000 r--p 000ac000 08:01 663494                     /usr/lib/x86_64-linux-gnu/libgdk-x11-2.0.so.0.2400.14
7f95fbffe000-7f95fc000000 rw-p 000b0000 08:01 663494                     /usr/lib/x86_64-linux-gnu/libgdk-x11-2.0.so.0.2400.14
7f95fc000000-7f95fc021000 rw-p 00000000 00:00 0 
7f95fc021000-7f9600000000 ---p 00000000 00:00 0 
7f9600000000-7f9600001000 r--s 00000000 08:01 267246                     /var/cache/fontconfig/1ac9eb803944fde146138c791f5cc56a-le64.cache-3
7f9600001000-7f9600004000 r--s 00000000 08:01 266784                     /var/cache/fontconfig/8801497958630a81b71ace7c5f9b32a8-le64.cache-3
7f960008f000-7f96000c0000 rw-p 00000000 00:00 0 
7f96000c0000-7f96004ed000 r-xp 00000000 08:01 663633                     /usr/lib/x86_64-linux-gnu/libgtk-x11-2.0.so.0.2400.14
7f96004ed000-7f96006ec000 ---p 0042d000 08:01 663633                     /usr/lib/x86_64-linux-gnu/libgtk-x11-2.0.so.0.2400.14
7f96006ec000-7f96006f3000 r--p 0042c000 08:01 663633                     /usr/lib/x86_64-linux-gnu/libgtk-x11-2.0.so.0.2400.14
7f96006f3000-7f96006f7000 rw-p 00433000 08:01 663633                     /usr/lib/x86_64-linux-gnu/libgtk-x11-2.0.so.0.2400.14
7f96006f7000-7f96006f9000 rw-p 00000000 00:00 0 
7f96006f9000-7f96006fc000 ---p 00000000 00:00 0 
7f96006fc000-7f96007fa000 rw-p 00000000 00:00 0                          [stack:18918]
7f96007fa000-7f96007fd000 ---p 00000000 00:00 0 
7f96007fd000-7f96008fb000 rw-p 00000000 00:00 0                          [stack:18917]
7f96008fb000-7f96008fe000 ---p 00000000 00:00 0 
7f96008fe000-7f96009fc000 rw-p 00000000 00:00 0                          [stack:18916]
7f96009fc000-7f9600a01000 r-xp 00000000 08:01 663236                     /usr/lib/x86_64-linux-gnu/libXfixes.so.3.1.0
7f9600a01000-7f9600c00000 ---p 00005000 08:01 663236                     /usr/lib/x86_64-linux-gnu/libXfixes.so.3.1.0
7f9600c00000-7f9600c01000 r--p 00004000 08:01 663236                     /usr/lib/x86_64-linux-gnu/libXfixes.so.3.1.0
7f9600c01000-7f9600c02000 rw-p 00005000 08:01 663236                     /usr/lib/x86_64-linux-gnu/libXfixes.so.3.1.0
7f9600c02000-7f9600c0b000 r-xp 00000000 08:01 663228                     /usr/lib/x86_64-linux-gnu/libXcursor.so.1.0.2
7f9600c0b000-7f9600e0b000 ---p 00009000 08:01 663228                     /usr/lib/x86_64-linux-gnu/libXcursor.so.1.0.2
7f9600e0b000-7f9600e0c000 r--p 00009000 08:01 663228                     /usr/lib/x86_64-linux-gnu/libXcursor.so.1.0.2
7f9600e0c000-7f9600e0d000 rw-p 0000a000 08:01 663228                     /usr/lib/x86_64-linux-gnu/libXcursor.so.1.0.2
7f9600e0d000-7f9600e10000 ---p 00000000 00:00 0 
7f9600e10000-7f9600f0e000 rw-p 00000000 00:00 0                          [stack:18915]
7f9600f0e000-7f9600f13000 r-xp 00000000 08:01 663232                     /usr/lib/x86_64-linux-gnu/libXdmcp.so.6.0.0
7f9600f13000-7f9601112000 ---p 00005000 08:01 663232                     /usr/lib/x86_64-linux-gnu/libXdmcp.so.6.0.0
7f9601112000-7f9601113000 r--p 00004000 08:01 663232                     /usr/lib/x86_64-linux-gnu/libXdmcp.so.6.0.0
7f9601113000-7f9601114000 rw-p 00005000 08:01 663232                     /usr/lib/x86_64-linux-gnu/libXdmcp.so.6.0.0
7f9601114000-7f9601116000 r-xp 00000000 08:01 663221                     /usr/lib/x86_64-linux-gnu/libXau.so.6.0.0
7f9601116000-7f9601316000 ---p 00002000 08:01 663221                     /usr/lib/x86_64-linux-gnu/libXau.so.6.0.0
7f9601316000-7f9601317000 r--p 00002000 08:01 663221                     /usr/lib/x86_64-linux-gnu/libXau.so.6.0.0
7f9601317000-7f9601318000 rw-p 00003000 08:01 663221                     /usr/lib/x86_64-linux-gnu/libXau.so.6.0.0
7f9601318000-7f9601335000 r-xp 00000000 08:01 655715                     /usr/lib/x86_64-linux-gnu/libxcb.so.1.1.0
7f9601335000-7f9601534000 ---p 0001d000 08:01 655715                     /usr/lib/x86_64-linux-gnu/libxcb.so.1.1.0
7f9601534000-7f9601535000 r--p 0001c000 08:01 655715                     /usr/lib/x86_64-linux-gnu/libxcb.so.1.1.0
7f9601535000-7f9601536000 rw-p 0001d000 08:01 655715                     /usr/lib/x86_64-linux-gnu/libxcb.so.1.1.0
7f9601536000-7f9601544000 r-xp 00000000 08:01 657311                     /usr/lib/x86_64-linux-gnu/libXi.so.6.1.0
7f9601544000-7f9601743000 ---p 0000e000 08:01 657311                     /usr/lib/x86_64-linux-gnu/libXi.so.6.1.0
7f9601743000-7f9601744000 r--p 0000d000 08:01 657311                     /usr/lib/x86_64-linux-gnu/libXi.so.6.1.0
7f9601744000-7f9601745000 rw-p 0000e000 08:01 657311                     /usr/lib/x86_64-linux-gnu/libXi.so.6.1.0
7f9601745000-7f960174a000 r-xp 00000000 08:01 663258                     /usr/lib/x86_64-linux-gnu/libXtst.so.6.1.0
7f960174a000-7f9601949000 ---p 00005000 08:01 663258                     /usr/lib/x86_64-linux-gnu/libXtst.so.6.1.0
7f9601949000-7f960194a000 r--p 00004000 08:01 663258                     /usr/lib/x86_64-linux-gnu/libXtst.so.6.1.0
7f960194a000-7f960194b000 rw-p 00005000 08:01 663258                     /usr/lib/x86_64-linux-gnu/libXtst.so.6.1.0
7f960194b000-7f9601954000 r-xp 00000000 08:01 663254                     /usr/lib/x86_64-linux-gnu/libXrender.so.1.3.0
7f9601954000-7f9601b53000 ---p 00009000 08:01 663254                     /usr/lib/x86_64-linux-gnu/libXrender.so.1.3.0
7f9601b53000-7f9601b54000 r--p 00008000 08:01 663254                     /usr/lib/x86_64-linux-gnu/libXrender.so.1.3.0
7f9601b54000-7f9601b55000 rw-p 00009000 08:01 663254                     /usr/lib/x86_64-linux-gnu/libXrender.so.1.3.0
7f9601b55000-7f9601c89000 r-xp 00000000 08:01 663217                     /usr/lib/x86_64-linux-gnu/libX11.so.6.3.0
7f9601c89000-7f9601e89000 ---p 00134000 08:01 663217                     /usr/lib/x86_64-linux-gnu/libX11.so.6.3.0
7f9601e89000-7f9601e8a000 r--p 00134000 08:01 663217                     /usr/lib/x86_64-linux-gnu/libX11.so.6.3.0
7f9601e8a000-7f9601e8f000 rw-p 00135000 08:01 663217                     /usr/lib/x86_64-linux-gnu/libX11.so.6.3.0
7f9601e8f000-7f9601e9f000 r-xp 00000000 08:01 663234                     /usr/lib/x86_64-linux-gnu/libXext.so.6.4.0
7f9601e9f000-7f960209f000 ---p 00010000 08:01 663234                     /usr/lib/x86_64-linux-gnu/libXext.so.6.4.0
7f960209f000-7f96020a0000 r--p 00010000 08:01 663234                     /usr/lib/x86_64-linux-gnu/libXext.so.6.4.0
7f96020a0000-7f96020a1000 rw-p 00011000 08:01 663234                     /usr/lib/x86_64-linux-gnu/libXext.so.6.4.0
7f96020a1000-7f96020a2000 r--s 00000000 08:01 267048                     /var/cache/fontconfig/dc05db6664285cc2f12bf69c139ae4c3-le64.cache-3
7f96020a2000-7f96020a3000 r--s 00000000 08:01 266762                     /var/cache/fontconfig/4794a0821666d79190d59a36cb4f44b5-le64.cache-3
7f96020a3000-7f96020a4000 r--s 00000000 08:01 266782                     /var/cache/fontconfig/56cf4f4769d0f4abc89a4895d7bd3ae1-le64.cache-3
7f96020a4000-7f96020a5000 r--s 00000000 08:01 266781                     /var/cache/fontconfig/b9d506c9ac06c20b433354fa67a72993-le64.cache-3
7f96020b1000-7f96020b2000 rw-p 00000000 00:00 0 
7f96020b2000-7f96020b6000 r--s 0002d000 08:01 1188249                    /usr/lib/jvm/java-7-oracle/jre/lib/ext/sunjce_provider.jar
7f96020b6000-7f96020b7000 r--s 00003000 08:01 1188255                    /usr/lib/jvm/java-7-oracle/jre/lib/ext/sunec.jar
7f96020b7000-7f96020bb000 rw-s 00000000 00:04 210108435                  /SYSV00000000 (deleted)
7f96020bb000-7f960210b000 r-xp 00000000 08:01 1188858                    /usr/lib/jvm/java-7-oracle/jre/lib/amd64/xawt/libmawt.so
7f960210b000-7f960230b000 ---p 00050000 08:01 1188858                    /usr/lib/jvm/java-7-oracle/jre/lib/amd64/xawt/libmawt.so
7f960230b000-7f960230f000 rw-p 00050000 08:01 1188858                    /usr/lib/jvm/java-7-oracle/jre/lib/amd64/xawt/libmawt.so
7f960230f000-7f9602310000 rw-p 00000000 00:00 0 
7f9602310000-7f96023b2000 r-xp 00000000 08:01 1188894                    /usr/lib/jvm/java-7-oracle/jre/lib/amd64/libawt.so
7f96023b2000-7f96025b2000 ---p 000a2000 08:01 1188894                    /usr/lib/jvm/java-7-oracle/jre/lib/amd64/libawt.so
7f96025b2000-7f96025be000 rw-p 000a2000 08:01 1188894                    /usr/lib/jvm/java-7-oracle/jre/lib/amd64/libawt.so
7f96025be000-7f96025e2000 rw-p 00000000 00:00 0 
7f96025e2000-7f96025f1000 r--s 0009f000 08:01 2367992                    /home/fabiano/.m2/repository/com/google/inject/guice/3.0/guice-3.0.jar
7f96025f1000-7f960261e000 r--s 001bb000 08:01 2360301                    /home/fabiano/.m2/repository/org/bouncycastle/bcprov-jdk15on/1.47/bcprov-jdk15on-1.47.jar
7f960261e000-7f960261f000 ---p 00000000 00:00 0 
7f960261f000-7f960271f000 rw-p 00000000 00:00 0                          [stack:18914]
7f960271f000-7f9602722000 ---p 00000000 00:00 0 
7f9602722000-7f9602820000 rw-p 00000000 00:00 0                          [stack:18913]
7f9602820000-7f9602823000 ---p 00000000 00:00 0 
7f9602823000-7f9602921000 rw-p 00000000 00:00 0                          [stack:18912]
7f9602921000-7f9602924000 ---p 00000000 00:00 0 
7f9602924000-7f9602a22000 rw-p 00000000 00:00 0                          [stack:18911]
7f9602a22000-7f9602a25000 ---p 00000000 00:00 0 
7f9602a25000-7f9602b23000 rw-p 00000000 00:00 0                          [stack:18910]
7f9602b23000-7f9602dee000 r--p 00000000 08:01 666783                     /usr/lib/locale/locale-archive
7f9602dee000-7f9602df1000 ---p 00000000 00:00 0 
7f9602df1000-7f9602eef000 rw-p 00000000 00:00 0                          [stack:18909]
7f9602eef000-7f9602ef2000 ---p 00000000 00:00 0 
7f9602ef2000-7f9604000000 rw-p 00000000 00:00 0                          [stack:18908]
7f9604000000-7f9604021000 rw-p 00000000 00:00 0 
7f9604021000-7f9608000000 ---p 00000000 00:00 0 
7f9608000000-7f9608001000 r--s 00000000 08:01 266778                     /var/cache/fontconfig/0c9eb80ebd1c36541ebe2852d3bb0c49-le64.cache-3
7f9608001000-7f960800b000 r--s 00254000 08:01 1188929                    /usr/lib/jvm/java-7-oracle/jre/lib/resources.jar
7f960800b000-7f960800d000 r--s 00000000 08:01 2757635                    /home/fabiano/.m2/repository/aopalliance/aopalliance/1.0/aopalliance-1.0.jar
7f960800d000-7f960800e000 r--s 00000000 08:01 2626766                    /home/fabiano/.m2/repository/javax/inject/javax.inject/1/javax.inject-1.jar
7f960800e000-7f9608018000 r--s 00067000 08:01 1188353                    /usr/lib/jvm/java-7-oracle/jre/lib/javaws.jar
7f9608018000-7f960801b000 r--s 000f7000 08:01 1188252                    /usr/lib/jvm/java-7-oracle/jre/lib/ext/localedata.jar
7f960801b000-7f9608020000 r--s 0002b000 08:01 2757630                    /home/fabiano/.m2/repository/org/jdesktop/bsaf/bsaf/1.9.2/bsaf-1.9.2.jar
7f9608020000-7f960802c000 r--s 00072000 08:01 2360300                    /home/fabiano/.m2/repository/org/bouncycastle/bcpkix-jdk15on/1.47/bcpkix-jdk15on-1.47.jar
7f960802c000-7f960802e000 r--s 0000d000 08:01 2231281                    /home/fabiano/.m2/repository/commons-logging/commons-logging/1.1.1/commons-logging-1.1.1.jar
7f960802e000-7f9608030000 r--s 0000b000 08:01 2360472                    /home/fabiano/.m2/repository/org/apache/pdfbox/jempbox/1.7.0/jempbox-1.7.0.jar
7f9608030000-7f9608034000 r--s 0002a000 08:01 2360471                    /home/fabiano/.m2/repository/org/apache/pdfbox/fontbox/1.7.0/fontbox-1.7.0.jar
7f9608034000-7f960804a000 r--s 003a5000 08:01 2360470                    /home/fabiano/.m2/repository/org/apache/pdfbox/pdfbox/1.7.0/pdfbox-1.7.0.jar
7f960804a000-7f960805b000 r--s 0019d000 08:01 2231195                    /home/fabiano/.m2/repository/com/itextpdf/itextpdf/5.3.0/itextpdf-5.3.0.jar
7f960805b000-7f960805f000 r--s 0002a000 08:01 2231237                    /home/fabiano/.m2/repository/commons-io/commons-io/2.4/commons-io-2.4.jar
7f960805f000-7f960807a000 r--s 00147000 08:01 2231236                    /home/fabiano/.m2/repository/org/swinglabs/swingx-core/1.6.2-2/swingx-core-1.6.2-2.jar
7f960807a000-7f960807f000 r--s 00041000 08:01 2231235                    /home/fabiano/.m2/repository/commons-lang/commons-lang/2.6/commons-lang-2.6.jar
7f960807f000-7f9608080000 r--s 00002000 08:01 2231234                    /home/fabiano/.m2/repository/be/cyberelf/nanoxml/lite/2.2.3/lite-2.2.3.jar
7f9608080000-7f9608081000 r--s 00001000 08:01 2231233                    /home/fabiano/.m2/repository/net/java/dev/laf-plugin/laf-plugin/1.1/laf-plugin-1.1.jar
7f9608081000-7f9608086000 r--s 00026000 08:01 2231232                    /home/fabiano/.m2/repository/asm/asm-all/2.2.3/asm-all-2.2.3.jar
7f9608086000-7f9608095000 r--s 000ee000 08:01 2231231                    /home/fabiano/.m2/repository/ant/ant/1.6.5/ant-1.6.5.jar
7f9608095000-7f960809e000 r--s 00055000 08:01 2231230                    /home/fabiano/.m2/repository/net/java/dev/laf-widget/laf-widget/5.0/laf-widget-5.0.jar
7f960809e000-7f96080a4000 r--s 00019000 08:01 2231227                    /home/fabiano/.m2/repository/xerces/xmlParserAPIs/2.6.2/xmlParserAPIs-2.6.2.jar
7f96080a4000-7f96080a9000 r--s 00026000 08:01 2231225                    /home/fabiano/.m2/repository/org/apache/httpcomponents/httpcore/4.0.1/httpcore-4.0.1.jar
7f96080a9000-7f96080b1000 r--s 00040000 08:01 2231224                    /home/fabiano/.m2/repository/org/apache/httpcomponents/httpclient/4.0.1/httpclient-4.0.1.jar
7f96080b1000-7f96080f1000 r--s 0041e000 08:01 2231181                    /home/fabiano/.m2/repository/com/google/android/android/2.1_r1/android-2.1_r1.jar
7f96080f1000-7f96080f2000 ---p 00000000 00:00 0 
7f96080f2000-7f9609000000 rw-p 00000000 00:00 0                          [stack:18907]
7f9609000000-7f9609270000 rwxp 00000000 00:00 0 
7f9609270000-7f960c398000 rw-p 00000000 00:00 0 
7f960c398000-7f9610000000 ---p 00000000 00:00 0 
7f9610000000-7f9610003000 r--s 0001b000 08:01 2231229                    /home/fabiano/.m2/repository/xpp3/xpp3/1.1.4c/xpp3-1.1.4c.jar
7f9610003000-7f9610018000 r--s 001d3000 08:01 2231223                    /home/fabiano/.m2/repository/org/eclipse/swt/win32/win32/x86/3.3.0-v3346/x86-3.3.0-v3346.jar
7f9610018000-7f961001c000 r--s 00016000 08:01 2231222                    /home/fabiano/.m2/repository/org/pushing-pixels/trident/1.2/trident-1.2.jar
7f961001c000-7f9610038000 r--s 00143000 08:01 2231178                    /home/fabiano/.m2/repository/org/java/net/substance/substance/6.0/substance-6.0.jar
7f9610038000-7f961024e000 rw-p 00000000 00:00 0 
7f961024e000-7f961040b000 r--s 039da000 08:01 1188835                    /usr/lib/jvm/java-7-oracle/jre/lib/rt.jar
7f961040b000-7f9610433000 rw-p 00000000 00:00 0 
7f9610433000-7f9610434000 ---p 00000000 00:00 0 
7f9610434000-7f9610534000 rw-p 00000000 00:00 0                          [stack:18906]
7f9610534000-7f9610535000 ---p 00000000 00:00 0 
7f9610535000-7f9610635000 rw-p 00000000 00:00 0                          [stack:18905]
7f9610635000-7f9610636000 ---p 00000000 00:00 0 
7f9610636000-7f9610736000 rw-p 00000000 00:00 0                          [stack:18904]
7f9610736000-7f9610737000 ---p 00000000 00:00 0 
7f9610737000-7f9610843000 rw-p 00000000 00:00 0                          [stack:18903]
7f9610843000-7f9610860000 rw-p 00000000 00:00 0 
7f9610860000-7f961088a000 rw-p 00000000 00:00 0 
7f961088a000-7f9610af2000 rw-p 00000000 00:00 0 
7f9610af2000-7f9610afe000 rw-p 00000000 00:00 0 
7f9610afe000-7f9610b1b000 rw-p 00000000 00:00 0 
7f9610b1b000-7f9610b45000 rw-p 00000000 00:00 0 
7f9610b45000-7f9610dad000 rw-p 00000000 00:00 0 
7f9610dad000-7f9610dc2000 rw-p 00000000 00:00 0 
7f9610dc2000-7f9610ef6000 rw-p 00000000 00:00 0 
7f9610ef6000-7f9610ef7000 rw-p 00000000 00:00 0 
7f9610ef7000-7f9610f11000 r-xp 00000000 08:01 1188874                    /usr/lib/jvm/java-7-oracle/jre/lib/amd64/libzip.so
7f9610f11000-7f9611111000 ---p 0001a000 08:01 1188874                    /usr/lib/jvm/java-7-oracle/jre/lib/amd64/libzip.so
7f9611111000-7f9611112000 rw-p 0001a000 08:01 1188874                    /usr/lib/jvm/java-7-oracle/jre/lib/amd64/libzip.so
7f9611112000-7f961111e000 r-xp 00000000 08:01 2359582                    /lib/x86_64-linux-gnu/libnss_files-2.17.so
7f961111e000-7f961131d000 ---p 0000c000 08:01 2359582                    /lib/x86_64-linux-gnu/libnss_files-2.17.so
7f961131d000-7f961131e000 r--p 0000b000 08:01 2359582                    /lib/x86_64-linux-gnu/libnss_files-2.17.so
7f961131e000-7f961131f000 rw-p 0000c000 08:01 2359582                    /lib/x86_64-linux-gnu/libnss_files-2.17.so
7f961131f000-7f961132a000 r-xp 00000000 08:01 2359580                    /lib/x86_64-linux-gnu/libnss_nis-2.17.so
7f961132a000-7f9611529000 ---p 0000b000 08:01 2359580                    /lib/x86_64-linux-gnu/libnss_nis-2.17.so
7f9611529000-7f961152a000 r--p 0000a000 08:01 2359580                    /lib/x86_64-linux-gnu/libnss_nis-2.17.so
7f961152a000-7f961152b000 rw-p 0000b000 08:01 2359580                    /lib/x86_64-linux-gnu/libnss_nis-2.17.so
7f961152b000-7f9611542000 r-xp 00000000 08:01 2359559                    /lib/x86_64-linux-gnu/libnsl-2.17.so
7f9611542000-7f9611741000 ---p 00017000 08:01 2359559                    /lib/x86_64-linux-gnu/libnsl-2.17.so
7f9611741000-7f9611742000 r--p 00016000 08:01 2359559                    /lib/x86_64-linux-gnu/libnsl-2.17.so
7f9611742000-7f9611743000 rw-p 00017000 08:01 2359559                    /lib/x86_64-linux-gnu/libnsl-2.17.so
7f9611743000-7f9611745000 rw-p 00000000 00:00 0 
7f9611745000-7f961174d000 r-xp 00000000 08:01 2359565                    /lib/x86_64-linux-gnu/libnss_compat-2.17.so
7f961174d000-7f961194c000 ---p 00008000 08:01 2359565                    /lib/x86_64-linux-gnu/libnss_compat-2.17.so
7f961194c000-7f961194d000 r--p 00007000 08:01 2359565                    /lib/x86_64-linux-gnu/libnss_compat-2.17.so
7f961194d000-7f961194e000 rw-p 00008000 08:01 2359565                    /lib/x86_64-linux-gnu/libnss_compat-2.17.so
7f961194e000-7f9611977000 r-xp 00000000 08:01 1188876                    /usr/lib/jvm/java-7-oracle/jre/lib/amd64/libjava.so
7f9611977000-7f9611b77000 ---p 00029000 08:01 1188876                    /usr/lib/jvm/java-7-oracle/jre/lib/amd64/libjava.so
7f9611b77000-7f9611b79000 rw-p 00029000 08:01 1188876                    /usr/lib/jvm/java-7-oracle/jre/lib/amd64/libjava.so
7f9611b79000-7f9611b86000 r-xp 00000000 08:01 1188903                    /usr/lib/jvm/java-7-oracle/jre/lib/amd64/libverify.so
7f9611b86000-7f9611d85000 ---p 0000d000 08:01 1188903                    /usr/lib/jvm/java-7-oracle/jre/lib/amd64/libverify.so
7f9611d85000-7f9611d87000 rw-p 0000c000 08:01 1188903                    /usr/lib/jvm/java-7-oracle/jre/lib/amd64/libverify.so
7f9611d87000-7f9611d8e000 r-xp 00000000 08:01 2359583                    /lib/x86_64-linux-gnu/librt-2.17.so
7f9611d8e000-7f9611f8d000 ---p 00007000 08:01 2359583                    /lib/x86_64-linux-gnu/librt-2.17.so
7f9611f8d000-7f9611f8e000 r--p 00006000 08:01 2359583                    /lib/x86_64-linux-gnu/librt-2.17.so
7f9611f8e000-7f9611f8f000 rw-p 00007000 08:01 2359583                    /lib/x86_64-linux-gnu/librt-2.17.so
7f9611f8f000-7f9612092000 r-xp 00000000 08:01 2359571                    /lib/x86_64-linux-gnu/libm-2.17.so
7f9612092000-7f9612292000 ---p 00103000 08:01 2359571                    /lib/x86_64-linux-gnu/libm-2.17.so
7f9612292000-7f9612293000 r--p 00103000 08:01 2359571                    /lib/x86_64-linux-gnu/libm-2.17.so
7f9612293000-7f9612294000 rw-p 00104000 08:01 2359571                    /lib/x86_64-linux-gnu/libm-2.17.so
7f9612294000-7f9612cdb000 r-xp 00000000 08:01 1188865                    /usr/lib/jvm/java-7-oracle/jre/lib/amd64/server/libjvm.so
7f9612cdb000-7f9612edb000 ---p 00a47000 08:01 1188865                    /usr/lib/jvm/java-7-oracle/jre/lib/amd64/server/libjvm.so
7f9612edb000-7f9612f7e000 rw-p 00a47000 08:01 1188865                    /usr/lib/jvm/java-7-oracle/jre/lib/amd64/server/libjvm.so
7f9612f7e000-7f9612fba000 rw-p 00000000 00:00 0 
7f9612fba000-7f9613178000 r-xp 00000000 08:01 2359588                    /lib/x86_64-linux-gnu/libc-2.17.so
7f9613178000-7f9613377000 ---p 001be000 08:01 2359588                    /lib/x86_64-linux-gnu/libc-2.17.so
7f9613377000-7f961337b000 r--p 001bd000 08:01 2359588                    /lib/x86_64-linux-gnu/libc-2.17.so
7f961337b000-7f961337d000 rw-p 001c1000 08:01 2359588                    /lib/x86_64-linux-gnu/libc-2.17.so
7f961337d000-7f9613382000 rw-p 00000000 00:00 0 
7f9613382000-7f9613385000 r-xp 00000000 08:01 2359589                    /lib/x86_64-linux-gnu/libdl-2.17.so
7f9613385000-7f9613584000 ---p 00003000 08:01 2359589                    /lib/x86_64-linux-gnu/libdl-2.17.so
7f9613584000-7f9613585000 r--p 00002000 08:01 2359589                    /lib/x86_64-linux-gnu/libdl-2.17.so
7f9613585000-7f9613586000 rw-p 00003000 08:01 2359589                    /lib/x86_64-linux-gnu/libdl-2.17.so
7f9613586000-7f961359c000 r-xp 00000000 08:01 1188896                    /usr/lib/jvm/java-7-oracle/jre/lib/amd64/jli/libjli.so
7f961359c000-7f961379c000 ---p 00016000 08:01 1188896                    /usr/lib/jvm/java-7-oracle/jre/lib/amd64/jli/libjli.so
7f961379c000-7f961379d000 rw-p 00016000 08:01 1188896                    /usr/lib/jvm/java-7-oracle/jre/lib/amd64/jli/libjli.so
7f961379d000-7f96137b5000 r-xp 00000000 08:01 2359599                    /lib/x86_64-linux-gnu/libpthread-2.17.so
7f96137b5000-7f96139b4000 ---p 00018000 08:01 2359599                    /lib/x86_64-linux-gnu/libpthread-2.17.so
7f96139b4000-7f96139b5000 r--p 00017000 08:01 2359599                    /lib/x86_64-linux-gnu/libpthread-2.17.so
7f96139b5000-7f96139b6000 rw-p 00018000 08:01 2359599                    /lib/x86_64-linux-gnu/libpthread-2.17.so
7f96139b6000-7f96139ba000 rw-p 00000000 00:00 0 
7f96139ba000-7f96139dd000 r-xp 00000000 08:01 2359577                    /lib/x86_64-linux-gnu/ld-2.17.so
7f96139dd000-7f96139de000 r--s 00004000 08:01 2231226                    /home/fabiano/.m2/repository/org/khronos/opengl-api/gl1.1-android-2.1_r1/opengl-api-gl1.1-android-2.1_r1.jar
7f96139de000-7f96139e0000 r--s 0000a000 08:01 2231280                    /home/fabiano/.m2/repository/commons-codec/commons-codec/1.3/commons-codec-1.3.jar
7f96139e0000-7f96139e3000 r--s 00010000 08:01 2231221                    /home/fabiano/.m2/repository/it/tidalwave/betterbeansbinding/betterbeansbinding-swingbinding/1.3.0/betterbeansbinding-swingbinding-1.3.0.jar
7f96139e3000-7f96139ef000 r--s 0006a000 08:01 2231210                    /home/fabiano/.m2/repository/com/thoughtworks/xstream/xstream/1.4.2/xstream-1.4.2.jar
7f96139ef000-7f96139fb000 r--s 003dc000 08:01 789850                     /home/fabiano/downloads/SwingBox-bin-0.1.jar
7f96139fb000-7f9613a05000 rw-p 00000000 00:00 0 
7f9613a05000-7f9613abb000 rw-p 00000000 00:00 0 
7f9613abb000-7f9613abe000 ---p 00000000 00:00 0 
7f9613abe000-7f9613bc0000 rw-p 00000000 00:00 0                          [stack:18899]
7f9613bc0000-7f9613bc3000 r--s 0001e000 08:01 2231220                    /home/fabiano/.m2/repository/it/tidalwave/betterbeansbinding/betterbeansbinding-el/1.3.0/betterbeansbinding-el-1.3.0.jar
7f9613bc3000-7f9613bc5000 r--s 00006000 08:01 2231219                    /home/fabiano/.m2/repository/com/google/code/findbugs/jsr305/1.3.7/jsr305-1.3.7.jar
7f9613bc5000-7f9613bc8000 r--s 00013000 08:01 2231218                    /home/fabiano/.m2/repository/it/tidalwave/betterbeansbinding/betterbeansbinding-core/1.3.0/betterbeansbinding-core-1.3.0.jar
7f9613bc8000-7f9613bca000 r--s 00005000 08:01 2231212                    /home/fabiano/.m2/repository/xpp3/xpp3_min/1.1.4c/xpp3_min-1.1.4c.jar
7f9613bca000-7f9613bcb000 r--s 00001000 08:01 2231211                    /home/fabiano/.m2/repository/xmlpull/xmlpull/1.1.3.1/xmlpull-1.1.3.1.jar
7f9613bcb000-7f9613bd0000 r--s 00046000 08:01 3017416                    /home/fabiano/downloads/iaikPkcs11Wrapper_1_2_18/bin/iaikPkcs11Wrapper.jar
7f9613bd0000-7f9613bd8000 rw-s 00000000 08:01 1974908                    /tmp/hsperfdata_fabiano/18897
7f9613bd8000-7f9613bd9000 rw-p 00000000 00:00 0 
7f9613bd9000-7f9613bda000 r--p 00000000 00:00 0 
7f9613bda000-7f9613bdc000 rw-p 00000000 00:00 0 
7f9613bdc000-7f9613bdd000 r--p 00022000 08:01 2359577                    /lib/x86_64-linux-gnu/ld-2.17.so
7f9613bdd000-7f9613bdf000 rw-p 00023000 08:01 2359577                    /lib/x86_64-linux-gnu/ld-2.17.so
7fffb5034000-7fffb5056000 rw-p 00000000 00:00 0                          [stack]
7fffb51d7000-7fffb51d9000 r-xp 00000000 00:00 0                          [vdso]
ffffffffff600000-ffffffffff601000 r-xp 00000000 00:00 0                  [vsyscall]

VM Arguments:
jvm_args: -Dfile.encoding=UTF-8 
java_command: tc.fab.firma.Main
Launcher Type: SUN_STANDARD

Environment Variables:
PATH=/usr/lib/lightdm/lightdm:/usr/local/sbin:/usr/local/bin:/usr/sbin:/usr/bin:/sbin:/bin:/usr/games:/usr/local/games
SHELL=/bin/zsh
DISPLAY=:0

Signal Handlers:
SIGSEGV: [libjvm.so+0x8a5d70], sa_mask[0]=0x7ffbfeff, sa_flags=0x10000004
SIGBUS: [libjvm.so+0x8a5d70], sa_mask[0]=0x7ffbfeff, sa_flags=0x10000004
SIGFPE: [libjvm.so+0x741e50], sa_mask[0]=0x7ffbfeff, sa_flags=0x10000004
SIGPIPE: SIG_IGN, sa_mask[0]=0x00001000, sa_flags=0x10000000
SIGXFSZ: [libjvm.so+0x741e50], sa_mask[0]=0x7ffbfeff, sa_flags=0x10000004
SIGILL: [libjvm.so+0x741e50], sa_mask[0]=0x7ffbfeff, sa_flags=0x10000004
SIGUSR1: SIG_DFL, sa_mask[0]=0x00000000, sa_flags=0x00000000
SIGUSR2: [libjvm.so+0x7417a0], sa_mask[0]=0x00000004, sa_flags=0x10000004
SIGHUP: [libjvm.so+0x743b30], sa_mask[0]=0x7ffbfeff, sa_flags=0x10000004
SIGINT: [libjvm.so+0x743b30], sa_mask[0]=0x7ffbfeff, sa_flags=0x10000004
SIGTERM: [libjvm.so+0x743b30], sa_mask[0]=0x7ffbfeff, sa_flags=0x10000004
SIGQUIT: [libjvm.so+0x743b30], sa_mask[0]=0x7ffbfeff, sa_flags=0x10000004


---------------  S Y S T E M  ---------------

OS:wheezy/sid

uname:Linux 3.8.0-7-generic #15-Ubuntu SMP Thu Feb 21 20:07:18 UTC 2013 x86_64
libc:glibc 2.17 NPTL 2.17 
rlimit: STACK 8192k, CORE 0k, NPROC 62959, NOFILE 4096, AS infinity
load average:4,00 2,38 1,08

/proc/meminfo:
MemTotal:        8077852 kB
MemFree:         1187992 kB
Buffers:          202744 kB
Cached:          4521908 kB
SwapCached:            0 kB
Active:          4193696 kB
Inactive:        2356892 kB
Active(anon):    1839752 kB
Inactive(anon):   557036 kB
Active(file):    2353944 kB
Inactive(file):  1799856 kB
Unevictable:          32 kB
Mlocked:              32 kB
SwapTotal:             0 kB
SwapFree:              0 kB
Dirty:               484 kB
Writeback:             0 kB
AnonPages:       1826480 kB
Mapped:           325384 kB
Shmem:            570768 kB
Slab:             223792 kB
SReclaimable:     191604 kB
SUnreclaim:        32188 kB
KernelStack:        4112 kB
PageTables:        30752 kB
NFS_Unstable:          0 kB
Bounce:                0 kB
WritebackTmp:          0 kB
CommitLimit:     4038924 kB
Committed_AS:    5969712 kB
VmallocTotal:   34359738367 kB
VmallocUsed:      551252 kB
VmallocChunk:   34359181276 kB
HardwareCorrupted:     0 kB
AnonHugePages:         0 kB
HugePages_Total:       0
HugePages_Free:        0
HugePages_Rsvd:        0
HugePages_Surp:        0
Hugepagesize:       2048 kB
DirectMap4k:      157696 kB
DirectMap2M:     8138752 kB


CPU:total 4 (2 cores per cpu, 2 threads per core) family 6 model 58 stepping 9, cmov, cx8, fxsr, mmx, sse, sse2, sse3, ssse3, sse4.1, sse4.2, popcnt, avx, ht, tsc, tscinvbit, tscinv

/proc/cpuinfo:
processor	: 0
vendor_id	: GenuineIntel
cpu family	: 6
model		: 58
model name	: Intel(R) Core(TM) i5-3317U CPU @ 1.70GHz
stepping	: 9
microcode	: 0x12
cpu MHz		: 1600.000
cache size	: 3072 KB
physical id	: 0
siblings	: 4
core id		: 0
cpu cores	: 2
apicid		: 0
initial apicid	: 0
fpu		: yes
fpu_exception	: yes
cpuid level	: 13
wp		: yes
flags		: fpu vme de pse tsc msr pae mce cx8 apic sep mtrr pge mca cmov pat pse36 clflush dts acpi mmx fxsr sse sse2 ss ht tm pbe syscall nx rdtscp lm constant_tsc arch_perfmon pebs bts rep_good nopl xtopology nonstop_tsc aperfmperf eagerfpu pni pclmulqdq dtes64 monitor ds_cpl vmx est tm2 ssse3 cx16 xtpr pdcm pcid sse4_1 sse4_2 x2apic popcnt tsc_deadline_timer aes xsave avx f16c rdrand lahf_lm ida arat epb xsaveopt pln pts dtherm tpr_shadow vnmi flexpriority ept vpid fsgsbase smep erms
bogomips	: 3392.18
clflush size	: 64
cache_alignment	: 64
address sizes	: 36 bits physical, 48 bits virtual
power management:

processor	: 1
vendor_id	: GenuineIntel
cpu family	: 6
model		: 58
model name	: Intel(R) Core(TM) i5-3317U CPU @ 1.70GHz
stepping	: 9
microcode	: 0x12
cpu MHz		: 1701.000
cache size	: 3072 KB
physical id	: 0
siblings	: 4
core id		: 0
cpu cores	: 2
apicid		: 1
initial apicid	: 1
fpu		: yes
fpu_exception	: yes
cpuid level	: 13
wp		: yes
flags		: fpu vme de pse tsc msr pae mce cx8 apic sep mtrr pge mca cmov pat pse36 clflush dts acpi mmx fxsr sse sse2 ss ht tm pbe syscall nx rdtscp lm constant_tsc arch_perfmon pebs bts rep_good nopl xtopology nonstop_tsc aperfmperf eagerfpu pni pclmulqdq dtes64 monitor ds_cpl vmx est tm2 ssse3 cx16 xtpr pdcm pcid sse4_1 sse4_2 x2apic popcnt tsc_deadline_timer aes xsave avx f16c rdrand lahf_lm ida arat epb xsaveopt pln pts dtherm tpr_shadow vnmi flexpriority ept vpid fsgsbase smep erms
bogomips	: 3392.18
clflush size	: 64
cache_alignment	: 64
address sizes	: 36 bits physical, 48 bits virtual
power management:

processor	: 2
vendor_id	: GenuineIntel
cpu family	: 6
model		: 58
model name	: Intel(R) Core(TM) i5-3317U CPU @ 1.70GHz
stepping	: 9
microcode	: 0x12
cpu MHz		: 1701.000
cache size	: 3072 KB
physical id	: 0
siblings	: 4
core id		: 1
cpu cores	: 2
apicid		: 2
initial apicid	: 2
fpu		: yes
fpu_exception	: yes
cpuid level	: 13
wp		: yes
flags		: fpu vme de pse tsc msr pae mce cx8 apic sep mtrr pge mca cmov pat pse36 clflush dts acpi mmx fxsr sse sse2 ss ht tm pbe syscall nx rdtscp lm constant_tsc arch_perfmon pebs bts rep_good nopl xtopology nonstop_tsc aperfmperf eagerfpu pni pclmulqdq dtes64 monitor ds_cpl vmx est tm2 ssse3 cx16 xtpr pdcm pcid sse4_1 sse4_2 x2apic popcnt tsc_deadline_timer aes xsave avx f16c rdrand lahf_lm ida arat epb xsaveopt pln pts dtherm tpr_shadow vnmi flexpriority ept vpid fsgsbase smep erms
bogomips	: 3392.18
clflush size	: 64
cache_alignment	: 64
address sizes	: 36 bits physical, 48 bits virtual
power management:

processor	: 3
vendor_id	: GenuineIntel
cpu family	: 6
model		: 58
model name	: Intel(R) Core(TM) i5-3317U CPU @ 1.70GHz
stepping	: 9
microcode	: 0x12
cpu MHz		: 1701.000
cache size	: 3072 KB
physical id	: 0
siblings	: 4
core id		: 1
cpu cores	: 2
apicid		: 3
initial apicid	: 3
fpu		: yes
fpu_exception	: yes
cpuid level	: 13
wp		: yes
flags		: fpu vme de pse tsc msr pae mce cx8 apic sep mtrr pge mca cmov pat pse36 clflush dts acpi mmx fxsr sse sse2 ss ht tm pbe syscall nx rdtscp lm constant_tsc arch_perfmon pebs bts rep_good nopl xtopology nonstop_tsc aperfmperf eagerfpu pni pclmulqdq dtes64 monitor ds_cpl vmx est tm2 ssse3 cx16 xtpr pdcm pcid sse4_1 sse4_2 x2apic popcnt tsc_deadline_timer aes xsave avx f16c rdrand lahf_lm ida arat epb xsaveopt pln pts dtherm tpr_shadow vnmi flexpriority ept vpid fsgsbase smep erms
bogomips	: 3392.18
clflush size	: 64
cache_alignment	: 64
address sizes	: 36 bits physical, 48 bits virtual
power management:



Memory: 4k page, physical 8077852k(1187992k free), swap 0k(0k free)

vm_info: Java HotSpot(TM) 64-Bit Server VM (23.7-b01) for linux-amd64 JRE (1.7.0_15-b03), built on Feb 15 2013 13:03:43 by "java_re" with gcc 4.3.0 20080428 (Red Hat 4.3.0-8)

time: Sun Feb 24 01:58:54 2013
elapsed time: 3 seconds

