#
# A fatal error has been detected by the Java Runtime Environment:
#
#  SIGSEGV (0xb) at pc=0x00007ff57339d9ac, pid=18696, tid=140691440965376
#
# JRE version: 7.0_15-b03
# Java VM: Java HotSpot(TM) 64-Bit Server VM (23.7-b01 mixed mode linux-amd64 compressed oops)
# Problematic frame:
# C  [libc.so.6+0x1399ac]  __nss_hosts_lookup+0x12ac
#
# Failed to write core dump. Core dumps have been disabled. To enable core dumping, try "ulimit -c unlimited" before starting Java again
#
# If you would like to submit a bug report, please visit:
#   http://bugreport.sun.com/bugreport/crash.jsp
# The crash happened outside the Java Virtual Machine in native code.
# See problematic frame for where to report the bug.
#

---------------  T H R E A D  ---------------

Current thread (0x00007ff514631800):  JavaThread "pool-1-thread-1" [_thread_in_native, id=18728, stack(0x00007ff5474c9000,0x00007ff5475ca000)]

siginfo:si_signo=SIGSEGV: si_errno=0, si_code=1 (SEGV_MAPERR), si_addr=0x0000000000000000

Registers:
RAX=0x0000000000000000, RBX=0x00007ff4ec00a170, RCX=0x0000000000000012, RDX=0x0000000000000008
RSP=0x00007ff5475c7d98, RBP=0x00007ff4ec00a180, RSI=0x00007ff546f30392, RDI=0x0000000000000000
R8 =0x00000000ffffffff, R9 =0x0000000000000000, R10=0x00007ff5475c7b40, R11=0x0000000000000008
R12=0x00007ff5475c7e58, R13=0x00007ff4ec00a180, R14=0x00000000000003f9, R15=0x00007ff4ec00a180
RIP=0x00007ff57339d9ac, EFLAGS=0x0000000000010283, CSGSFS=0x0000000000000033, ERR=0x0000000000000004
  TRAPNO=0x000000000000000e

Top of Stack: (sp=0x00007ff5475c7d98)
0x00007ff5475c7d98:   00007ff546f1c393 00007ff5475c7e70
0x00007ff5475c7da8:   00007ff546f2bc85 0000000000000000
0x00007ff5475c7db8:   00007ff5475c7e70 000000000000003b
0x00007ff5475c7dc8:   ffffffff46f1b975 0000000000000000
0x00007ff5475c7dd8:   00007ff5475c7dec 0000000000000000
0x00007ff5475c7de8:   00000000475c7e68 0000000000000000
0x00007ff5475c7df8:   00007ff5475c8010 00007ff5475c7e70
0x00007ff5475c7e08:   0000000000020019 0000000000000000
0x00007ff5475c7e18:   0000000000000000 00007ff514631800
0x00007ff5475c7e28:   00007ff546f1d67e 0000000000000000
0x00007ff5475c7e38:   00007ff4ec003018 00007ff5475c7e80
0x00007ff5475c7e48:   00007ff546f2bc85 00000000ea9ab043
0x00007ff5475c7e58:   0000000000000000 00007ff4ec00a180
0x00007ff5475c7e68:   00007ff4ec00a170 434f4c5f59454b48
0x00007ff5475c7e78:   494843414d5f4c41 7774666f535c454e
0x00007ff5475c7e88:   2e452e415c657261 706f727545202e54
0x00007ff5475c7e98:   535c2e562e422065 5c6e676953656661
0x00007ff5475c7ea8:   0000039600302e32 0000000000000000
0x00007ff5475c7eb8:   00007ff5475c7e68 00007ff5475c7ea9
0x00007ff5475c7ec8:   0000000800000002 000000002475ac00
0x00007ff5475c7ed8:   00007ff573c6dea0 00007ff5731eb250
0x00007ff5475c7ee8:   00007ff56c033a30 0000000073a52119
0x00007ff5475c7ef8:   00007ff5471a03e8 0000000000000000
0x00007ff5475c7f08:   0000000000000000 00007ff5475c8270
0x00007ff5475c7f18:   00007ff514631800 00007ff5475c81e0
0x00007ff5475c7f28:   00007ff573c72c95 0000000000000005
0x00007ff5475c7f38:   0000000000000000 0000000000000000
0x00007ff5475c7f48:   00007ff546da9948 00007ff5471a3250
0x00007ff5475c7f58:   00007ff5475c81e0 0000000000000000
0x00007ff5475c7f68:   00007ff573c79725 00007ff4e8003060
0x00007ff5475c7f78:   0d871829c1bcc100 0000000000020019
0x00007ff5475c7f88:   00007ff5471a3250 00007ff5475c81e0 

Instructions: (pc=0x00007ff57339d9ac)
0x00007ff57339d98c:   01 0f 84 bd 0f 00 00 49 89 d3 89 f1 89 f8 48 83
0x00007ff57339d99c:   e1 3f 48 83 e0 3f 83 f9 30 77 49 83 f8 30 77 44
0x00007ff57339d9ac:   f3 0f 6f 0f f3 0f 6f 16 66 0f ef c0 66 0f 74 c1
0x00007ff57339d9bc:   66 0f 74 ca 66 0f f8 c8 66 0f d7 d1 81 ea ff ff 

Register to memory mapping:

RAX=0x0000000000000000 is an unknown value
RBX=0x00007ff4ec00a170 is an unknown value
RCX=0x0000000000000012 is an unknown value
RDX=0x0000000000000008 is an unknown value
RSP=0x00007ff5475c7d98 is pointing into the stack for thread: 0x00007ff514631800
RBP=0x00007ff4ec00a180 is an unknown value
RSI=0x00007ff546f30392: <offset 0x1ba392> in /usr/lib/libaetpkss.so at 0x00007ff546d76000
RDI=0x0000000000000000 is an unknown value
R8 =0x00000000ffffffff is an unknown value
R9 =0x0000000000000000 is an unknown value
R10=0x00007ff5475c7b40 is pointing into the stack for thread: 0x00007ff514631800
R11=0x0000000000000008 is an unknown value
R12=0x00007ff5475c7e58 is pointing into the stack for thread: 0x00007ff514631800
R13=0x00007ff4ec00a180 is an unknown value
R14=0x00000000000003f9 is an unknown value
R15=0x00007ff4ec00a180 is an unknown value


Stack: [0x00007ff5474c9000,0x00007ff5475ca000],  sp=0x00007ff5475c7d98,  free space=1019k
Native frames: (J=compiled Java code, j=interpreted, Vv=VM code, C=native code)
C  [libc.so.6+0x1399ac]  __nss_hosts_lookup+0x12ac

Java frames: (J=compiled Java code, j=interpreted, Vv=VM code)
j  iaik.pkcs.pkcs11.wrapper.PKCS11Implementation.C_Initialize(Ljava/lang/Object;)V+0
j  iaik.pkcs.pkcs11.Module.initialize(Liaik/pkcs/pkcs11/InitializeArgs;)V+163
j  tc.fab.mechanisms.TokenInfo.getAliases(Ljava/lang/String;)Ljava/util/ArrayList;+58
j  tc.fab.firma.app.dialogs.SignDocumentDialog$FillAliasesTask.doInBackground()Ljava/lang/Void;+25
j  tc.fab.firma.app.dialogs.SignDocumentDialog$FillAliasesTask.doInBackground()Ljava/lang/Object;+1
j  javax.swing.SwingWorker$1.call()Ljava/lang/Object;+14
j  java.util.concurrent.FutureTask$Sync.innerRun()V+29
j  java.util.concurrent.FutureTask.run()V+4
j  javax.swing.SwingWorker.run()V+4
j  java.util.concurrent.ThreadPoolExecutor.runWorker(Ljava/util/concurrent/ThreadPoolExecutor$Worker;)V+95
j  java.util.concurrent.ThreadPoolExecutor$Worker.run()V+5
j  java.lang.Thread.run()V+11
v  ~StubRoutines::call_stub

---------------  P R O C E S S  ---------------

Java Threads: ( => current thread )
  0x00007ff51463b000 JavaThread "pool-1-thread-2" [_thread_in_native, id=18729, stack(0x00007ff5473c8000,0x00007ff5474c9000)]
=>0x00007ff514631800 JavaThread "pool-1-thread-1" [_thread_in_native, id=18728, stack(0x00007ff5474c9000,0x00007ff5475ca000)]
  0x00007ff514697800 JavaThread "Trident pulse source thread" daemon [_thread_blocked, id=18727, stack(0x00007ff547811000,0x00007ff547912000)]
  0x00007ff514696800 JavaThread "Trident callback thread" daemon [_thread_blocked, id=18726, stack(0x00007ff547912000,0x00007ff547a13000)]
  0x00007ff4f8002000 JavaThread "TimerQueue" daemon [_thread_blocked, id=18725, stack(0x00007ff547a13000,0x00007ff547b14000)]
  0x00007ff5145e4000 JavaThread "SwingWorker-pool-2-thread-1" daemon [_thread_blocked, id=18724, stack(0x00007ff550056000,0x00007ff550157000)]
  0x00007ff51450e800 JavaThread "Image Fetcher 0" daemon [_thread_blocked, id=18723, stack(0x00007ff550157000,0x00007ff550258000)]
  0x00007ff5142b8800 JavaThread "com.google.inject.internal.util.$Finalizer" daemon [_thread_blocked, id=18722, stack(0x00007ff550258000,0x00007ff550359000)]
  0x00007ff56c00a800 JavaThread "DestroyJavaVM" [_thread_blocked, id=18702, stack(0x00007ff573d65000,0x00007ff573e66000)]
  0x00007ff56c375000 JavaThread "AWT-EventQueue-0" [_thread_in_native, id=18719, stack(0x00007ff5609ae000,0x00007ff560aaf000)]
  0x00007ff56c373800 JavaThread "AWT-Shutdown" [_thread_blocked, id=18718, stack(0x00007ff560aaf000,0x00007ff560bb0000)]
  0x00007ff56c36f000 JavaThread "AWT-XAWT" daemon [_thread_blocked, id=18717, stack(0x00007ff560bb0000,0x00007ff560cb1000)]
  0x00007ff56c343000 JavaThread "Java2D Disposer" daemon [_thread_blocked, id=18716, stack(0x00007ff5610c2000,0x00007ff5611c3000)]
  0x00007ff56c0f2800 JavaThread "Service Thread" daemon [_thread_blocked, id=18713, stack(0x00007ff562a22000,0x00007ff562b23000)]
  0x00007ff56c0f0800 JavaThread "C2 CompilerThread1" daemon [_thread_blocked, id=18712, stack(0x00007ff562b23000,0x00007ff562c24000)]
  0x00007ff56c0ed800 JavaThread "C2 CompilerThread0" daemon [_thread_in_native, id=18711, stack(0x00007ff562c24000,0x00007ff562d25000)]
  0x00007ff56c0eb000 JavaThread "Signal Dispatcher" daemon [_thread_blocked, id=18710, stack(0x00007ff5680d0000,0x00007ff5681d1000)]
  0x00007ff56c09d800 JavaThread "Finalizer" daemon [_thread_blocked, id=18709, stack(0x00007ff5681d1000,0x00007ff5682d2000)]
  0x00007ff56c09b000 JavaThread "Reference Handler" daemon [_thread_blocked, id=18708, stack(0x00007ff5682d2000,0x00007ff5683d3000)]

Other Threads:
  0x00007ff56c093800 VMThread [stack: 0x00007ff5683d3000,0x00007ff5684d4000] [id=18707]
  0x00007ff56c0fd800 WatcherThread [stack: 0x00007ff562921000,0x00007ff562a22000] [id=18714]

VM state:not at safepoint (normal execution)

VM Mutex/Monitor currently owned by a thread: None

Heap
 PSYoungGen      total 36800K, used 7789K [0x00000007d6e00000, 0x00000007d9710000, 0x0000000800000000)
  eden space 31552K, 8% used [0x00000007d6e00000,0x00000007d707ead0,0x00000007d8cd0000)
  from space 5248K, 99% used [0x00000007d91f0000,0x00000007d970cc08,0x00000007d9710000)
  to   space 5248K, 0% used [0x00000007d8cd0000,0x00000007d8cd0000,0x00000007d91f0000)
 ParOldGen       total 84224K, used 2345K [0x0000000784a00000, 0x0000000789c40000, 0x00000007d6e00000)
  object space 84224K, 2% used [0x0000000784a00000,0x0000000784c4a578,0x0000000789c40000)
 PSPermGen       total 22976K, used 22973K [0x000000077f800000, 0x0000000780e70000, 0x0000000784a00000)
  object space 22976K, 99% used [0x000000077f800000,0x0000000780e6f448,0x0000000780e70000)

Card table byte_map: [0x00007ff570d9c000,0x00007ff5711a1000] byte_map_base: 0x00007ff56d1a0000

Polling page: 0x00007ff573e83000

Code Cache  [0x00007ff569000000, 0x00007ff569270000, 0x00007ff56c000000)
 total_blobs=789 nmethods=208 adapters=533 free_code_cache=48105Kb largest_free_block=49219136

Compilation events (10 events):
Event: 5,011 Thread 0x00007ff56c0f0800  219             sun.reflect.ByteVectorImpl::add (38 bytes)
Event: 5,012 Thread 0x00007ff56c0f0800 nmethod 219 0x00007ff56908b210 code [0x00007ff56908b360, 0x00007ff56908b468]
Event: 5,013 Thread 0x00007ff56c0f0800  220             java.util.concurrent.locks.ReentrantLock::unlock (10 bytes)
Event: 5,020 Thread 0x00007ff56c0f0800 nmethod 220 0x00007ff569082790 code [0x00007ff5690828e0, 0x00007ff569082aa8]
Event: 5,020 Thread 0x00007ff56c0f0800  221             java.awt.Component::getParent (5 bytes)
Event: 5,021 Thread 0x00007ff56c0f0800 nmethod 221 0x00007ff5690c1790 code [0x00007ff5690c18c0, 0x00007ff5690c1938]
Event: 5,021 Thread 0x00007ff56c0f0800  222             java.util.zip.ZipCoder::getBytes (192 bytes)
Event: 5,039 Thread 0x00007ff56c0f0800 nmethod 222 0x00007ff569090190 code [0x00007ff5690903a0, 0x00007ff569090b00]
Event: 5,039 Thread 0x00007ff56c0f0800  223             java.util.zip.ZipCoder::encoder (35 bytes)
Event: 5,041 Thread 0x00007ff56c0f0800 nmethod 223 0x00007ff56910dcd0 code [0x00007ff56910de40, 0x00007ff56910dfa8]

GC Heap History (4 events):
Event: 1,078 GC heap before
{Heap before GC invocations=1 (full 0):
 PSYoungGen      total 36800K, used 31552K [0x00000007d6e00000, 0x00000007d9710000, 0x0000000800000000)
  eden space 31552K, 100% used [0x00000007d6e00000,0x00000007d8cd0000,0x00000007d8cd0000)
  from space 5248K, 0% used [0x00000007d91f0000,0x00000007d91f0000,0x00000007d9710000)
  to   space 5248K, 0% used [0x00000007d8cd0000,0x00000007d8cd0000,0x00000007d91f0000)
 ParOldGen       total 84224K, used 0K [0x0000000784a00000, 0x0000000789c40000, 0x00000007d6e00000)
  object space 84224K, 0% used [0x0000000784a00000,0x0000000784a00000,0x0000000789c40000)
 PSPermGen       total 21248K, used 12401K [0x000000077f800000, 0x0000000780cc0000, 0x0000000784a00000)
  object space 21248K, 58% used [0x000000077f800000,0x000000078041c4e8,0x0000000780cc0000)
Event: 1,086 GC heap after
Heap after GC invocations=1 (full 0):
 PSYoungGen      total 36800K, used 4410K [0x00000007d6e00000, 0x00000007d9710000, 0x0000000800000000)
  eden space 31552K, 0% used [0x00000007d6e00000,0x00000007d6e00000,0x00000007d8cd0000)
  from space 5248K, 84% used [0x00000007d8cd0000,0x00000007d911e920,0x00000007d91f0000)
  to   space 5248K, 0% used [0x00000007d91f0000,0x00000007d91f0000,0x00000007d9710000)
 ParOldGen       total 84224K, used 8K [0x0000000784a00000, 0x0000000789c40000, 0x00000007d6e00000)
  object space 84224K, 0% used [0x0000000784a00000,0x0000000784a02000,0x0000000789c40000)
 PSPermGen       total 21248K, used 12401K [0x000000077f800000, 0x0000000780cc0000, 0x0000000784a00000)
  object space 21248K, 58% used [0x000000077f800000,0x000000078041c4e8,0x0000000780cc0000)
}
Event: 4,985 GC heap before
{Heap before GC invocations=2 (full 0):
 PSYoungGen      total 36800K, used 35962K [0x00000007d6e00000, 0x00000007d9710000, 0x0000000800000000)
  eden space 31552K, 100% used [0x00000007d6e00000,0x00000007d8cd0000,0x00000007d8cd0000)
  from space 5248K, 84% used [0x00000007d8cd0000,0x00000007d911e920,0x00000007d91f0000)
  to   space 5248K, 0% used [0x00000007d91f0000,0x00000007d91f0000,0x00000007d9710000)
 ParOldGen       total 84224K, used 8K [0x0000000784a00000, 0x0000000789c40000, 0x00000007d6e00000)
  object space 84224K, 0% used [0x0000000784a00000,0x0000000784a02000,0x0000000789c40000)
 PSPermGen       total 22592K, used 22546K [0x000000077f800000, 0x0000000780e10000, 0x0000000784a00000)
  object space 22592K, 99% used [0x000000077f800000,0x0000000780e048b8,0x0000000780e10000)
Event: 4,999 GC heap after
Heap after GC invocations=2 (full 0):
 PSYoungGen      total 36800K, used 5235K [0x00000007d6e00000, 0x00000007d9710000, 0x0000000800000000)
  eden space 31552K, 0% used [0x00000007d6e00000,0x00000007d6e00000,0x00000007d8cd0000)
  from space 5248K, 99% used [0x00000007d91f0000,0x00000007d970cc08,0x00000007d9710000)
  to   space 5248K, 0% used [0x00000007d8cd0000,0x00000007d8cd0000,0x00000007d91f0000)
 ParOldGen       total 84224K, used 2345K [0x0000000784a00000, 0x0000000789c40000, 0x00000007d6e00000)
  object space 84224K, 2% used [0x0000000784a00000,0x0000000784c4a578,0x0000000789c40000)
 PSPermGen       total 22592K, used 22546K [0x000000077f800000, 0x0000000780e10000, 0x0000000784a00000)
  object space 22592K, 99% used [0x000000077f800000,0x0000000780e048b8,0x0000000780e10000)
}

Deoptimization events (10 events):
Event: 1,785 Thread 0x00007ff56c375000 Uncommon trap -34 fr.pc 0x00007ff5690846d8
Event: 1,785 Thread 0x00007ff56c375000 Uncommon trap -34 fr.pc 0x00007ff5690846d8
Event: 1,786 Thread 0x00007ff56c375000 Uncommon trap -34 fr.pc 0x00007ff5690846d8
Event: 1,786 Thread 0x00007ff56c375000 Uncommon trap -34 fr.pc 0x00007ff5690846d8
Event: 4,683 Thread 0x00007ff56c375000 Uncommon trap -83 fr.pc 0x00007ff5690fef4c
Event: 4,735 Thread 0x00007ff56c375000 Uncommon trap -58 fr.pc 0x00007ff5690ffba4
Event: 4,737 Thread 0x00007ff56c375000 Uncommon trap -58 fr.pc 0x00007ff5690ffba4
Event: 4,741 Thread 0x00007ff56c375000 Uncommon trap -58 fr.pc 0x00007ff5690ffba4
Event: 4,742 Thread 0x00007ff56c375000 Uncommon trap -58 fr.pc 0x00007ff5690ffba4
Event: 4,984 Thread 0x00007ff51463b000 Uncommon trap -12 fr.pc 0x00007ff569107ea8

Internal exceptions (10 events):
Event: 5,020 Thread 0x00007ff51463b000 Threw 0x00000007d7021638 at /HUDSON/workspace/jdk7u15-2-build-linux-amd64-product/jdk7u15/hotspot/src/share/vm/prims/jvm.cpp:1166
Event: 5,023 Thread 0x00007ff514631800 Threw 0x00000007d6e041a8 at /HUDSON/workspace/jdk7u15-2-build-linux-amd64-product/jdk7u15/hotspot/src/share/vm/prims/jvm.cpp:1166
Event: 5,025 Thread 0x00007ff514631800 Threw 0x00000007d6e09930 at /HUDSON/workspace/jdk7u15-2-build-linux-amd64-product/jdk7u15/hotspot/src/share/vm/prims/jvm.cpp:1166
Event: 5,025 Thread 0x00007ff514631800 Threw 0x00000007d6e0c2f0 at /HUDSON/workspace/jdk7u15-2-build-linux-amd64-product/jdk7u15/hotspot/src/share/vm/prims/jvm.cpp:1166
Event: 5,026 Thread 0x00007ff514631800 Threw 0x00000007d6e0eb08 at /HUDSON/workspace/jdk7u15-2-build-linux-amd64-product/jdk7u15/hotspot/src/share/vm/prims/jvm.cpp:1166
Event: 5,026 Thread 0x00007ff514631800 Threw 0x00000007d6e11100 at /HUDSON/workspace/jdk7u15-2-build-linux-amd64-product/jdk7u15/hotspot/src/share/vm/prims/jvm.cpp:1166
Event: 5,027 Thread 0x00007ff514631800 Threw 0x00000007d6e138d8 at /HUDSON/workspace/jdk7u15-2-build-linux-amd64-product/jdk7u15/hotspot/src/share/vm/prims/jvm.cpp:1166
Event: 5,027 Thread 0x00007ff514631800 Threw 0x00000007d6e16570 at /HUDSON/workspace/jdk7u15-2-build-linux-amd64-product/jdk7u15/hotspot/src/share/vm/prims/jvm.cpp:1166
Event: 5,028 Thread 0x00007ff51463b000 Threw 0x00000007d702c680 at /HUDSON/workspace/jdk7u15-2-build-linux-amd64-product/jdk7u15/hotspot/src/share/vm/prims/jvm.cpp:1166
Event: 5,046 Thread 0x00007ff51463b000 Threw 0x00000007d705c700 at /HUDSON/workspace/jdk7u15-2-build-linux-amd64-product/jdk7u15/hotspot/src/share/vm/prims/jvm.cpp:1166

Events (10 events):
Event: 5,032 loading class 0x00007ff5146445a0 done
Event: 5,032 loading class 0x00007ff514261a60
Event: 5,032 loading class 0x00007ff514261a60 done
Event: 5,032 loading class 0x00007ff5146445e0
Event: 5,032 loading class 0x00007ff5146445e0 done
Event: 5,032 loading class 0x00007ff5145c63a0
Event: 5,033 loading class 0x00007ff5145c63a0 done
Event: 5,039 Thread 0x00007ff56c0f0800 flushing nmethod 0x00007ff5690ab390
Event: 5,046 loading class 0x00007ff4e8002000
Event: 5,046 loading class 0x00007ff4e8002000 done


Dynamic libraries:
00400000-00401000 r-xp 00000000 08:01 1188113                            /usr/lib/jvm/java-7-oracle/bin/java
00600000-00601000 rw-p 00000000 08:01 1188113                            /usr/lib/jvm/java-7-oracle/bin/java
0202a000-0204b000 rw-p 00000000 00:00 0                                  [heap]
77f800000-780e70000 rw-p 00000000 00:00 0 
780e70000-784a00000 rw-p 00000000 00:00 0 
784a00000-789c40000 rw-p 00000000 00:00 0 
789c40000-7d6e00000 rw-p 00000000 00:00 0 
7d6e00000-7d9710000 rw-p 00000000 00:00 0 
7d9710000-800000000 rw-p 00000000 00:00 0 
7ff4e0000000-7ff4e0021000 rw-p 00000000 00:00 0 
7ff4e0021000-7ff4e4000000 ---p 00000000 00:00 0 
7ff4e8000000-7ff4e8058000 rw-p 00000000 00:00 0 
7ff4e8058000-7ff4ec000000 ---p 00000000 00:00 0 
7ff4ec000000-7ff4ec057000 rw-p 00000000 00:00 0 
7ff4ec057000-7ff4f0000000 ---p 00000000 00:00 0 
7ff4f0000000-7ff4f0021000 rw-p 00000000 00:00 0 
7ff4f0021000-7ff4f4000000 ---p 00000000 00:00 0 
7ff4f4000000-7ff4f4021000 rw-p 00000000 00:00 0 
7ff4f4021000-7ff4f8000000 ---p 00000000 00:00 0 
7ff4f8000000-7ff4f8021000 rw-p 00000000 00:00 0 
7ff4f8021000-7ff4fc000000 ---p 00000000 00:00 0 
7ff4fc000000-7ff4fc021000 rw-p 00000000 00:00 0 
7ff4fc021000-7ff500000000 ---p 00000000 00:00 0 
7ff500000000-7ff500021000 rw-p 00000000 00:00 0 
7ff500021000-7ff504000000 ---p 00000000 00:00 0 
7ff504000000-7ff5040a0000 rw-p 00000000 00:00 0 
7ff5040a0000-7ff508000000 ---p 00000000 00:00 0 
7ff508000000-7ff508021000 rw-p 00000000 00:00 0 
7ff508021000-7ff50c000000 ---p 00000000 00:00 0 
7ff50c000000-7ff50c022000 rw-p 00000000 00:00 0 
7ff50c022000-7ff510000000 ---p 00000000 00:00 0 
7ff510000000-7ff510021000 rw-p 00000000 00:00 0 
7ff510021000-7ff514000000 ---p 00000000 00:00 0 
7ff514000000-7ff514767000 rw-p 00000000 00:00 0 
7ff514767000-7ff518000000 ---p 00000000 00:00 0 
7ff518000000-7ff518021000 rw-p 00000000 00:00 0 
7ff518021000-7ff51c000000 ---p 00000000 00:00 0 
7ff51c000000-7ff51c021000 rw-p 00000000 00:00 0 
7ff51c021000-7ff520000000 ---p 00000000 00:00 0 
7ff520000000-7ff520021000 rw-p 00000000 00:00 0 
7ff520021000-7ff524000000 ---p 00000000 00:00 0 
7ff524000000-7ff524021000 rw-p 00000000 00:00 0 
7ff524021000-7ff528000000 ---p 00000000 00:00 0 
7ff528000000-7ff528021000 rw-p 00000000 00:00 0 
7ff528021000-7ff52c000000 ---p 00000000 00:00 0 
7ff52c000000-7ff52c512000 rw-p 00000000 00:00 0 
7ff52c512000-7ff530000000 ---p 00000000 00:00 0 
7ff530000000-7ff530625000 rw-p 00000000 00:00 0 
7ff530625000-7ff534000000 ---p 00000000 00:00 0 
7ff538000000-7ff538021000 rw-p 00000000 00:00 0 
7ff538021000-7ff53c000000 ---p 00000000 00:00 0 
7ff53c000000-7ff53c021000 rw-p 00000000 00:00 0 
7ff53c021000-7ff540000000 ---p 00000000 00:00 0 
7ff540000000-7ff540021000 rw-p 00000000 00:00 0 
7ff540021000-7ff544000000 ---p 00000000 00:00 0 
7ff545a87000-7ff545a88000 ---p 00000000 00:00 0 
7ff545a88000-7ff546288000 rw-p 00000000 00:00 0 
7ff546288000-7ff54636d000 r-xp 00000000 08:01 656096                     /usr/lib/x86_64-linux-gnu/libstdc++.so.6.0.17
7ff54636d000-7ff54656c000 ---p 000e5000 08:01 656096                     /usr/lib/x86_64-linux-gnu/libstdc++.so.6.0.17
7ff54656c000-7ff546574000 r--p 000e4000 08:01 656096                     /usr/lib/x86_64-linux-gnu/libstdc++.so.6.0.17
7ff546574000-7ff546576000 rw-p 000ec000 08:01 656096                     /usr/lib/x86_64-linux-gnu/libstdc++.so.6.0.17
7ff546576000-7ff54658b000 rw-p 00000000 00:00 0 
7ff54658b000-7ff5466f0000 r-xp 00000000 08:01 2362000                    /lib/x86_64-linux-gnu/libcrypto.so.0.9.8
7ff5466f0000-7ff5468ef000 ---p 00165000 08:01 2362000                    /lib/x86_64-linux-gnu/libcrypto.so.0.9.8
7ff5468ef000-7ff5468fc000 r--p 00164000 08:01 2362000                    /lib/x86_64-linux-gnu/libcrypto.so.0.9.8
7ff5468fc000-7ff546915000 rw-p 00171000 08:01 2362000                    /lib/x86_64-linux-gnu/libcrypto.so.0.9.8
7ff546915000-7ff546918000 rw-p 00000000 00:00 0 
7ff546918000-7ff546964000 r-xp 00000000 08:01 2361998                    /lib/x86_64-linux-gnu/libssl.so.0.9.8
7ff546964000-7ff546b64000 ---p 0004c000 08:01 2361998                    /lib/x86_64-linux-gnu/libssl.so.0.9.8
7ff546b64000-7ff546b65000 r--p 0004c000 08:01 2361998                    /lib/x86_64-linux-gnu/libssl.so.0.9.8
7ff546b65000-7ff546b6b000 rw-p 0004d000 08:01 2361998                    /lib/x86_64-linux-gnu/libssl.so.0.9.8
7ff546b6b000-7ff546b75000 r-xp 00000000 08:01 2363138                    /lib/x86_64-linux-gnu/libpcsclite.so.1.0.0
7ff546b75000-7ff546d74000 ---p 0000a000 08:01 2363138                    /lib/x86_64-linux-gnu/libpcsclite.so.1.0.0
7ff546d74000-7ff546d75000 r--p 00009000 08:01 2363138                    /lib/x86_64-linux-gnu/libpcsclite.so.1.0.0
7ff546d75000-7ff546d76000 rw-p 0000a000 08:01 2363138                    /lib/x86_64-linux-gnu/libpcsclite.so.1.0.0
7ff546d76000-7ff546f8c000 r-xp 00000000 08:01 662826                     /usr/lib/libaetpkss.so.3.0.2166
7ff546f8c000-7ff54718c000 ---p 00216000 08:01 662826                     /usr/lib/libaetpkss.so.3.0.2166
7ff54718c000-7ff54719e000 r--p 00216000 08:01 662826                     /usr/lib/libaetpkss.so.3.0.2166
7ff54719e000-7ff5471a4000 rw-p 00228000 08:01 662826                     /usr/lib/libaetpkss.so.3.0.2166
7ff5471a4000-7ff5471a8000 rw-p 00000000 00:00 0 
7ff5471a8000-7ff5471c8000 r-xp 00000000 08:01 792109                     /tmp/lib5809840146101918282wrapper
7ff5471c8000-7ff5473c7000 ---p 00020000 08:01 792109                     /tmp/lib5809840146101918282wrapper
7ff5473c7000-7ff5473c8000 rw-p 0001f000 08:01 792109                     /tmp/lib5809840146101918282wrapper
7ff5473c8000-7ff5473cb000 ---p 00000000 00:00 0 
7ff5473cb000-7ff5474c9000 rw-p 00000000 00:00 0                          [stack:18729]
7ff5474c9000-7ff5474cc000 ---p 00000000 00:00 0 
7ff5474cc000-7ff5475ca000 rw-p 00000000 00:00 0                          [stack:18728]
7ff5475ca000-7ff5475fc000 r-xp 00000000 08:01 1188882                    /usr/lib/jvm/java-7-oracle/jre/lib/amd64/libsunec.so
7ff5475fc000-7ff5477fb000 ---p 00032000 08:01 1188882                    /usr/lib/jvm/java-7-oracle/jre/lib/amd64/libsunec.so
7ff5477fb000-7ff547801000 rw-p 00031000 08:01 1188882                    /usr/lib/jvm/java-7-oracle/jre/lib/amd64/libsunec.so
7ff547801000-7ff547811000 rw-p 00000000 00:00 0 
7ff547811000-7ff547814000 ---p 00000000 00:00 0 
7ff547814000-7ff547912000 rw-p 00000000 00:00 0                          [stack:18727]
7ff547912000-7ff547915000 ---p 00000000 00:00 0 
7ff547915000-7ff547a13000 rw-p 00000000 00:00 0                          [stack:18726]
7ff547a13000-7ff547a16000 ---p 00000000 00:00 0 
7ff547a16000-7ff547b14000 rw-p 00000000 00:00 0                          [stack:18725]
7ff547b14000-7ff547b7c000 r-xp 00000000 08:01 1188908                    /usr/lib/jvm/java-7-oracle/jre/lib/amd64/libt2k.so
7ff547b7c000-7ff547d7c000 ---p 00068000 08:01 1188908                    /usr/lib/jvm/java-7-oracle/jre/lib/amd64/libt2k.so
7ff547d7c000-7ff547d83000 rw-p 00068000 08:01 1188908                    /usr/lib/jvm/java-7-oracle/jre/lib/amd64/libt2k.so
7ff547d83000-7ff547d93000 rw-p 00000000 00:00 0 
7ff547d93000-7ff547dbd000 r-xp 00000000 08:01 1188879                    /usr/lib/jvm/java-7-oracle/jre/lib/amd64/libdcpr.so
7ff547dbd000-7ff547fbd000 ---p 0002a000 08:01 1188879                    /usr/lib/jvm/java-7-oracle/jre/lib/amd64/libdcpr.so
7ff547fbd000-7ff547fc0000 rw-p 0002a000 08:01 1188879                    /usr/lib/jvm/java-7-oracle/jre/lib/amd64/libdcpr.so
7ff547fc0000-7ff54c000000 rw-p 00000000 00:00 0 
7ff54c000000-7ff54c021000 rw-p 00000000 00:00 0 
7ff54c021000-7ff550000000 ---p 00000000 00:00 0 
7ff550056000-7ff550059000 ---p 00000000 00:00 0 
7ff550059000-7ff550157000 rw-p 00000000 00:00 0                          [stack:18724]
7ff550157000-7ff55015a000 ---p 00000000 00:00 0 
7ff55015a000-7ff550258000 rw-p 00000000 00:00 0                          [stack:18723]
7ff550258000-7ff55025b000 ---p 00000000 00:00 0 
7ff55025b000-7ff550359000 rw-p 00000000 00:00 0                          [stack:18722]
7ff550359000-7ff55035a000 ---p 00000000 00:00 0 
7ff55035a000-7ff550b5a000 rw-p 00000000 00:00 0                          [stack:18721]
7ff550b5a000-7ff550b74000 r-xp 00000000 08:01 657015                     /usr/lib/x86_64-linux-gnu/libdbusmenu-glib.so.4.0.12
7ff550b74000-7ff550d73000 ---p 0001a000 08:01 657015                     /usr/lib/x86_64-linux-gnu/libdbusmenu-glib.so.4.0.12
7ff550d73000-7ff550d74000 r--p 00019000 08:01 657015                     /usr/lib/x86_64-linux-gnu/libdbusmenu-glib.so.4.0.12
7ff550d74000-7ff550d75000 rw-p 0001a000 08:01 657015                     /usr/lib/x86_64-linux-gnu/libdbusmenu-glib.so.4.0.12
7ff550d75000-7ff550d87000 r-xp 00000000 08:01 656649                     /usr/lib/x86_64-linux-gnu/libdbusmenu-gtk.so.4.0.12
7ff550d87000-7ff550f86000 ---p 00012000 08:01 656649                     /usr/lib/x86_64-linux-gnu/libdbusmenu-gtk.so.4.0.12
7ff550f86000-7ff550f87000 r--p 00011000 08:01 656649                     /usr/lib/x86_64-linux-gnu/libdbusmenu-gtk.so.4.0.12
7ff550f87000-7ff550f88000 rw-p 00012000 08:01 656649                     /usr/lib/x86_64-linux-gnu/libdbusmenu-gtk.so.4.0.12
7ff550f88000-7ff550f8d000 r-xp 00000000 08:01 1059256                    /usr/lib/x86_64-linux-gnu/gtk-2.0/2.10.0/menuproxies/libappmenu.so
7ff550f8d000-7ff55118c000 ---p 00005000 08:01 1059256                    /usr/lib/x86_64-linux-gnu/gtk-2.0/2.10.0/menuproxies/libappmenu.so
7ff55118c000-7ff55118d000 r--p 00004000 08:01 1059256                    /usr/lib/x86_64-linux-gnu/gtk-2.0/2.10.0/menuproxies/libappmenu.so
7ff55118d000-7ff55118e000 rw-p 00005000 08:01 1059256                    /usr/lib/x86_64-linux-gnu/gtk-2.0/2.10.0/menuproxies/libappmenu.so
7ff55118e000-7ff55118f000 ---p 00000000 00:00 0 
7ff55118f000-7ff55198f000 rw-p 00000000 00:00 0                          [stack:18720]
7ff55198f000-7ff55199b000 r-xp 00000000 08:01 2363177                    /lib/x86_64-linux-gnu/libudev.so.0.13.0
7ff55199b000-7ff551b9a000 ---p 0000c000 08:01 2363177                    /lib/x86_64-linux-gnu/libudev.so.0.13.0
7ff551b9a000-7ff551b9b000 r--p 0000b000 08:01 2363177                    /lib/x86_64-linux-gnu/libudev.so.0.13.0
7ff551b9b000-7ff551b9c000 rw-p 0000c000 08:01 2363177                    /lib/x86_64-linux-gnu/libudev.so.0.13.0
7ff551b9c000-7ff551bd1000 r-xp 00000000 08:01 1049687                    /usr/lib/x86_64-linux-gnu/gvfs/libgvfscommon.so
7ff551bd1000-7ff551dd1000 ---p 00035000 08:01 1049687                    /usr/lib/x86_64-linux-gnu/gvfs/libgvfscommon.so
7ff551dd1000-7ff551dd6000 r--p 00035000 08:01 1049687                    /usr/lib/x86_64-linux-gnu/gvfs/libgvfscommon.so
7ff551dd6000-7ff551dd7000 rw-p 0003a000 08:01 1049687                    /usr/lib/x86_64-linux-gnu/gvfs/libgvfscommon.so
7ff551dd7000-7ff551e06000 r-xp 00000000 08:01 1049732                    /usr/lib/x86_64-linux-gnu/gio/modules/libgvfsdbus.so
7ff551e06000-7ff552005000 ---p 0002f000 08:01 1049732                    /usr/lib/x86_64-linux-gnu/gio/modules/libgvfsdbus.so
7ff552005000-7ff552006000 r--p 0002e000 08:01 1049732                    /usr/lib/x86_64-linux-gnu/gio/modules/libgvfsdbus.so
7ff552006000-7ff552008000 rw-p 0002f000 08:01 1049732                    /usr/lib/x86_64-linux-gnu/gio/modules/libgvfsdbus.so
7ff552008000-7ff55204b000 r-xp 00000000 08:01 663659                     /usr/lib/x86_64-linux-gnu/libibus-1.0.so.0.402.0
7ff55204b000-7ff55224a000 ---p 00043000 08:01 663659                     /usr/lib/x86_64-linux-gnu/libibus-1.0.so.0.402.0
7ff55224a000-7ff55224c000 r--p 00042000 08:01 663659                     /usr/lib/x86_64-linux-gnu/libibus-1.0.so.0.402.0
7ff55224c000-7ff55224d000 rw-p 00044000 08:01 663659                     /usr/lib/x86_64-linux-gnu/libibus-1.0.so.0.402.0
7ff55224d000-7ff55224e000 rw-p 00000000 00:00 0 
7ff55225e000-7ff552262000 r--s 00037000 08:01 1188251                    /usr/lib/jvm/java-7-oracle/jre/lib/ext/sunpkcs11.jar
7ff552262000-7ff552264000 r--s 00019000 08:01 1188354                    /usr/lib/jvm/java-7-oracle/jre/lib/jce.jar
7ff552264000-7ff552268000 r--s 0008a000 08:01 1188922                    /usr/lib/jvm/java-7-oracle/jre/lib/jsse.jar
7ff552268000-7ff55226e000 r-xp 00000000 08:01 1049924                    /usr/lib/x86_64-linux-gnu/gtk-2.0/2.10.0/immodules/im-ibus.so
7ff55226e000-7ff55246d000 ---p 00006000 08:01 1049924                    /usr/lib/x86_64-linux-gnu/gtk-2.0/2.10.0/immodules/im-ibus.so
7ff55246d000-7ff55246e000 r--p 00005000 08:01 1049924                    /usr/lib/x86_64-linux-gnu/gtk-2.0/2.10.0/immodules/im-ibus.so
7ff55246e000-7ff55246f000 rw-p 00006000 08:01 1049924                    /usr/lib/x86_64-linux-gnu/gtk-2.0/2.10.0/immodules/im-ibus.so
7ff55246f000-7ff5524a2000 r--p 00000000 08:01 1442509                    /usr/share/fonts/truetype/Tahoma.ttf
7ff5524a2000-7ff5524a4000 r-xp 00000000 08:01 1050170                    /usr/lib/x86_64-linux-gnu/pango/1.6.0/modules/pango-basic-fc.so
7ff5524a4000-7ff5526a3000 ---p 00002000 08:01 1050170                    /usr/lib/x86_64-linux-gnu/pango/1.6.0/modules/pango-basic-fc.so
7ff5526a3000-7ff5526a4000 r--p 00001000 08:01 1050170                    /usr/lib/x86_64-linux-gnu/pango/1.6.0/modules/pango-basic-fc.so
7ff5526a4000-7ff5526a5000 rw-p 00002000 08:01 1050170                    /usr/lib/x86_64-linux-gnu/pango/1.6.0/modules/pango-basic-fc.so
7ff5526a5000-7ff5526a6000 r--s 00000000 08:01 267388                     /var/cache/fontconfig/c05880de57d1f5e948fdfacc138775d9-le64.cache-3
7ff5526a6000-7ff5526af000 r--s 00000000 08:01 262247                     /var/cache/fontconfig/945677eb7aeaf62f1d50efc3fb3ec7d8-le64.cache-3
7ff5526af000-7ff5526b1000 r--s 00000000 08:01 266642                     /var/cache/fontconfig/99e8ed0e538f840c565b6ed5dad60d56-le64.cache-3
7ff5526b1000-7ff5526b9000 r--s 00000000 08:01 271086                     /var/cache/fontconfig/a6d8cf8e4ec09cdbc8633c31745a07dd-le64.cache-3
7ff5526b9000-7ff5526be000 r--s 00000000 08:01 267383                     /var/cache/fontconfig/2cd17615ca594fa2959ae173292e504c-le64.cache-3
7ff5526be000-7ff5526bf000 r--s 00000000 08:01 267251                     /var/cache/fontconfig/e7071f4a29fa870f4323321c154eba04-le64.cache-3
7ff5526bf000-7ff5526c4000 r--s 00000000 08:01 271080                     /var/cache/fontconfig/6eb3985aa4124903f6ff08ba781cd364-le64.cache-3
7ff5526c4000-7ff5526ca000 r--s 00000000 08:01 267249                     /var/cache/fontconfig/a755afe4a08bf5b97852ceb7400b47bc-le64.cache-3
7ff5526ca000-7ff5526f8000 r--s 00000000 08:01 263508                     /var/cache/fontconfig/365b55f210c0a22e9a19e35191240f32-le64.cache-3
7ff5526f8000-7ff552708000 r-xp 00000000 08:01 1188880                    /usr/lib/jvm/java-7-oracle/jre/lib/amd64/libnio.so
7ff552708000-7ff552908000 ---p 00010000 08:01 1188880                    /usr/lib/jvm/java-7-oracle/jre/lib/amd64/libnio.so
7ff552908000-7ff552909000 rw-p 00010000 08:01 1188880                    /usr/lib/jvm/java-7-oracle/jre/lib/amd64/libnio.so
7ff552909000-7ff55291e000 r-xp 00000000 08:01 1188887                    /usr/lib/jvm/java-7-oracle/jre/lib/amd64/libnet.so
7ff55291e000-7ff552b1e000 ---p 00015000 08:01 1188887                    /usr/lib/jvm/java-7-oracle/jre/lib/amd64/libnet.so
7ff552b1e000-7ff552b1f000 rw-p 00015000 08:01 1188887                    /usr/lib/jvm/java-7-oracle/jre/lib/amd64/libnet.so
7ff552b1f000-7ff552b34000 r-xp 00000000 08:01 2359465                    /lib/x86_64-linux-gnu/libgcc_s.so.1
7ff552b34000-7ff552d33000 ---p 00015000 08:01 2359465                    /lib/x86_64-linux-gnu/libgcc_s.so.1
7ff552d33000-7ff552d34000 r--p 00014000 08:01 2359465                    /lib/x86_64-linux-gnu/libgcc_s.so.1
7ff552d34000-7ff552d35000 rw-p 00015000 08:01 2359465                    /lib/x86_64-linux-gnu/libgcc_s.so.1
7ff552d35000-7ff552d79000 r-xp 00000000 08:01 1188848                    /usr/lib/jvm/java-7-oracle/jre/lib/amd64/libfontmanager.so
7ff552d79000-7ff552f79000 ---p 00044000 08:01 1188848                    /usr/lib/jvm/java-7-oracle/jre/lib/amd64/libfontmanager.so
7ff552f79000-7ff552f7d000 rw-p 00044000 08:01 1188848                    /usr/lib/jvm/java-7-oracle/jre/lib/amd64/libfontmanager.so
7ff552f7d000-7ff552f8d000 rw-p 00000000 00:00 0 
7ff552f8d000-7ff552f93000 r-xp 00000000 08:01 663779                     /usr/lib/x86_64-linux-gnu/libogg.so.0.8.0
7ff552f93000-7ff553192000 ---p 00006000 08:01 663779                     /usr/lib/x86_64-linux-gnu/libogg.so.0.8.0
7ff553192000-7ff553193000 r--p 00005000 08:01 663779                     /usr/lib/x86_64-linux-gnu/libogg.so.0.8.0
7ff553193000-7ff553194000 rw-p 00006000 08:01 663779                     /usr/lib/x86_64-linux-gnu/libogg.so.0.8.0
7ff553194000-7ff5531bf000 r-xp 00000000 08:01 663995                     /usr/lib/x86_64-linux-gnu/libvorbis.so.0.4.5
7ff5531bf000-7ff5533bf000 ---p 0002b000 08:01 663995                     /usr/lib/x86_64-linux-gnu/libvorbis.so.0.4.5
7ff5533bf000-7ff5533c0000 r--p 0002b000 08:01 663995                     /usr/lib/x86_64-linux-gnu/libvorbis.so.0.4.5
7ff5533c0000-7ff5533c1000 rw-p 0002c000 08:01 663995                     /usr/lib/x86_64-linux-gnu/libvorbis.so.0.4.5
7ff5533c1000-7ff5533ca000 r-xp 00000000 08:01 663721                     /usr/lib/x86_64-linux-gnu/libltdl.so.7.3.0
7ff5533ca000-7ff5535c9000 ---p 00009000 08:01 663721                     /usr/lib/x86_64-linux-gnu/libltdl.so.7.3.0
7ff5535c9000-7ff5535ca000 r--p 00008000 08:01 663721                     /usr/lib/x86_64-linux-gnu/libltdl.so.7.3.0
7ff5535ca000-7ff5535cb000 rw-p 00009000 08:01 663721                     /usr/lib/x86_64-linux-gnu/libltdl.so.7.3.0
7ff5535cb000-7ff5535db000 r-xp 00000000 08:01 656821                     /usr/lib/x86_64-linux-gnu/libtdb.so.1.2.10
7ff5535db000-7ff5537db000 ---p 00010000 08:01 656821                     /usr/lib/x86_64-linux-gnu/libtdb.so.1.2.10
7ff5537db000-7ff5537dc000 r--p 00010000 08:01 656821                     /usr/lib/x86_64-linux-gnu/libtdb.so.1.2.10
7ff5537dc000-7ff5537dd000 rw-p 00011000 08:01 656821                     /usr/lib/x86_64-linux-gnu/libtdb.so.1.2.10
7ff5537dd000-7ff5537e4000 r-xp 00000000 08:01 663999                     /usr/lib/x86_64-linux-gnu/libvorbisfile.so.3.3.4
7ff5537e4000-7ff5539e3000 ---p 00007000 08:01 663999                     /usr/lib/x86_64-linux-gnu/libvorbisfile.so.3.3.4
7ff5539e3000-7ff5539e4000 r--p 00006000 08:01 663999                     /usr/lib/x86_64-linux-gnu/libvorbisfile.so.3.3.4
7ff5539e4000-7ff5539e5000 rw-p 00007000 08:01 663999                     /usr/lib/x86_64-linux-gnu/libvorbisfile.so.3.3.4
7ff5539e5000-7ff5539f4000 r-xp 00000000 08:01 663337                     /usr/lib/x86_64-linux-gnu/libcanberra.so.0.2.5
7ff5539f4000-7ff553bf3000 ---p 0000f000 08:01 663337                     /usr/lib/x86_64-linux-gnu/libcanberra.so.0.2.5
7ff553bf3000-7ff553bf4000 r--p 0000e000 08:01 663337                     /usr/lib/x86_64-linux-gnu/libcanberra.so.0.2.5
7ff553bf4000-7ff553bf5000 rw-p 0000f000 08:01 663337                     /usr/lib/x86_64-linux-gnu/libcanberra.so.0.2.5
7ff553bf5000-7ff553bf9000 r-xp 00000000 08:01 663333                     /usr/lib/x86_64-linux-gnu/libcanberra-gtk.so.0.1.9
7ff553bf9000-7ff553df8000 ---p 00004000 08:01 663333                     /usr/lib/x86_64-linux-gnu/libcanberra-gtk.so.0.1.9
7ff553df8000-7ff553df9000 r--p 00003000 08:01 663333                     /usr/lib/x86_64-linux-gnu/libcanberra-gtk.so.0.1.9
7ff553df9000-7ff553dfa000 rw-p 00004000 08:01 663333                     /usr/lib/x86_64-linux-gnu/libcanberra-gtk.so.0.1.9
7ff553dfa000-7ff553dff000 r-xp 00000000 08:01 1049939                    /usr/lib/x86_64-linux-gnu/gtk-2.0/modules/libcanberra-gtk-module.so
7ff553dff000-7ff553ffe000 ---p 00005000 08:01 1049939                    /usr/lib/x86_64-linux-gnu/gtk-2.0/modules/libcanberra-gtk-module.so
7ff553ffe000-7ff553fff000 r--p 00004000 08:01 1049939                    /usr/lib/x86_64-linux-gnu/gtk-2.0/modules/libcanberra-gtk-module.so
7ff553fff000-7ff554000000 rw-p 00005000 08:01 1049939                    /usr/lib/x86_64-linux-gnu/gtk-2.0/modules/libcanberra-gtk-module.so
7ff554000000-7ff554021000 rw-p 00000000 00:00 0 
7ff554021000-7ff558000000 ---p 00000000 00:00 0 
7ff558000000-7ff558001000 r--s 00000000 08:01 267250                     /var/cache/fontconfig/0d8c3b2ac0904cb8a57a757ad11a4a08-le64.cache-3
7ff558001000-7ff558005000 r--s 00000000 08:01 266623                     /var/cache/fontconfig/6d41288fd70b0be22e8c3a91e032eec0-le64.cache-3
7ff558005000-7ff558015000 r--s 00000000 08:01 267247                     /var/cache/fontconfig/04aabc0a78ac019cf9454389977116d2-le64.cache-3
7ff558015000-7ff558016000 r--s 00000000 08:01 267246                     /var/cache/fontconfig/1ac9eb803944fde146138c791f5cc56a-le64.cache-3
7ff558016000-7ff558019000 r--s 00000000 08:01 266207                     /var/cache/fontconfig/385c0604a188198f04d133e54aba7fe7-le64.cache-3
7ff558019000-7ff55801a000 r--s 00000000 08:01 267048                     /var/cache/fontconfig/dc05db6664285cc2f12bf69c139ae4c3-le64.cache-3
7ff55801a000-7ff55801c000 r--s 00000000 08:01 266786                     /var/cache/fontconfig/767a8244fc0220cfb567a839d0392e0b-le64.cache-3
7ff55801c000-7ff558021000 r--s 00000000 08:01 266783                     /var/cache/fontconfig/3047814df9a2f067bd2d96a2b9c36e5a-le64.cache-3
7ff558021000-7ff558026000 r--s 00000000 08:01 266780                     /var/cache/fontconfig/b47c4e1ecd0709278f4910c18777a504-le64.cache-3
7ff558026000-7ff55802e000 r--s 00000000 08:01 270175                     /var/cache/fontconfig/52f7bdb7ce746bfd7eaa1985bd9cfa93-le64.cache-3
7ff55802e000-7ff55803f000 r--s 00000000 08:01 262222                     /var/cache/fontconfig/d52a8644073d54c13679302ca1180695-le64.cache-3
7ff55803f000-7ff558046000 r--s 00000000 08:01 270444                     /var/cache/fontconfig/3f7329c5293ffd510edef78f73874cfd-le64.cache-3
7ff558046000-7ff558051000 r--s 00000000 08:01 271055                     /var/cache/fontconfig/e13b20fdb08344e0e664864cc2ede53d-le64.cache-3
7ff558051000-7ff55806f000 r--s 00000000 08:01 262229                     /var/cache/fontconfig/7ef2298fde41cc6eeb7af42e48b7d293-le64.cache-3
7ff55806f000-7ff558077000 r--s 00000000 08:01 527386                     /home/fabiano/.cache/fontconfig/6d50cb71f8ec6e792ca07b492e860f9b-le64.cache-3
7ff5580df000-7ff55810e000 r-xp 00000000 08:01 1049920                    /usr/lib/x86_64-linux-gnu/gtk-2.0/2.10.0/engines/libmurrine.so
7ff55810e000-7ff55830e000 ---p 0002f000 08:01 1049920                    /usr/lib/x86_64-linux-gnu/gtk-2.0/2.10.0/engines/libmurrine.so
7ff55830e000-7ff55830f000 r--p 0002f000 08:01 1049920                    /usr/lib/x86_64-linux-gnu/gtk-2.0/2.10.0/engines/libmurrine.so
7ff55830f000-7ff558310000 rw-p 00030000 08:01 1049920                    /usr/lib/x86_64-linux-gnu/gtk-2.0/2.10.0/engines/libmurrine.so
7ff558310000-7ff558311000 r-xp 00000000 08:01 656067                     /usr/lib/x86_64-linux-gnu/libgthread-2.0.so.0.3508.0
7ff558311000-7ff558510000 ---p 00001000 08:01 656067                     /usr/lib/x86_64-linux-gnu/libgthread-2.0.so.0.3508.0
7ff558510000-7ff558511000 r--p 00000000 08:01 656067                     /usr/lib/x86_64-linux-gnu/libgthread-2.0.so.0.3508.0
7ff558511000-7ff558512000 rw-p 00001000 08:01 656067                     /usr/lib/x86_64-linux-gnu/libgthread-2.0.so.0.3508.0
7ff558512000-7ff55854f000 r-xp 00000000 08:01 2363136                    /lib/x86_64-linux-gnu/libpcre.so.3.13.1
7ff55854f000-7ff55874e000 ---p 0003d000 08:01 2363136                    /lib/x86_64-linux-gnu/libpcre.so.3.13.1
7ff55874e000-7ff55874f000 r--p 0003c000 08:01 2363136                    /lib/x86_64-linux-gnu/libpcre.so.3.13.1
7ff55874f000-7ff558750000 rw-p 0003d000 08:01 2363136                    /lib/x86_64-linux-gnu/libpcre.so.3.13.1
7ff558750000-7ff558757000 r-xp 00000000 08:01 663023                     /usr/lib/x86_64-linux-gnu/libffi.so.6.0.1
7ff558757000-7ff558956000 ---p 00007000 08:01 663023                     /usr/lib/x86_64-linux-gnu/libffi.so.6.0.1
7ff558956000-7ff558957000 r--p 00006000 08:01 663023                     /usr/lib/x86_64-linux-gnu/libffi.so.6.0.1
7ff558957000-7ff558958000 rw-p 00007000 08:01 663023                     /usr/lib/x86_64-linux-gnu/libffi.so.6.0.1
7ff558958000-7ff55897e000 r-xp 00000000 08:01 2363063                    /lib/x86_64-linux-gnu/libexpat.so.1.6.0
7ff55897e000-7ff558b7e000 ---p 00026000 08:01 2363063                    /lib/x86_64-linux-gnu/libexpat.so.1.6.0
7ff558b7e000-7ff558b80000 r--p 00026000 08:01 2363063                    /lib/x86_64-linux-gnu/libexpat.so.1.6.0
7ff558b80000-7ff558b81000 rw-p 00028000 08:01 2363063                    /lib/x86_64-linux-gnu/libexpat.so.1.6.0
7ff558b81000-7ff558b97000 r-xp 00000000 08:01 2359567                    /lib/x86_64-linux-gnu/libresolv-2.17.so
7ff558b97000-7ff558d97000 ---p 00016000 08:01 2359567                    /lib/x86_64-linux-gnu/libresolv-2.17.so
7ff558d97000-7ff558d98000 r--p 00016000 08:01 2359567                    /lib/x86_64-linux-gnu/libresolv-2.17.so
7ff558d98000-7ff558d99000 rw-p 00017000 08:01 2359567                    /lib/x86_64-linux-gnu/libresolv-2.17.so
7ff558d99000-7ff558d9b000 rw-p 00000000 00:00 0 
7ff558d9b000-7ff558db8000 r-xp 00000000 08:01 2363163                    /lib/x86_64-linux-gnu/libselinux.so.1
7ff558db8000-7ff558fb7000 ---p 0001d000 08:01 2363163                    /lib/x86_64-linux-gnu/libselinux.so.1
7ff558fb7000-7ff558fb8000 r--p 0001c000 08:01 2363163                    /lib/x86_64-linux-gnu/libselinux.so.1
7ff558fb8000-7ff558fb9000 rw-p 0001d000 08:01 2363163                    /lib/x86_64-linux-gnu/libselinux.so.1
7ff558fb9000-7ff558fba000 rw-p 00000000 00:00 0 
7ff558fba000-7ff558fbd000 r-xp 00000000 08:01 656006                     /usr/lib/x86_64-linux-gnu/libgmodule-2.0.so.0.3508.0
7ff558fbd000-7ff5591bc000 ---p 00003000 08:01 656006                     /usr/lib/x86_64-linux-gnu/libgmodule-2.0.so.0.3508.0
7ff5591bc000-7ff5591bd000 r--p 00002000 08:01 656006                     /usr/lib/x86_64-linux-gnu/libgmodule-2.0.so.0.3508.0
7ff5591bd000-7ff5591be000 rw-p 00003000 08:01 656006                     /usr/lib/x86_64-linux-gnu/libgmodule-2.0.so.0.3508.0
7ff5591be000-7ff5591d4000 r-xp 00000000 08:01 2359513                    /lib/x86_64-linux-gnu/libz.so.1.2.7
7ff5591d4000-7ff5593d3000 ---p 00016000 08:01 2359513                    /lib/x86_64-linux-gnu/libz.so.1.2.7
7ff5593d3000-7ff5593d4000 r--p 00015000 08:01 2359513                    /lib/x86_64-linux-gnu/libz.so.1.2.7
7ff5593d4000-7ff5593d5000 rw-p 00016000 08:01 2359513                    /lib/x86_64-linux-gnu/libz.so.1.2.7
7ff5593d5000-7ff5593dd000 r-xp 00000000 08:01 663364                     /usr/lib/x86_64-linux-gnu/libxcb-render.so.0.0.0
7ff5593dd000-7ff5595dd000 ---p 00008000 08:01 663364                     /usr/lib/x86_64-linux-gnu/libxcb-render.so.0.0.0
7ff5595dd000-7ff5595de000 r--p 00008000 08:01 663364                     /usr/lib/x86_64-linux-gnu/libxcb-render.so.0.0.0
7ff5595de000-7ff5595df000 rw-p 00009000 08:01 663364                     /usr/lib/x86_64-linux-gnu/libxcb-render.so.0.0.0
7ff5595df000-7ff5595e1000 r-xp 00000000 08:01 663366                     /usr/lib/x86_64-linux-gnu/libxcb-shm.so.0.0.0
7ff5595e1000-7ff5597e0000 ---p 00002000 08:01 663366                     /usr/lib/x86_64-linux-gnu/libxcb-shm.so.0.0.0
7ff5597e0000-7ff5597e1000 r--p 00001000 08:01 663366                     /usr/lib/x86_64-linux-gnu/libxcb-shm.so.0.0.0
7ff5597e1000-7ff5597e2000 rw-p 00002000 08:01 663366                     /usr/lib/x86_64-linux-gnu/libxcb-shm.so.0.0.0
7ff5597e2000-7ff559807000 r-xp 00000000 08:01 2363148                    /lib/x86_64-linux-gnu/libpng12.so.0.49.0
7ff559807000-7ff559a06000 ---p 00025000 08:01 2363148                    /lib/x86_64-linux-gnu/libpng12.so.0.49.0
7ff559a06000-7ff559a07000 r--p 00024000 08:01 2363148                    /lib/x86_64-linux-gnu/libpng12.so.0.49.0
7ff559a07000-7ff559a08000 rw-p 00025000 08:01 2363148                    /lib/x86_64-linux-gnu/libpng12.so.0.49.0
7ff559a08000-7ff559a98000 r-xp 00000000 08:01 663817                     /usr/lib/x86_64-linux-gnu/libpixman-1.so.0.28.2
7ff559a98000-7ff559c97000 ---p 00090000 08:01 663817                     /usr/lib/x86_64-linux-gnu/libpixman-1.so.0.28.2
7ff559c97000-7ff559c9e000 r--p 0008f000 08:01 663817                     /usr/lib/x86_64-linux-gnu/libpixman-1.so.0.28.2
7ff559c9e000-7ff559c9f000 rw-p 00096000 08:01 663817                     /usr/lib/x86_64-linux-gnu/libpixman-1.so.0.28.2
7ff559c9f000-7ff559d36000 r-xp 00000000 08:01 657240                     /usr/lib/x86_64-linux-gnu/libfreetype.so.6.10.0
7ff559d36000-7ff559f35000 ---p 00097000 08:01 657240                     /usr/lib/x86_64-linux-gnu/libfreetype.so.6.10.0
7ff559f35000-7ff559f3b000 r--p 00096000 08:01 657240                     /usr/lib/x86_64-linux-gnu/libfreetype.so.6.10.0
7ff559f3b000-7ff559f3c000 rw-p 0009c000 08:01 657240                     /usr/lib/x86_64-linux-gnu/libfreetype.so.6.10.0
7ff559f3c000-7ff559f3e000 r-xp 00000000 08:01 663230                     /usr/lib/x86_64-linux-gnu/libXdamage.so.1.1.0
7ff559f3e000-7ff55a13d000 ---p 00002000 08:01 663230                     /usr/lib/x86_64-linux-gnu/libXdamage.so.1.1.0
7ff55a13d000-7ff55a13e000 r--p 00001000 08:01 663230                     /usr/lib/x86_64-linux-gnu/libXdamage.so.1.1.0
7ff55a13e000-7ff55a13f000 rw-p 00002000 08:01 663230                     /usr/lib/x86_64-linux-gnu/libXdamage.so.1.1.0
7ff55a13f000-7ff55a141000 r-xp 00000000 08:01 663226                     /usr/lib/x86_64-linux-gnu/libXcomposite.so.1.0.0
7ff55a141000-7ff55a340000 ---p 00002000 08:01 663226                     /usr/lib/x86_64-linux-gnu/libXcomposite.so.1.0.0
7ff55a340000-7ff55a341000 r--p 00001000 08:01 663226                     /usr/lib/x86_64-linux-gnu/libXcomposite.so.1.0.0
7ff55a341000-7ff55a342000 rw-p 00002000 08:01 663226                     /usr/lib/x86_64-linux-gnu/libXcomposite.so.1.0.0
7ff55a342000-7ff55a34b000 r-xp 00000000 08:01 657330                     /usr/lib/x86_64-linux-gnu/libXrandr.so.2.2.0
7ff55a34b000-7ff55a54a000 ---p 00009000 08:01 657330                     /usr/lib/x86_64-linux-gnu/libXrandr.so.2.2.0
7ff55a54a000-7ff55a54b000 r--p 00008000 08:01 657330                     /usr/lib/x86_64-linux-gnu/libXrandr.so.2.2.0
7ff55a54b000-7ff55a54c000 rw-p 00009000 08:01 657330                     /usr/lib/x86_64-linux-gnu/libXrandr.so.2.2.0
7ff55a54c000-7ff55a54e000 r-xp 00000000 08:01 663242                     /usr/lib/x86_64-linux-gnu/libXinerama.so.1.0.0
7ff55a54e000-7ff55a74d000 ---p 00002000 08:01 663242                     /usr/lib/x86_64-linux-gnu/libXinerama.so.1.0.0
7ff55a74d000-7ff55a74e000 r--p 00001000 08:01 663242                     /usr/lib/x86_64-linux-gnu/libXinerama.so.1.0.0
7ff55a74e000-7ff55a74f000 rw-p 00002000 08:01 663242                     /usr/lib/x86_64-linux-gnu/libXinerama.so.1.0.0
7ff55a74f000-7ff55a849000 r-xp 00000000 08:01 2359471                    /lib/x86_64-linux-gnu/libglib-2.0.so.0.3508.0
7ff55a849000-7ff55aa48000 ---p 000fa000 08:01 2359471                    /lib/x86_64-linux-gnu/libglib-2.0.so.0.3508.0
7ff55aa48000-7ff55aa49000 r--p 000f9000 08:01 2359471                    /lib/x86_64-linux-gnu/libglib-2.0.so.0.3508.0
7ff55aa49000-7ff55aa4a000 rw-p 000fa000 08:01 2359471                    /lib/x86_64-linux-gnu/libglib-2.0.so.0.3508.0
7ff55aa4a000-7ff55aa4b000 rw-p 00000000 00:00 0 
7ff55aa4b000-7ff55aa99000 r-xp 00000000 08:01 656005                     /usr/lib/x86_64-linux-gnu/libgobject-2.0.so.0.3508.0
7ff55aa99000-7ff55ac99000 ---p 0004e000 08:01 656005                     /usr/lib/x86_64-linux-gnu/libgobject-2.0.so.0.3508.0
7ff55ac99000-7ff55ac9a000 r--p 0004e000 08:01 656005                     /usr/lib/x86_64-linux-gnu/libgobject-2.0.so.0.3508.0
7ff55ac9a000-7ff55ac9b000 rw-p 0004f000 08:01 656005                     /usr/lib/x86_64-linux-gnu/libgobject-2.0.so.0.3508.0
7ff55ac9b000-7ff55acd2000 r-xp 00000000 08:01 663442                     /usr/lib/x86_64-linux-gnu/libfontconfig.so.1.6.2
7ff55acd2000-7ff55aed2000 ---p 00037000 08:01 663442                     /usr/lib/x86_64-linux-gnu/libfontconfig.so.1.6.2
7ff55aed2000-7ff55aed3000 r--p 00037000 08:01 663442                     /usr/lib/x86_64-linux-gnu/libfontconfig.so.1.6.2
7ff55aed3000-7ff55aed4000 rw-p 00038000 08:01 663442                     /usr/lib/x86_64-linux-gnu/libfontconfig.so.1.6.2
7ff55aed4000-7ff55aed5000 rw-p 00000000 00:00 0 
7ff55aed5000-7ff55af1c000 r-xp 00000000 08:01 663795                     /usr/lib/x86_64-linux-gnu/libpango-1.0.so.0.3000.1
7ff55af1c000-7ff55b11b000 ---p 00047000 08:01 663795                     /usr/lib/x86_64-linux-gnu/libpango-1.0.so.0.3000.1
7ff55b11b000-7ff55b11d000 r--p 00046000 08:01 663795                     /usr/lib/x86_64-linux-gnu/libpango-1.0.so.0.3000.1
7ff55b11d000-7ff55b11e000 rw-p 00048000 08:01 663795                     /usr/lib/x86_64-linux-gnu/libpango-1.0.so.0.3000.1
7ff55b11e000-7ff55b148000 r-xp 00000000 08:01 663799                     /usr/lib/x86_64-linux-gnu/libpangoft2-1.0.so.0.3000.1
7ff55b148000-7ff55b347000 ---p 0002a000 08:01 663799                     /usr/lib/x86_64-linux-gnu/libpangoft2-1.0.so.0.3000.1
7ff55b347000-7ff55b348000 r--p 00029000 08:01 663799                     /usr/lib/x86_64-linux-gnu/libpangoft2-1.0.so.0.3000.1
7ff55b348000-7ff55b349000 rw-p 0002a000 08:01 663799                     /usr/lib/x86_64-linux-gnu/libpangoft2-1.0.so.0.3000.1
7ff55b349000-7ff55b4a8000 r-xp 00000000 08:01 655972                     /usr/lib/x86_64-linux-gnu/libgio-2.0.so.0.3508.0
7ff55b4a8000-7ff55b6a7000 ---p 0015f000 08:01 655972                     /usr/lib/x86_64-linux-gnu/libgio-2.0.so.0.3508.0
7ff55b6a7000-7ff55b6ab000 r--p 0015e000 08:01 655972                     /usr/lib/x86_64-linux-gnu/libgio-2.0.so.0.3508.0
7ff55b6ab000-7ff55b6ad000 rw-p 00162000 08:01 655972                     /usr/lib/x86_64-linux-gnu/libgio-2.0.so.0.3508.0
7ff55b6ad000-7ff55b6af000 rw-p 00000000 00:00 0 
7ff55b6af000-7ff55b6cd000 r-xp 00000000 08:01 663496                     /usr/lib/x86_64-linux-gnu/libgdk_pixbuf-2.0.so.0.2600.5
7ff55b6cd000-7ff55b8cc000 ---p 0001e000 08:01 663496                     /usr/lib/x86_64-linux-gnu/libgdk_pixbuf-2.0.so.0.2600.5
7ff55b8cc000-7ff55b8cd000 r--p 0001d000 08:01 663496                     /usr/lib/x86_64-linux-gnu/libgdk_pixbuf-2.0.so.0.2600.5
7ff55b8cd000-7ff55b8ce000 rw-p 0001e000 08:01 663496                     /usr/lib/x86_64-linux-gnu/libgdk_pixbuf-2.0.so.0.2600.5
7ff55b8ce000-7ff55b9cc000 r-xp 00000000 08:01 655764                     /usr/lib/x86_64-linux-gnu/libcairo.so.2.11200.14
7ff55b9cc000-7ff55bbcc000 ---p 000fe000 08:01 655764                     /usr/lib/x86_64-linux-gnu/libcairo.so.2.11200.14
7ff55bbcc000-7ff55bbcf000 r--p 000fe000 08:01 655764                     /usr/lib/x86_64-linux-gnu/libcairo.so.2.11200.14
7ff55bbcf000-7ff55bbd0000 rw-p 00101000 08:01 655764                     /usr/lib/x86_64-linux-gnu/libcairo.so.2.11200.14
7ff55bbd0000-7ff55bbd2000 rw-p 00000000 00:00 0 
7ff55bbd2000-7ff55bbf2000 r-xp 00000000 08:01 655904                     /usr/lib/x86_64-linux-gnu/libatk-1.0.so.0.20800.1
7ff55bbf2000-7ff55bdf1000 ---p 00020000 08:01 655904                     /usr/lib/x86_64-linux-gnu/libatk-1.0.so.0.20800.1
7ff55bdf1000-7ff55bdf3000 r--p 0001f000 08:01 655904                     /usr/lib/x86_64-linux-gnu/libatk-1.0.so.0.20800.1
7ff55bdf3000-7ff55bdf4000 rw-p 00021000 08:01 655904                     /usr/lib/x86_64-linux-gnu/libatk-1.0.so.0.20800.1
7ff55bdf4000-7ff55bdff000 r-xp 00000000 08:01 663797                     /usr/lib/x86_64-linux-gnu/libpangocairo-1.0.so.0.3000.1
7ff55bdff000-7ff55bffe000 ---p 0000b000 08:01 663797                     /usr/lib/x86_64-linux-gnu/libpangocairo-1.0.so.0.3000.1
7ff55bffe000-7ff55bfff000 r--p 0000a000 08:01 663797                     /usr/lib/x86_64-linux-gnu/libpangocairo-1.0.so.0.3000.1
7ff55bfff000-7ff55c000000 rw-p 0000b000 08:01 663797                     /usr/lib/x86_64-linux-gnu/libpangocairo-1.0.so.0.3000.1
7ff55c000000-7ff55c021000 rw-p 00000000 00:00 0 
7ff55c021000-7ff560000000 ---p 00000000 00:00 0 
7ff560000000-7ff560003000 r--s 00000000 08:01 266784                     /var/cache/fontconfig/8801497958630a81b71ace7c5f9b32a8-le64.cache-3
7ff560092000-7ff5600c3000 rw-p 00000000 00:00 0 
7ff5600c3000-7ff560170000 r-xp 00000000 08:01 663494                     /usr/lib/x86_64-linux-gnu/libgdk-x11-2.0.so.0.2400.14
7ff560170000-7ff56036f000 ---p 000ad000 08:01 663494                     /usr/lib/x86_64-linux-gnu/libgdk-x11-2.0.so.0.2400.14
7ff56036f000-7ff560373000 r--p 000ac000 08:01 663494                     /usr/lib/x86_64-linux-gnu/libgdk-x11-2.0.so.0.2400.14
7ff560373000-7ff560375000 rw-p 000b0000 08:01 663494                     /usr/lib/x86_64-linux-gnu/libgdk-x11-2.0.so.0.2400.14
7ff560375000-7ff5607a2000 r-xp 00000000 08:01 663633                     /usr/lib/x86_64-linux-gnu/libgtk-x11-2.0.so.0.2400.14
7ff5607a2000-7ff5609a1000 ---p 0042d000 08:01 663633                     /usr/lib/x86_64-linux-gnu/libgtk-x11-2.0.so.0.2400.14
7ff5609a1000-7ff5609a8000 r--p 0042c000 08:01 663633                     /usr/lib/x86_64-linux-gnu/libgtk-x11-2.0.so.0.2400.14
7ff5609a8000-7ff5609ac000 rw-p 00433000 08:01 663633                     /usr/lib/x86_64-linux-gnu/libgtk-x11-2.0.so.0.2400.14
7ff5609ac000-7ff5609ae000 rw-p 00000000 00:00 0 
7ff5609ae000-7ff5609b1000 ---p 00000000 00:00 0 
7ff5609b1000-7ff560aaf000 rw-p 00000000 00:00 0                          [stack:18719]
7ff560aaf000-7ff560ab2000 ---p 00000000 00:00 0 
7ff560ab2000-7ff560bb0000 rw-p 00000000 00:00 0                          [stack:18718]
7ff560bb0000-7ff560bb3000 ---p 00000000 00:00 0 
7ff560bb3000-7ff560cb1000 rw-p 00000000 00:00 0                          [stack:18717]
7ff560cb1000-7ff560cb6000 r-xp 00000000 08:01 663236                     /usr/lib/x86_64-linux-gnu/libXfixes.so.3.1.0
7ff560cb6000-7ff560eb5000 ---p 00005000 08:01 663236                     /usr/lib/x86_64-linux-gnu/libXfixes.so.3.1.0
7ff560eb5000-7ff560eb6000 r--p 00004000 08:01 663236                     /usr/lib/x86_64-linux-gnu/libXfixes.so.3.1.0
7ff560eb6000-7ff560eb7000 rw-p 00005000 08:01 663236                     /usr/lib/x86_64-linux-gnu/libXfixes.so.3.1.0
7ff560eb7000-7ff560ec0000 r-xp 00000000 08:01 663228                     /usr/lib/x86_64-linux-gnu/libXcursor.so.1.0.2
7ff560ec0000-7ff5610c0000 ---p 00009000 08:01 663228                     /usr/lib/x86_64-linux-gnu/libXcursor.so.1.0.2
7ff5610c0000-7ff5610c1000 r--p 00009000 08:01 663228                     /usr/lib/x86_64-linux-gnu/libXcursor.so.1.0.2
7ff5610c1000-7ff5610c2000 rw-p 0000a000 08:01 663228                     /usr/lib/x86_64-linux-gnu/libXcursor.so.1.0.2
7ff5610c2000-7ff5610c5000 ---p 00000000 00:00 0 
7ff5610c5000-7ff5611c3000 rw-p 00000000 00:00 0                          [stack:18716]
7ff5611c3000-7ff5611c8000 r-xp 00000000 08:01 663232                     /usr/lib/x86_64-linux-gnu/libXdmcp.so.6.0.0
7ff5611c8000-7ff5613c7000 ---p 00005000 08:01 663232                     /usr/lib/x86_64-linux-gnu/libXdmcp.so.6.0.0
7ff5613c7000-7ff5613c8000 r--p 00004000 08:01 663232                     /usr/lib/x86_64-linux-gnu/libXdmcp.so.6.0.0
7ff5613c8000-7ff5613c9000 rw-p 00005000 08:01 663232                     /usr/lib/x86_64-linux-gnu/libXdmcp.so.6.0.0
7ff5613c9000-7ff5613cb000 r-xp 00000000 08:01 663221                     /usr/lib/x86_64-linux-gnu/libXau.so.6.0.0
7ff5613cb000-7ff5615cb000 ---p 00002000 08:01 663221                     /usr/lib/x86_64-linux-gnu/libXau.so.6.0.0
7ff5615cb000-7ff5615cc000 r--p 00002000 08:01 663221                     /usr/lib/x86_64-linux-gnu/libXau.so.6.0.0
7ff5615cc000-7ff5615cd000 rw-p 00003000 08:01 663221                     /usr/lib/x86_64-linux-gnu/libXau.so.6.0.0
7ff5615cd000-7ff5615ea000 r-xp 00000000 08:01 655715                     /usr/lib/x86_64-linux-gnu/libxcb.so.1.1.0
7ff5615ea000-7ff5617e9000 ---p 0001d000 08:01 655715                     /usr/lib/x86_64-linux-gnu/libxcb.so.1.1.0
7ff5617e9000-7ff5617ea000 r--p 0001c000 08:01 655715                     /usr/lib/x86_64-linux-gnu/libxcb.so.1.1.0
7ff5617ea000-7ff5617eb000 rw-p 0001d000 08:01 655715                     /usr/lib/x86_64-linux-gnu/libxcb.so.1.1.0
7ff5617eb000-7ff5617f9000 r-xp 00000000 08:01 657311                     /usr/lib/x86_64-linux-gnu/libXi.so.6.1.0
7ff5617f9000-7ff5619f8000 ---p 0000e000 08:01 657311                     /usr/lib/x86_64-linux-gnu/libXi.so.6.1.0
7ff5619f8000-7ff5619f9000 r--p 0000d000 08:01 657311                     /usr/lib/x86_64-linux-gnu/libXi.so.6.1.0
7ff5619f9000-7ff5619fa000 rw-p 0000e000 08:01 657311                     /usr/lib/x86_64-linux-gnu/libXi.so.6.1.0
7ff5619fa000-7ff5619ff000 r-xp 00000000 08:01 663258                     /usr/lib/x86_64-linux-gnu/libXtst.so.6.1.0
7ff5619ff000-7ff561bfe000 ---p 00005000 08:01 663258                     /usr/lib/x86_64-linux-gnu/libXtst.so.6.1.0
7ff561bfe000-7ff561bff000 r--p 00004000 08:01 663258                     /usr/lib/x86_64-linux-gnu/libXtst.so.6.1.0
7ff561bff000-7ff561c00000 rw-p 00005000 08:01 663258                     /usr/lib/x86_64-linux-gnu/libXtst.so.6.1.0
7ff561c00000-7ff561c09000 r-xp 00000000 08:01 663254                     /usr/lib/x86_64-linux-gnu/libXrender.so.1.3.0
7ff561c09000-7ff561e08000 ---p 00009000 08:01 663254                     /usr/lib/x86_64-linux-gnu/libXrender.so.1.3.0
7ff561e08000-7ff561e09000 r--p 00008000 08:01 663254                     /usr/lib/x86_64-linux-gnu/libXrender.so.1.3.0
7ff561e09000-7ff561e0a000 rw-p 00009000 08:01 663254                     /usr/lib/x86_64-linux-gnu/libXrender.so.1.3.0
7ff561e0a000-7ff561f3e000 r-xp 00000000 08:01 663217                     /usr/lib/x86_64-linux-gnu/libX11.so.6.3.0
7ff561f3e000-7ff56213e000 ---p 00134000 08:01 663217                     /usr/lib/x86_64-linux-gnu/libX11.so.6.3.0
7ff56213e000-7ff56213f000 r--p 00134000 08:01 663217                     /usr/lib/x86_64-linux-gnu/libX11.so.6.3.0
7ff56213f000-7ff562144000 rw-p 00135000 08:01 663217                     /usr/lib/x86_64-linux-gnu/libX11.so.6.3.0
7ff562144000-7ff562154000 r-xp 00000000 08:01 663234                     /usr/lib/x86_64-linux-gnu/libXext.so.6.4.0
7ff562154000-7ff562354000 ---p 00010000 08:01 663234                     /usr/lib/x86_64-linux-gnu/libXext.so.6.4.0
7ff562354000-7ff562355000 r--p 00010000 08:01 663234                     /usr/lib/x86_64-linux-gnu/libXext.so.6.4.0
7ff562355000-7ff562356000 rw-p 00011000 08:01 663234                     /usr/lib/x86_64-linux-gnu/libXext.so.6.4.0
7ff562356000-7ff562357000 r--s 00000000 08:01 266762                     /var/cache/fontconfig/4794a0821666d79190d59a36cb4f44b5-le64.cache-3
7ff562357000-7ff562358000 r--s 00000000 08:01 266782                     /var/cache/fontconfig/56cf4f4769d0f4abc89a4895d7bd3ae1-le64.cache-3
7ff562358000-7ff562359000 r--s 00000000 08:01 266781                     /var/cache/fontconfig/b9d506c9ac06c20b433354fa67a72993-le64.cache-3
7ff562359000-7ff56235a000 r--s 00000000 08:01 266778                     /var/cache/fontconfig/0c9eb80ebd1c36541ebe2852d3bb0c49-le64.cache-3
7ff56235c000-7ff56235d000 rw-p 00000000 00:00 0 
7ff56235d000-7ff562361000 r--s 0002d000 08:01 1188249                    /usr/lib/jvm/java-7-oracle/jre/lib/ext/sunjce_provider.jar
7ff562361000-7ff562362000 r--s 00003000 08:01 1188255                    /usr/lib/jvm/java-7-oracle/jre/lib/ext/sunec.jar
7ff562362000-7ff562366000 rw-s 00000000 00:04 205651984                  /SYSV00000000 (deleted)
7ff562366000-7ff562370000 r--s 00254000 08:01 1188929                    /usr/lib/jvm/java-7-oracle/jre/lib/resources.jar
7ff562370000-7ff5623c0000 r-xp 00000000 08:01 1188858                    /usr/lib/jvm/java-7-oracle/jre/lib/amd64/xawt/libmawt.so
7ff5623c0000-7ff5625c0000 ---p 00050000 08:01 1188858                    /usr/lib/jvm/java-7-oracle/jre/lib/amd64/xawt/libmawt.so
7ff5625c0000-7ff5625c4000 rw-p 00050000 08:01 1188858                    /usr/lib/jvm/java-7-oracle/jre/lib/amd64/xawt/libmawt.so
7ff5625c4000-7ff5625c5000 rw-p 00000000 00:00 0 
7ff5625c5000-7ff562667000 r-xp 00000000 08:01 1188894                    /usr/lib/jvm/java-7-oracle/jre/lib/amd64/libawt.so
7ff562667000-7ff562867000 ---p 000a2000 08:01 1188894                    /usr/lib/jvm/java-7-oracle/jre/lib/amd64/libawt.so
7ff562867000-7ff562873000 rw-p 000a2000 08:01 1188894                    /usr/lib/jvm/java-7-oracle/jre/lib/amd64/libawt.so
7ff562873000-7ff562897000 rw-p 00000000 00:00 0 
7ff562897000-7ff562899000 r--s 00000000 08:01 2757635                    /home/fabiano/.m2/repository/aopalliance/aopalliance/1.0/aopalliance-1.0.jar
7ff562899000-7ff56289a000 r--s 00000000 08:01 2626766                    /home/fabiano/.m2/repository/javax/inject/javax.inject/1/javax.inject-1.jar
7ff56289a000-7ff5628a9000 r--s 0009f000 08:01 2367992                    /home/fabiano/.m2/repository/com/google/inject/guice/3.0/guice-3.0.jar
7ff5628a9000-7ff5628b3000 r--s 00067000 08:01 1188353                    /usr/lib/jvm/java-7-oracle/jre/lib/javaws.jar
7ff5628b3000-7ff5628b6000 r--s 000f7000 08:01 1188252                    /usr/lib/jvm/java-7-oracle/jre/lib/ext/localedata.jar
7ff5628b6000-7ff5628bb000 r--s 0002b000 08:01 2757630                    /home/fabiano/.m2/repository/org/jdesktop/bsaf/bsaf/1.9.2/bsaf-1.9.2.jar
7ff5628bb000-7ff5628e8000 r--s 001bb000 08:01 2360301                    /home/fabiano/.m2/repository/org/bouncycastle/bcprov-jdk15on/1.47/bcprov-jdk15on-1.47.jar
7ff5628e8000-7ff5628f4000 r--s 00072000 08:01 2360300                    /home/fabiano/.m2/repository/org/bouncycastle/bcpkix-jdk15on/1.47/bcpkix-jdk15on-1.47.jar
7ff5628f4000-7ff5628f6000 r--s 0000d000 08:01 2231281                    /home/fabiano/.m2/repository/commons-logging/commons-logging/1.1.1/commons-logging-1.1.1.jar
7ff5628f6000-7ff5628fa000 r--s 0002a000 08:01 2360471                    /home/fabiano/.m2/repository/org/apache/pdfbox/fontbox/1.7.0/fontbox-1.7.0.jar
7ff5628fa000-7ff562910000 r--s 003a5000 08:01 2360470                    /home/fabiano/.m2/repository/org/apache/pdfbox/pdfbox/1.7.0/pdfbox-1.7.0.jar
7ff562910000-7ff562921000 r--s 0019d000 08:01 2231195                    /home/fabiano/.m2/repository/com/itextpdf/itextpdf/5.3.0/itextpdf-5.3.0.jar
7ff562921000-7ff562922000 ---p 00000000 00:00 0 
7ff562922000-7ff562a22000 rw-p 00000000 00:00 0                          [stack:18714]
7ff562a22000-7ff562a25000 ---p 00000000 00:00 0 
7ff562a25000-7ff562b23000 rw-p 00000000 00:00 0                          [stack:18713]
7ff562b23000-7ff562b26000 ---p 00000000 00:00 0 
7ff562b26000-7ff562c24000 rw-p 00000000 00:00 0                          [stack:18712]
7ff562c24000-7ff562c27000 ---p 00000000 00:00 0 
7ff562c27000-7ff562d25000 rw-p 00000000 00:00 0                          [stack:18711]
7ff562d25000-7ff562ff0000 r--p 00000000 08:01 666783                     /usr/lib/locale/locale-archive
7ff562ff0000-7ff564000000 rw-p 00000000 00:00 0 
7ff564000000-7ff564021000 rw-p 00000000 00:00 0 
7ff564021000-7ff568000000 ---p 00000000 00:00 0 
7ff568000000-7ff568002000 r--s 0000b000 08:01 2360472                    /home/fabiano/.m2/repository/org/apache/pdfbox/jempbox/1.7.0/jempbox-1.7.0.jar
7ff568002000-7ff568006000 r--s 0002a000 08:01 2231237                    /home/fabiano/.m2/repository/commons-io/commons-io/2.4/commons-io-2.4.jar
7ff568006000-7ff568021000 r--s 00147000 08:01 2231236                    /home/fabiano/.m2/repository/org/swinglabs/swingx-core/1.6.2-2/swingx-core-1.6.2-2.jar
7ff568021000-7ff568026000 r--s 00041000 08:01 2231235                    /home/fabiano/.m2/repository/commons-lang/commons-lang/2.6/commons-lang-2.6.jar
7ff568026000-7ff568027000 r--s 00002000 08:01 2231234                    /home/fabiano/.m2/repository/be/cyberelf/nanoxml/lite/2.2.3/lite-2.2.3.jar
7ff568027000-7ff568028000 r--s 00001000 08:01 2231233                    /home/fabiano/.m2/repository/net/java/dev/laf-plugin/laf-plugin/1.1/laf-plugin-1.1.jar
7ff568028000-7ff56802d000 r--s 00026000 08:01 2231232                    /home/fabiano/.m2/repository/asm/asm-all/2.2.3/asm-all-2.2.3.jar
7ff56802d000-7ff56803c000 r--s 000ee000 08:01 2231231                    /home/fabiano/.m2/repository/ant/ant/1.6.5/ant-1.6.5.jar
7ff56803c000-7ff568045000 r--s 00055000 08:01 2231230                    /home/fabiano/.m2/repository/net/java/dev/laf-widget/laf-widget/5.0/laf-widget-5.0.jar
7ff568045000-7ff568048000 r--s 0001b000 08:01 2231229                    /home/fabiano/.m2/repository/xpp3/xpp3/1.1.4c/xpp3-1.1.4c.jar
7ff568048000-7ff56804e000 r--s 00019000 08:01 2231227                    /home/fabiano/.m2/repository/xerces/xmlParserAPIs/2.6.2/xmlParserAPIs-2.6.2.jar
7ff56804e000-7ff568053000 r--s 00026000 08:01 2231225                    /home/fabiano/.m2/repository/org/apache/httpcomponents/httpcore/4.0.1/httpcore-4.0.1.jar
7ff568053000-7ff56805b000 r--s 00040000 08:01 2231224                    /home/fabiano/.m2/repository/org/apache/httpcomponents/httpclient/4.0.1/httpclient-4.0.1.jar
7ff56805b000-7ff56809b000 r--s 0041e000 08:01 2231181                    /home/fabiano/.m2/repository/com/google/android/android/2.1_r1/android-2.1_r1.jar
7ff56809b000-7ff5680b0000 r--s 001d3000 08:01 2231223                    /home/fabiano/.m2/repository/org/eclipse/swt/win32/win32/x86/3.3.0-v3346/x86-3.3.0-v3346.jar
7ff5680b0000-7ff5680b4000 r--s 00016000 08:01 2231222                    /home/fabiano/.m2/repository/org/pushing-pixels/trident/1.2/trident-1.2.jar
7ff5680b4000-7ff5680d0000 r--s 00143000 08:01 2231178                    /home/fabiano/.m2/repository/org/java/net/substance/substance/6.0/substance-6.0.jar
7ff5680d0000-7ff5680d3000 ---p 00000000 00:00 0 
7ff5680d3000-7ff5681d1000 rw-p 00000000 00:00 0                          [stack:18710]
7ff5681d1000-7ff5681d4000 ---p 00000000 00:00 0 
7ff5681d4000-7ff5682d2000 rw-p 00000000 00:00 0                          [stack:18709]
7ff5682d2000-7ff5682d5000 ---p 00000000 00:00 0 
7ff5682d5000-7ff5683d3000 rw-p 00000000 00:00 0                          [stack:18708]
7ff5683d3000-7ff5683d4000 ---p 00000000 00:00 0 
7ff5683d4000-7ff569000000 rw-p 00000000 00:00 0                          [stack:18707]
7ff569000000-7ff569270000 rwxp 00000000 00:00 0 
7ff569270000-7ff56c378000 rw-p 00000000 00:00 0 
7ff56c378000-7ff570000000 ---p 00000000 00:00 0 
7ff570000000-7ff5704f8000 rw-p 00000000 00:00 0 
7ff5704f8000-7ff5706b5000 r--s 039da000 08:01 1188835                    /usr/lib/jvm/java-7-oracle/jre/lib/rt.jar
7ff5706b5000-7ff5706dd000 rw-p 00000000 00:00 0 
7ff5706dd000-7ff5706de000 ---p 00000000 00:00 0 
7ff5706de000-7ff5707de000 rw-p 00000000 00:00 0                          [stack:18706]
7ff5707de000-7ff5707df000 ---p 00000000 00:00 0 
7ff5707df000-7ff5708df000 rw-p 00000000 00:00 0                          [stack:18705]
7ff5708df000-7ff5708e0000 ---p 00000000 00:00 0 
7ff5708e0000-7ff5709e0000 rw-p 00000000 00:00 0                          [stack:18704]
7ff5709e0000-7ff5709e1000 ---p 00000000 00:00 0 
7ff5709e1000-7ff570aed000 rw-p 00000000 00:00 0                          [stack:18703]
7ff570aed000-7ff570b0a000 rw-p 00000000 00:00 0 
7ff570b0a000-7ff570b34000 rw-p 00000000 00:00 0 
7ff570b34000-7ff570d9c000 rw-p 00000000 00:00 0 
7ff570d9c000-7ff570da8000 rw-p 00000000 00:00 0 
7ff570da8000-7ff570dc5000 rw-p 00000000 00:00 0 
7ff570dc5000-7ff570def000 rw-p 00000000 00:00 0 
7ff570def000-7ff571057000 rw-p 00000000 00:00 0 
7ff571057000-7ff57106c000 rw-p 00000000 00:00 0 
7ff57106c000-7ff5711a0000 rw-p 00000000 00:00 0 
7ff5711a0000-7ff5711a1000 rw-p 00000000 00:00 0 
7ff5711a1000-7ff5711bb000 r-xp 00000000 08:01 1188874                    /usr/lib/jvm/java-7-oracle/jre/lib/amd64/libzip.so
7ff5711bb000-7ff5713bb000 ---p 0001a000 08:01 1188874                    /usr/lib/jvm/java-7-oracle/jre/lib/amd64/libzip.so
7ff5713bb000-7ff5713bc000 rw-p 0001a000 08:01 1188874                    /usr/lib/jvm/java-7-oracle/jre/lib/amd64/libzip.so
7ff5713bc000-7ff5713c8000 r-xp 00000000 08:01 2359582                    /lib/x86_64-linux-gnu/libnss_files-2.17.so
7ff5713c8000-7ff5715c7000 ---p 0000c000 08:01 2359582                    /lib/x86_64-linux-gnu/libnss_files-2.17.so
7ff5715c7000-7ff5715c8000 r--p 0000b000 08:01 2359582                    /lib/x86_64-linux-gnu/libnss_files-2.17.so
7ff5715c8000-7ff5715c9000 rw-p 0000c000 08:01 2359582                    /lib/x86_64-linux-gnu/libnss_files-2.17.so
7ff5715c9000-7ff5715d4000 r-xp 00000000 08:01 2359580                    /lib/x86_64-linux-gnu/libnss_nis-2.17.so
7ff5715d4000-7ff5717d3000 ---p 0000b000 08:01 2359580                    /lib/x86_64-linux-gnu/libnss_nis-2.17.so
7ff5717d3000-7ff5717d4000 r--p 0000a000 08:01 2359580                    /lib/x86_64-linux-gnu/libnss_nis-2.17.so
7ff5717d4000-7ff5717d5000 rw-p 0000b000 08:01 2359580                    /lib/x86_64-linux-gnu/libnss_nis-2.17.so
7ff5717d5000-7ff5717ec000 r-xp 00000000 08:01 2359559                    /lib/x86_64-linux-gnu/libnsl-2.17.so
7ff5717ec000-7ff5719eb000 ---p 00017000 08:01 2359559                    /lib/x86_64-linux-gnu/libnsl-2.17.so
7ff5719eb000-7ff5719ec000 r--p 00016000 08:01 2359559                    /lib/x86_64-linux-gnu/libnsl-2.17.so
7ff5719ec000-7ff5719ed000 rw-p 00017000 08:01 2359559                    /lib/x86_64-linux-gnu/libnsl-2.17.so
7ff5719ed000-7ff5719ef000 rw-p 00000000 00:00 0 
7ff5719ef000-7ff5719f7000 r-xp 00000000 08:01 2359565                    /lib/x86_64-linux-gnu/libnss_compat-2.17.so
7ff5719f7000-7ff571bf6000 ---p 00008000 08:01 2359565                    /lib/x86_64-linux-gnu/libnss_compat-2.17.so
7ff571bf6000-7ff571bf7000 r--p 00007000 08:01 2359565                    /lib/x86_64-linux-gnu/libnss_compat-2.17.so
7ff571bf7000-7ff571bf8000 rw-p 00008000 08:01 2359565                    /lib/x86_64-linux-gnu/libnss_compat-2.17.so
7ff571bf8000-7ff571c21000 r-xp 00000000 08:01 1188876                    /usr/lib/jvm/java-7-oracle/jre/lib/amd64/libjava.so
7ff571c21000-7ff571e21000 ---p 00029000 08:01 1188876                    /usr/lib/jvm/java-7-oracle/jre/lib/amd64/libjava.so
7ff571e21000-7ff571e23000 rw-p 00029000 08:01 1188876                    /usr/lib/jvm/java-7-oracle/jre/lib/amd64/libjava.so
7ff571e23000-7ff571e30000 r-xp 00000000 08:01 1188903                    /usr/lib/jvm/java-7-oracle/jre/lib/amd64/libverify.so
7ff571e30000-7ff57202f000 ---p 0000d000 08:01 1188903                    /usr/lib/jvm/java-7-oracle/jre/lib/amd64/libverify.so
7ff57202f000-7ff572031000 rw-p 0000c000 08:01 1188903                    /usr/lib/jvm/java-7-oracle/jre/lib/amd64/libverify.so
7ff572031000-7ff572038000 r-xp 00000000 08:01 2359583                    /lib/x86_64-linux-gnu/librt-2.17.so
7ff572038000-7ff572237000 ---p 00007000 08:01 2359583                    /lib/x86_64-linux-gnu/librt-2.17.so
7ff572237000-7ff572238000 r--p 00006000 08:01 2359583                    /lib/x86_64-linux-gnu/librt-2.17.so
7ff572238000-7ff572239000 rw-p 00007000 08:01 2359583                    /lib/x86_64-linux-gnu/librt-2.17.so
7ff572239000-7ff57233c000 r-xp 00000000 08:01 2359571                    /lib/x86_64-linux-gnu/libm-2.17.so
7ff57233c000-7ff57253c000 ---p 00103000 08:01 2359571                    /lib/x86_64-linux-gnu/libm-2.17.so
7ff57253c000-7ff57253d000 r--p 00103000 08:01 2359571                    /lib/x86_64-linux-gnu/libm-2.17.so
7ff57253d000-7ff57253e000 rw-p 00104000 08:01 2359571                    /lib/x86_64-linux-gnu/libm-2.17.so
7ff57253e000-7ff572f85000 r-xp 00000000 08:01 1188865                    /usr/lib/jvm/java-7-oracle/jre/lib/amd64/server/libjvm.so
7ff572f85000-7ff573185000 ---p 00a47000 08:01 1188865                    /usr/lib/jvm/java-7-oracle/jre/lib/amd64/server/libjvm.so
7ff573185000-7ff573228000 rw-p 00a47000 08:01 1188865                    /usr/lib/jvm/java-7-oracle/jre/lib/amd64/server/libjvm.so
7ff573228000-7ff573264000 rw-p 00000000 00:00 0 
7ff573264000-7ff573422000 r-xp 00000000 08:01 2359588                    /lib/x86_64-linux-gnu/libc-2.17.so
7ff573422000-7ff573621000 ---p 001be000 08:01 2359588                    /lib/x86_64-linux-gnu/libc-2.17.so
7ff573621000-7ff573625000 r--p 001bd000 08:01 2359588                    /lib/x86_64-linux-gnu/libc-2.17.so
7ff573625000-7ff573627000 rw-p 001c1000 08:01 2359588                    /lib/x86_64-linux-gnu/libc-2.17.so
7ff573627000-7ff57362c000 rw-p 00000000 00:00 0 
7ff57362c000-7ff57362f000 r-xp 00000000 08:01 2359589                    /lib/x86_64-linux-gnu/libdl-2.17.so
7ff57362f000-7ff57382e000 ---p 00003000 08:01 2359589                    /lib/x86_64-linux-gnu/libdl-2.17.so
7ff57382e000-7ff57382f000 r--p 00002000 08:01 2359589                    /lib/x86_64-linux-gnu/libdl-2.17.so
7ff57382f000-7ff573830000 rw-p 00003000 08:01 2359589                    /lib/x86_64-linux-gnu/libdl-2.17.so
7ff573830000-7ff573846000 r-xp 00000000 08:01 1188896                    /usr/lib/jvm/java-7-oracle/jre/lib/amd64/jli/libjli.so
7ff573846000-7ff573a46000 ---p 00016000 08:01 1188896                    /usr/lib/jvm/java-7-oracle/jre/lib/amd64/jli/libjli.so
7ff573a46000-7ff573a47000 rw-p 00016000 08:01 1188896                    /usr/lib/jvm/java-7-oracle/jre/lib/amd64/jli/libjli.so
7ff573a47000-7ff573a5f000 r-xp 00000000 08:01 2359599                    /lib/x86_64-linux-gnu/libpthread-2.17.so
7ff573a5f000-7ff573c5e000 ---p 00018000 08:01 2359599                    /lib/x86_64-linux-gnu/libpthread-2.17.so
7ff573c5e000-7ff573c5f000 r--p 00017000 08:01 2359599                    /lib/x86_64-linux-gnu/libpthread-2.17.so
7ff573c5f000-7ff573c60000 rw-p 00018000 08:01 2359599                    /lib/x86_64-linux-gnu/libpthread-2.17.so
7ff573c60000-7ff573c64000 rw-p 00000000 00:00 0 
7ff573c64000-7ff573c87000 r-xp 00000000 08:01 2359577                    /lib/x86_64-linux-gnu/ld-2.17.so
7ff573c87000-7ff573c88000 r--s 00004000 08:01 2231226                    /home/fabiano/.m2/repository/org/khronos/opengl-api/gl1.1-android-2.1_r1/opengl-api-gl1.1-android-2.1_r1.jar
7ff573c88000-7ff573c8a000 r--s 0000a000 08:01 2231280                    /home/fabiano/.m2/repository/commons-codec/commons-codec/1.3/commons-codec-1.3.jar
7ff573c8a000-7ff573c8d000 r--s 00010000 08:01 2231221                    /home/fabiano/.m2/repository/it/tidalwave/betterbeansbinding/betterbeansbinding-swingbinding/1.3.0/betterbeansbinding-swingbinding-1.3.0.jar
7ff573c8d000-7ff573c99000 r--s 0006a000 08:01 2231210                    /home/fabiano/.m2/repository/com/thoughtworks/xstream/xstream/1.4.2/xstream-1.4.2.jar
7ff573c99000-7ff573ca5000 r--s 003dc000 08:01 789850                     /home/fabiano/downloads/SwingBox-bin-0.1.jar
7ff573ca5000-7ff573caf000 rw-p 00000000 00:00 0 
7ff573caf000-7ff573d65000 rw-p 00000000 00:00 0 
7ff573d65000-7ff573d68000 ---p 00000000 00:00 0 
7ff573d68000-7ff573e6a000 rw-p 00000000 00:00 0                          [stack:18702]
7ff573e6a000-7ff573e6d000 r--s 0001e000 08:01 2231220                    /home/fabiano/.m2/repository/it/tidalwave/betterbeansbinding/betterbeansbinding-el/1.3.0/betterbeansbinding-el-1.3.0.jar
7ff573e6d000-7ff573e6f000 r--s 00006000 08:01 2231219                    /home/fabiano/.m2/repository/com/google/code/findbugs/jsr305/1.3.7/jsr305-1.3.7.jar
7ff573e6f000-7ff573e72000 r--s 00013000 08:01 2231218                    /home/fabiano/.m2/repository/it/tidalwave/betterbeansbinding/betterbeansbinding-core/1.3.0/betterbeansbinding-core-1.3.0.jar
7ff573e72000-7ff573e74000 r--s 00005000 08:01 2231212                    /home/fabiano/.m2/repository/xpp3/xpp3_min/1.1.4c/xpp3_min-1.1.4c.jar
7ff573e74000-7ff573e75000 r--s 00001000 08:01 2231211                    /home/fabiano/.m2/repository/xmlpull/xmlpull/1.1.3.1/xmlpull-1.1.3.1.jar
7ff573e75000-7ff573e7a000 r--s 00046000 08:01 3017416                    /home/fabiano/downloads/iaikPkcs11Wrapper_1_2_18/bin/iaikPkcs11Wrapper.jar
7ff573e7a000-7ff573e82000 rw-s 00000000 08:01 1975391                    /tmp/hsperfdata_fabiano/18696
7ff573e82000-7ff573e83000 rw-p 00000000 00:00 0 
7ff573e83000-7ff573e84000 r--p 00000000 00:00 0 
7ff573e84000-7ff573e86000 rw-p 00000000 00:00 0 
7ff573e86000-7ff573e87000 r--p 00022000 08:01 2359577                    /lib/x86_64-linux-gnu/ld-2.17.so
7ff573e87000-7ff573e89000 rw-p 00023000 08:01 2359577                    /lib/x86_64-linux-gnu/ld-2.17.so
7fff9dbfc000-7fff9dc1e000 rw-p 00000000 00:00 0                          [stack]
7fff9dde8000-7fff9ddea000 r-xp 00000000 00:00 0                          [vdso]
ffffffffff600000-ffffffffff601000 r-xp 00000000 00:00 0                  [vsyscall]

VM Arguments:
jvm_args: -Dfile.encoding=UTF-8 
java_command: tc.fab.firma.Main
Launcher Type: SUN_STANDARD

Environment Variables:
PATH=/usr/lib/lightdm/lightdm:/usr/local/sbin:/usr/local/bin:/usr/sbin:/usr/bin:/sbin:/bin:/usr/games:/usr/local/games
SHELL=/bin/zsh
DISPLAY=:0

Signal Handlers:
SIGSEGV: [libjvm.so+0x8a5d70], sa_mask[0]=0x7ffbfeff, sa_flags=0x10000004
SIGBUS: [libjvm.so+0x8a5d70], sa_mask[0]=0x7ffbfeff, sa_flags=0x10000004
SIGFPE: [libjvm.so+0x741e50], sa_mask[0]=0x7ffbfeff, sa_flags=0x10000004
SIGPIPE: SIG_IGN, sa_mask[0]=0x00001000, sa_flags=0x10000000
SIGXFSZ: [libjvm.so+0x741e50], sa_mask[0]=0x7ffbfeff, sa_flags=0x10000004
SIGILL: [libjvm.so+0x741e50], sa_mask[0]=0x7ffbfeff, sa_flags=0x10000004
SIGUSR1: SIG_DFL, sa_mask[0]=0x00000000, sa_flags=0x00000000
SIGUSR2: [libjvm.so+0x7417a0], sa_mask[0]=0x00000004, sa_flags=0x10000004
SIGHUP: [libjvm.so+0x743b30], sa_mask[0]=0x7ffbfeff, sa_flags=0x10000004
SIGINT: [libjvm.so+0x743b30], sa_mask[0]=0x7ffbfeff, sa_flags=0x10000004
SIGTERM: [libjvm.so+0x743b30], sa_mask[0]=0x7ffbfeff, sa_flags=0x10000004
SIGQUIT: [libjvm.so+0x743b30], sa_mask[0]=0x7ffbfeff, sa_flags=0x10000004


---------------  S Y S T E M  ---------------

OS:wheezy/sid

uname:Linux 3.8.0-7-generic #15-Ubuntu SMP Thu Feb 21 20:07:18 UTC 2013 x86_64
libc:glibc 2.17 NPTL 2.17 
rlimit: STACK 8192k, CORE 0k, NPROC 62959, NOFILE 4096, AS infinity
load average:0,58 0,35 0,29

/proc/meminfo:
MemTotal:        8077852 kB
MemFree:          865720 kB
Buffers:          201844 kB
Cached:          4528164 kB
SwapCached:            0 kB
Active:          4118704 kB
Inactive:        2754404 kB
Active(anon):    2158168 kB
Inactive(anon):   602632 kB
Active(file):    1960536 kB
Inactive(file):  2151772 kB
Unevictable:          32 kB
Mlocked:              32 kB
SwapTotal:             0 kB
SwapFree:              0 kB
Dirty:               656 kB
Writeback:             0 kB
AnonPages:       2143808 kB
Mapped:           340168 kB
Shmem:            617484 kB
Slab:             221744 kB
SReclaimable:     189572 kB
SUnreclaim:        32172 kB
KernelStack:        4480 kB
PageTables:        32224 kB
NFS_Unstable:          0 kB
Bounce:                0 kB
WritebackTmp:          0 kB
CommitLimit:     4038924 kB
Committed_AS:    6403912 kB
VmallocTotal:   34359738367 kB
VmallocUsed:      551252 kB
VmallocChunk:   34359181276 kB
HardwareCorrupted:     0 kB
AnonHugePages:         0 kB
HugePages_Total:       0
HugePages_Free:        0
HugePages_Rsvd:        0
HugePages_Surp:        0
Hugepagesize:       2048 kB
DirectMap4k:      157696 kB
DirectMap2M:     8138752 kB


CPU:total 4 (2 cores per cpu, 2 threads per core) family 6 model 58 stepping 9, cmov, cx8, fxsr, mmx, sse, sse2, sse3, ssse3, sse4.1, sse4.2, popcnt, avx, ht, tsc, tscinvbit, tscinv

/proc/cpuinfo:
processor	: 0
vendor_id	: GenuineIntel
cpu family	: 6
model		: 58
model name	: Intel(R) Core(TM) i5-3317U CPU @ 1.70GHz
stepping	: 9
microcode	: 0x12
cpu MHz		: 1701.000
cache size	: 3072 KB
physical id	: 0
siblings	: 4
core id		: 0
cpu cores	: 2
apicid		: 0
initial apicid	: 0
fpu		: yes
fpu_exception	: yes
cpuid level	: 13
wp		: yes
flags		: fpu vme de pse tsc msr pae mce cx8 apic sep mtrr pge mca cmov pat pse36 clflush dts acpi mmx fxsr sse sse2 ss ht tm pbe syscall nx rdtscp lm constant_tsc arch_perfmon pebs bts rep_good nopl xtopology nonstop_tsc aperfmperf eagerfpu pni pclmulqdq dtes64 monitor ds_cpl vmx est tm2 ssse3 cx16 xtpr pdcm pcid sse4_1 sse4_2 x2apic popcnt tsc_deadline_timer aes xsave avx f16c rdrand lahf_lm ida arat epb xsaveopt pln pts dtherm tpr_shadow vnmi flexpriority ept vpid fsgsbase smep erms
bogomips	: 3392.18
clflush size	: 64
cache_alignment	: 64
address sizes	: 36 bits physical, 48 bits virtual
power management:

processor	: 1
vendor_id	: GenuineIntel
cpu family	: 6
model		: 58
model name	: Intel(R) Core(TM) i5-3317U CPU @ 1.70GHz
stepping	: 9
microcode	: 0x12
cpu MHz		: 1701.000
cache size	: 3072 KB
physical id	: 0
siblings	: 4
core id		: 0
cpu cores	: 2
apicid		: 1
initial apicid	: 1
fpu		: yes
fpu_exception	: yes
cpuid level	: 13
wp		: yes
flags		: fpu vme de pse tsc msr pae mce cx8 apic sep mtrr pge mca cmov pat pse36 clflush dts acpi mmx fxsr sse sse2 ss ht tm pbe syscall nx rdtscp lm constant_tsc arch_perfmon pebs bts rep_good nopl xtopology nonstop_tsc aperfmperf eagerfpu pni pclmulqdq dtes64 monitor ds_cpl vmx est tm2 ssse3 cx16 xtpr pdcm pcid sse4_1 sse4_2 x2apic popcnt tsc_deadline_timer aes xsave avx f16c rdrand lahf_lm ida arat epb xsaveopt pln pts dtherm tpr_shadow vnmi flexpriority ept vpid fsgsbase smep erms
bogomips	: 3392.18
clflush size	: 64
cache_alignment	: 64
address sizes	: 36 bits physical, 48 bits virtual
power management:

processor	: 2
vendor_id	: GenuineIntel
cpu family	: 6
model		: 58
model name	: Intel(R) Core(TM) i5-3317U CPU @ 1.70GHz
stepping	: 9
microcode	: 0x12
cpu MHz		: 1701.000
cache size	: 3072 KB
physical id	: 0
siblings	: 4
core id		: 1
cpu cores	: 2
apicid		: 2
initial apicid	: 2
fpu		: yes
fpu_exception	: yes
cpuid level	: 13
wp		: yes
flags		: fpu vme de pse tsc msr pae mce cx8 apic sep mtrr pge mca cmov pat pse36 clflush dts acpi mmx fxsr sse sse2 ss ht tm pbe syscall nx rdtscp lm constant_tsc arch_perfmon pebs bts rep_good nopl xtopology nonstop_tsc aperfmperf eagerfpu pni pclmulqdq dtes64 monitor ds_cpl vmx est tm2 ssse3 cx16 xtpr pdcm pcid sse4_1 sse4_2 x2apic popcnt tsc_deadline_timer aes xsave avx f16c rdrand lahf_lm ida arat epb xsaveopt pln pts dtherm tpr_shadow vnmi flexpriority ept vpid fsgsbase smep erms
bogomips	: 3392.18
clflush size	: 64
cache_alignment	: 64
address sizes	: 36 bits physical, 48 bits virtual
power management:

processor	: 3
vendor_id	: GenuineIntel
cpu family	: 6
model		: 58
model name	: Intel(R) Core(TM) i5-3317U CPU @ 1.70GHz
stepping	: 9
microcode	: 0x12
cpu MHz		: 1400.000
cache size	: 3072 KB
physical id	: 0
siblings	: 4
core id		: 1
cpu cores	: 2
apicid		: 3
initial apicid	: 3
fpu		: yes
fpu_exception	: yes
cpuid level	: 13
wp		: yes
flags		: fpu vme de pse tsc msr pae mce cx8 apic sep mtrr pge mca cmov pat pse36 clflush dts acpi mmx fxsr sse sse2 ss ht tm pbe syscall nx rdtscp lm constant_tsc arch_perfmon pebs bts rep_good nopl xtopology nonstop_tsc aperfmperf eagerfpu pni pclmulqdq dtes64 monitor ds_cpl vmx est tm2 ssse3 cx16 xtpr pdcm pcid sse4_1 sse4_2 x2apic popcnt tsc_deadline_timer aes xsave avx f16c rdrand lahf_lm ida arat epb xsaveopt pln pts dtherm tpr_shadow vnmi flexpriority ept vpid fsgsbase smep erms
bogomips	: 3392.18
clflush size	: 64
cache_alignment	: 64
address sizes	: 36 bits physical, 48 bits virtual
power management:



Memory: 4k page, physical 8077852k(865720k free), swap 0k(0k free)

vm_info: Java HotSpot(TM) 64-Bit Server VM (23.7-b01) for linux-amd64 JRE (1.7.0_15-b03), built on Feb 15 2013 13:03:43 by "java_re" with gcc 4.3.0 20080428 (Red Hat 4.3.0-8)

time: Sun Feb 24 01:57:16 2013
elapsed time: 5 seconds

